2020-09-20 16:16:01 [main] INFO  c.q.c.QdmCareGiverClientsApplication - Starting QdmCareGiverClientsApplication v0.0.1-SNAPSHOT on ANQDEV with PID 54862 (/home/anqdevqdm1-admin/QDM/qdm-care-giver-clients/target/qdm-care-giver-clients-0.0.1-SNAPSHOT.jar started by anqdevqdm1-admin in /home/anqdevqdm1-admin/QDM/qdm-care-giver-clients)
2020-09-20 16:16:01 [main] DEBUG c.q.c.QdmCareGiverClientsApplication - Running with Spring Boot v2.3.2.RELEASE, Spring v5.2.8.RELEASE
2020-09-20 16:16:01 [main] INFO  c.q.c.QdmCareGiverClientsApplication - The following profiles are active: dev
2020-09-20 16:16:07 [main] INFO  c.q.c.QdmCareGiverClientsApplication - Started QdmCareGiverClientsApplication in 6.018 seconds (JVM running for 6.805)
2020-09-20 16:58:39 [http-nio-8444-exec-1] ERROR c.q.c.c.controller.ClientController - Error Occured At getClientsLists : could not extract ResultSet; SQL [n/a]; nested exception is org.hibernate.exception.SQLGrammarException: could not extract ResultSet
2020-09-20 21:15:13 [http-nio-8444-exec-2] ERROR c.q.c.c.controller.ClientController - Error Occured At getClientsLists : could not extract ResultSet; SQL [n/a]; nested exception is org.hibernate.exception.SQLGrammarException: could not extract ResultSet
2020-09-20 21:15:32 [http-nio-8444-exec-3] ERROR c.q.c.c.controller.ClientController - Error Occured At getClientsLists : could not extract ResultSet; SQL [n/a]; nested exception is org.hibernate.exception.SQLGrammarException: could not extract ResultSet
2020-09-20 21:15:35 [http-nio-8444-exec-4] ERROR c.q.c.c.controller.ClientController - Error Occured At getClientsLists : could not extract ResultSet; SQL [n/a]; nested exception is org.hibernate.exception.SQLGrammarException: could not extract ResultSet
2020-09-20 21:17:09 [http-nio-8444-exec-5] ERROR c.q.c.c.controller.ClientController - Error Occured At getClientsLists : could not extract ResultSet; SQL [n/a]; nested exception is org.hibernate.exception.SQLGrammarException: could not extract ResultSet
2020-09-20 21:19:43 [http-nio-8444-exec-6] ERROR c.q.c.c.controller.ClientController - Error Occured At getClientsLists : could not extract ResultSet; SQL [n/a]; nested exception is org.hibernate.exception.SQLGrammarException: could not extract ResultSet
2020-09-20 21:21:06 [http-nio-8444-exec-7] ERROR c.q.c.c.controller.ClientController - Error Occured At getClientsLists : could not extract ResultSet; SQL [n/a]; nested exception is org.hibernate.exception.SQLGrammarException: could not extract ResultSet
2020-09-20 21:22:16 [http-nio-8444-exec-8] ERROR c.q.c.c.controller.ClientController - Error Occured At getClientsLists : could not extract ResultSet; SQL [n/a]; nested exception is org.hibernate.exception.SQLGrammarException: could not extract ResultSet
2020-09-20 21:37:14 [http-nio-8444-exec-9] ERROR c.q.c.c.controller.ClientController - Error Occured At getClientsLists : could not extract ResultSet; SQL [n/a]; nested exception is org.hibernate.exception.SQLGrammarException: could not extract ResultSet
2020-09-20 21:38:58 [http-nio-8444-exec-10] ERROR c.q.c.c.controller.ClientController - Error Occured At getClientsLists : could not extract ResultSet; SQL [n/a]; nested exception is org.hibernate.exception.SQLGrammarException: could not extract ResultSet
2020-09-20 21:40:19 [http-nio-8444-exec-1] ERROR c.q.c.c.controller.ClientController - Error Occured At getClientsLists : could not extract ResultSet; SQL [n/a]; nested exception is org.hibernate.exception.SQLGrammarException: could not extract ResultSet
2020-09-20 21:41:02 [http-nio-8444-exec-2] ERROR c.q.c.c.controller.ClientController - Error Occured At getClientsLists : could not extract ResultSet; SQL [n/a]; nested exception is org.hibernate.exception.SQLGrammarException: could not extract ResultSet
2020-09-20 21:46:56 [http-nio-8444-exec-3] ERROR c.q.c.c.controller.ClientController - Error Occured At getClientsLists : could not extract ResultSet; SQL [n/a]; nested exception is org.hibernate.exception.SQLGrammarException: could not extract ResultSet
2020-09-20 21:47:35 [http-nio-8444-exec-4] ERROR c.q.c.c.controller.ClientController - Error Occured At getClientsLists : could not extract ResultSet; SQL [n/a]; nested exception is org.hibernate.exception.SQLGrammarException: could not extract ResultSet
2020-09-20 21:49:54 [http-nio-8444-exec-5] ERROR c.q.c.c.controller.ClientController - Error Occured At getClientsLists : could not extract ResultSet; SQL [n/a]; nested exception is org.hibernate.exception.SQLGrammarException: could not extract ResultSet
2020-09-20 21:52:09 [http-nio-8444-exec-6] ERROR c.q.c.c.controller.ClientController - Error Occured At getClientsLists : could not extract ResultSet; SQL [n/a]; nested exception is org.hibernate.exception.SQLGrammarException: could not extract ResultSet
2020-09-20 22:00:09 [http-nio-8444-exec-7] ERROR c.q.c.c.controller.ClientController - Error Occured At getClientsLists : could not extract ResultSet; SQL [n/a]; nested exception is org.hibernate.exception.SQLGrammarException: could not extract ResultSet
2020-09-20 22:00:37 [http-nio-8444-exec-8] ERROR c.q.c.c.controller.ClientController - Error Occured At getClientsLists : could not extract ResultSet; SQL [n/a]; nested exception is org.hibernate.exception.SQLGrammarException: could not extract ResultSet
2020-09-20 22:00:53 [http-nio-8444-exec-9] ERROR c.q.c.c.controller.ClientController - Error Occured At getClientsLists : could not extract ResultSet; SQL [n/a]; nested exception is org.hibernate.exception.SQLGrammarException: could not extract ResultSet
2020-09-20 22:00:55 [http-nio-8444-exec-10] ERROR c.q.c.c.controller.ClientController - Error Occured At getClientsLists : could not extract ResultSet; SQL [n/a]; nested exception is org.hibernate.exception.SQLGrammarException: could not extract ResultSet
2020-09-20 22:04:52 [http-nio-8444-exec-1] ERROR c.q.c.c.controller.ClientController - Error Occured At getClientsLists : could not extract ResultSet; SQL [n/a]; nested exception is org.hibernate.exception.SQLGrammarException: could not extract ResultSet
2020-09-20 22:05:08 [http-nio-8444-exec-2] ERROR c.q.c.c.controller.ClientController - Error Occured At getClientsLists : could not extract ResultSet; SQL [n/a]; nested exception is org.hibernate.exception.SQLGrammarException: could not extract ResultSet
2020-09-20 22:07:28 [http-nio-8444-exec-3] ERROR c.q.c.c.controller.ClientController - Error Occured At getClientsLists : could not extract ResultSet; SQL [n/a]; nested exception is org.hibernate.exception.SQLGrammarException: could not extract ResultSet
2020-09-20 22:08:46 [http-nio-8444-exec-4] ERROR c.q.c.c.controller.ClientController - Error Occured At getClientsLists : could not extract ResultSet; SQL [n/a]; nested exception is org.hibernate.exception.SQLGrammarException: could not extract ResultSet
2020-09-20 22:09:07 [http-nio-8444-exec-5] ERROR c.q.c.c.controller.ClientController - Error Occured At getClientsLists : could not extract ResultSet; SQL [n/a]; nested exception is org.hibernate.exception.SQLGrammarException: could not extract ResultSet
2020-09-20 22:09:16 [http-nio-8444-exec-6] ERROR c.q.c.c.controller.ClientController - Error Occured At getClientsLists : could not extract ResultSet; SQL [n/a]; nested exception is org.hibernate.exception.SQLGrammarException: could not extract ResultSet
2020-09-20 22:09:26 [http-nio-8444-exec-7] ERROR c.q.c.c.controller.ClientController - Error Occured At getClientsLists : could not extract ResultSet; SQL [n/a]; nested exception is org.hibernate.exception.SQLGrammarException: could not extract ResultSet
2020-09-20 22:09:35 [http-nio-8444-exec-8] ERROR c.q.c.c.controller.ClientController - Error Occured At getClientsLists : could not extract ResultSet; SQL [n/a]; nested exception is org.hibernate.exception.SQLGrammarException: could not extract ResultSet
2020-09-20 22:11:24 [http-nio-8444-exec-9] ERROR c.q.c.c.controller.ClientController - Error Occured At getClientsLists : could not extract ResultSet; SQL [n/a]; nested exception is org.hibernate.exception.SQLGrammarException: could not extract ResultSet
2020-09-20 22:12:33 [http-nio-8444-exec-10] ERROR c.q.c.c.controller.ClientController - Error Occured At getClientsLists : could not extract ResultSet; SQL [n/a]; nested exception is org.hibernate.exception.SQLGrammarException: could not extract ResultSet
2020-09-20 22:21:33 [http-nio-8444-exec-1] ERROR c.q.c.c.controller.ClientController - Error Occured At getClientsLists : could not extract ResultSet; SQL [n/a]; nested exception is org.hibernate.exception.SQLGrammarException: could not extract ResultSet
2020-09-20 22:25:19 [http-nio-8444-exec-2] ERROR c.q.c.c.controller.ClientController - Error Occured At getClientsLists : could not extract ResultSet; SQL [n/a]; nested exception is org.hibernate.exception.SQLGrammarException: could not extract ResultSet
2020-09-20 22:29:19 [http-nio-8444-exec-3] ERROR c.q.c.c.controller.ClientController - Error Occured At getClientsLists : could not extract ResultSet; SQL [n/a]; nested exception is org.hibernate.exception.SQLGrammarException: could not extract ResultSet
2020-09-20 22:31:29 [http-nio-8444-exec-4] ERROR c.q.c.c.controller.ClientController - Error Occured At getClientsLists : could not extract ResultSet; SQL [n/a]; nested exception is org.hibernate.exception.SQLGrammarException: could not extract ResultSet
2020-09-20 22:36:54 [http-nio-8444-exec-5] ERROR c.q.c.c.controller.ClientController - Error Occured At getClientsLists : could not extract ResultSet; SQL [n/a]; nested exception is org.hibernate.exception.SQLGrammarException: could not extract ResultSet
2020-09-20 22:40:00 [http-nio-8444-exec-6] ERROR c.q.c.c.controller.ClientController - Error Occured At getClientsLists : could not extract ResultSet; SQL [n/a]; nested exception is org.hibernate.exception.SQLGrammarException: could not extract ResultSet
2020-09-20 22:43:39 [http-nio-8444-exec-7] ERROR c.q.c.c.controller.ClientController - Error Occured At getClientsLists : could not extract ResultSet; SQL [n/a]; nested exception is org.hibernate.exception.SQLGrammarException: could not extract ResultSet
2020-09-20 22:47:02 [http-nio-8444-exec-8] ERROR c.q.c.c.controller.ClientController - Error Occured At getClientsLists : could not extract ResultSet; SQL [n/a]; nested exception is org.hibernate.exception.SQLGrammarException: could not extract ResultSet
2020-09-20 22:47:15 [http-nio-8444-exec-9] ERROR c.q.c.c.controller.ClientController - Error Occured At getClientsLists : could not extract ResultSet; SQL [n/a]; nested exception is org.hibernate.exception.SQLGrammarException: could not extract ResultSet
2020-09-20 22:47:38 [http-nio-8444-exec-10] ERROR c.q.c.c.controller.ClientController - Error Occured At getClientsLists : could not extract ResultSet; SQL [n/a]; nested exception is org.hibernate.exception.SQLGrammarException: could not extract ResultSet
2020-09-20 22:48:09 [http-nio-8444-exec-1] ERROR c.q.c.c.controller.ClientController - Error Occured At getClientsLists : could not extract ResultSet; SQL [n/a]; nested exception is org.hibernate.exception.SQLGrammarException: could not extract ResultSet
2020-09-20 22:48:39 [http-nio-8444-exec-2] ERROR c.q.c.c.controller.ClientController - Error Occured At getClientsLists : could not extract ResultSet; SQL [n/a]; nested exception is org.hibernate.exception.SQLGrammarException: could not extract ResultSet
2020-09-20 22:49:04 [http-nio-8444-exec-3] ERROR c.q.c.c.controller.ClientController - Error Occured At getClientsLists : could not extract ResultSet; SQL [n/a]; nested exception is org.hibernate.exception.SQLGrammarException: could not extract ResultSet
2020-09-20 22:54:27 [http-nio-8444-exec-4] ERROR c.q.c.c.controller.ClientController - Error Occured At getClientsLists : could not extract ResultSet; SQL [n/a]; nested exception is org.hibernate.exception.SQLGrammarException: could not extract ResultSet
2020-09-20 22:55:33 [http-nio-8444-exec-5] ERROR c.q.c.c.controller.ClientController - Error Occured At getClientsLists : could not extract ResultSet; SQL [n/a]; nested exception is org.hibernate.exception.SQLGrammarException: could not extract ResultSet
2020-09-20 22:58:47 [http-nio-8444-exec-6] ERROR c.q.c.c.controller.ClientController - Error Occured At getClientsLists : could not extract ResultSet; SQL [n/a]; nested exception is org.hibernate.exception.SQLGrammarException: could not extract ResultSet
2020-09-20 22:59:51 [http-nio-8444-exec-7] ERROR c.q.c.c.controller.ClientController - Error Occured At getClientsLists : could not extract ResultSet; SQL [n/a]; nested exception is org.hibernate.exception.SQLGrammarException: could not extract ResultSet
2020-09-20 23:00:42 [http-nio-8444-exec-8] ERROR c.q.c.c.controller.ClientController - Error Occured At getClientsLists : could not extract ResultSet; SQL [n/a]; nested exception is org.hibernate.exception.SQLGrammarException: could not extract ResultSet
2020-09-20 23:08:55 [http-nio-8444-exec-9] ERROR c.q.c.c.controller.ClientController - Error Occured At getClientsLists : could not extract ResultSet; SQL [n/a]; nested exception is org.hibernate.exception.SQLGrammarException: could not extract ResultSet
2020-09-20 23:09:16 [http-nio-8444-exec-10] ERROR c.q.c.c.controller.ClientController - Error Occured At getClientsLists : could not extract ResultSet; SQL [n/a]; nested exception is org.hibernate.exception.SQLGrammarException: could not extract ResultSet
2020-09-20 23:13:36 [http-nio-8444-exec-1] ERROR c.q.c.c.controller.ClientController - Error Occured At getClientsLists : could not extract ResultSet; SQL [n/a]; nested exception is org.hibernate.exception.SQLGrammarException: could not extract ResultSet
2020-09-20 23:18:48 [http-nio-8444-exec-2] ERROR c.q.c.c.controller.ClientController - Error Occured At getClientsLists : could not extract ResultSet; SQL [n/a]; nested exception is org.hibernate.exception.SQLGrammarException: could not extract ResultSet
2020-09-20 23:19:18 [http-nio-8444-exec-3] ERROR c.q.c.c.controller.ClientController - Error Occured At getClientsLists : could not extract ResultSet; SQL [n/a]; nested exception is org.hibernate.exception.SQLGrammarException: could not extract ResultSet
2020-09-20 23:20:01 [http-nio-8444-exec-4] ERROR c.q.c.c.controller.ClientController - Error Occured At getClientsLists : could not extract ResultSet; SQL [n/a]; nested exception is org.hibernate.exception.SQLGrammarException: could not extract ResultSet
2020-09-20 23:20:13 [http-nio-8444-exec-5] ERROR c.q.c.c.controller.ClientController - Error Occured At getClientsLists : could not extract ResultSet; SQL [n/a]; nested exception is org.hibernate.exception.SQLGrammarException: could not extract ResultSet
2020-09-20 23:23:22 [http-nio-8444-exec-6] ERROR c.q.c.c.controller.ClientController - Error Occured At getClientsLists : could not extract ResultSet; SQL [n/a]; nested exception is org.hibernate.exception.SQLGrammarException: could not extract ResultSet
2020-09-20 23:24:30 [http-nio-8444-exec-7] ERROR c.q.c.c.controller.ClientController - Error Occured At getClientsLists : could not extract ResultSet; SQL [n/a]; nested exception is org.hibernate.exception.SQLGrammarException: could not extract ResultSet
2020-09-20 23:24:48 [http-nio-8444-exec-8] ERROR c.q.c.c.controller.ClientController - Error Occured At getClientsLists : could not extract ResultSet; SQL [n/a]; nested exception is org.hibernate.exception.SQLGrammarException: could not extract ResultSet
2020-09-20 23:34:26 [http-nio-8444-exec-9] ERROR c.q.c.c.controller.ClientController - Error Occured At getClientsLists : could not extract ResultSet; SQL [n/a]; nested exception is org.hibernate.exception.SQLGrammarException: could not extract ResultSet
2020-09-20 23:34:40 [http-nio-8444-exec-10] ERROR c.q.c.c.controller.ClientController - Error Occured At getClientsLists : could not extract ResultSet; SQL [n/a]; nested exception is org.hibernate.exception.SQLGrammarException: could not extract ResultSet
2020-09-20 23:50:24 [http-nio-8444-exec-1] ERROR c.q.c.c.controller.ClientController - Error Occured At getClientsLists : could not extract ResultSet; SQL [n/a]; nested exception is org.hibernate.exception.SQLGrammarException: could not extract ResultSet
2020-09-20 23:50:54 [http-nio-8444-exec-2] ERROR c.q.c.c.controller.ClientController - Error Occured At getClientsLists : could not extract ResultSet; SQL [n/a]; nested exception is org.hibernate.exception.SQLGrammarException: could not extract ResultSet
2020-09-20 23:51:28 [http-nio-8444-exec-3] ERROR c.q.c.c.controller.ClientController - Error Occured At getClientsLists : could not extract ResultSet; SQL [n/a]; nested exception is org.hibernate.exception.SQLGrammarException: could not extract ResultSet
2020-09-20 23:51:30 [http-nio-8444-exec-4] ERROR c.q.c.c.controller.ClientController - Error Occured At getClientsLists : could not extract ResultSet; SQL [n/a]; nested exception is org.hibernate.exception.SQLGrammarException: could not extract ResultSet
2020-09-20 23:51:33 [http-nio-8444-exec-5] ERROR c.q.c.c.controller.ClientController - Error Occured At getClientsLists : could not extract ResultSet; SQL [n/a]; nested exception is org.hibernate.exception.SQLGrammarException: could not extract ResultSet
2020-09-20 23:51:36 [http-nio-8444-exec-6] ERROR c.q.c.c.controller.ClientController - Error Occured At getClientsLists : could not extract ResultSet; SQL [n/a]; nested exception is org.hibernate.exception.SQLGrammarException: could not extract ResultSet
2020-09-20 23:51:39 [http-nio-8444-exec-7] ERROR c.q.c.c.controller.ClientController - Error Occured At getClientsLists : could not extract ResultSet; SQL [n/a]; nested exception is org.hibernate.exception.SQLGrammarException: could not extract ResultSet
2020-09-20 23:51:41 [http-nio-8444-exec-8] ERROR c.q.c.c.controller.ClientController - Error Occured At getClientsLists : could not extract ResultSet; SQL [n/a]; nested exception is org.hibernate.exception.SQLGrammarException: could not extract ResultSet
