2020-09-22 14:03:00 [restartedMain] INFO  c.q.c.QdmCareGiverClientsApplication - Starting QdmCareGiverClientsApplication on DESKTOP-JUID77J with PID 1920 (D:\prodian\QDM\qdm-care-giver-clients\target\classes started by Arul in D:\prodian\QDM\qdm-care-giver-clients)
2020-09-22 14:03:00 [restartedMain] DEBUG c.q.c.QdmCareGiverClientsApplication - Running with Spring Boot v2.3.2.RELEASE, Spring v5.2.8.RELEASE
2020-09-22 14:03:00 [restartedMain] INFO  c.q.c.QdmCareGiverClientsApplication - The following profiles are active: dev
2020-09-22 14:03:16 [restartedMain] INFO  c.q.c.QdmCareGiverClientsApplication - Started QdmCareGiverClientsApplication in 18.234 seconds (JVM running for 19.841)
2020-09-22 14:08:22 [restartedMain] INFO  c.q.c.QdmCareGiverClientsApplication - Starting QdmCareGiverClientsApplication on DESKTOP-JUID77J with PID 1920 (D:\prodian\QDM\qdm-care-giver-clients\target\classes started by Arul in D:\prodian\QDM\qdm-care-giver-clients)
2020-09-22 14:08:22 [restartedMain] DEBUG c.q.c.QdmCareGiverClientsApplication - Running with Spring Boot v2.3.2.RELEASE, Spring v5.2.8.RELEASE
2020-09-22 14:08:22 [restartedMain] INFO  c.q.c.QdmCareGiverClientsApplication - The following profiles are active: dev
2020-09-22 14:08:27 [restartedMain] INFO  c.q.c.QdmCareGiverClientsApplication - Started QdmCareGiverClientsApplication in 4.84 seconds (JVM running for 330.36)
2020-09-22 14:15:34 [restartedMain] INFO  c.q.c.QdmCareGiverClientsApplication - Starting QdmCareGiverClientsApplication on DESKTOP-JUID77J with PID 9032 (D:\prodian\QDM\qdm-care-giver-clients\target\classes started by Arul in D:\prodian\QDM\qdm-care-giver-clients)
2020-09-22 14:15:34 [restartedMain] DEBUG c.q.c.QdmCareGiverClientsApplication - Running with Spring Boot v2.3.2.RELEASE, Spring v5.2.8.RELEASE
2020-09-22 14:15:34 [restartedMain] INFO  c.q.c.QdmCareGiverClientsApplication - The following profiles are active: dev
2020-09-22 14:15:45 [restartedMain] INFO  c.q.c.QdmCareGiverClientsApplication - Started QdmCareGiverClientsApplication in 12.034 seconds (JVM running for 13.473)
2020-09-22 14:18:25 [http-nio-8444-exec-4] INFO  c.q.c.c.c.ManageClientsController - Reports for Client ID 1
2020-09-22 14:18:47 [http-nio-8444-exec-3] INFO  c.q.c.c.c.ManageClientsController - Reports for Client ID 1
2020-09-22 14:18:55 [http-nio-8444-exec-2] INFO  c.q.c.c.c.ManageClientsController - Reports for Client ID 2
2020-09-22 14:20:33 [restartedMain] INFO  c.q.c.QdmCareGiverClientsApplication - Starting QdmCareGiverClientsApplication on DESKTOP-JUID77J with PID 9032 (D:\prodian\QDM\qdm-care-giver-clients\target\classes started by Arul in D:\prodian\QDM\qdm-care-giver-clients)
2020-09-22 14:20:33 [restartedMain] DEBUG c.q.c.QdmCareGiverClientsApplication - Running with Spring Boot v2.3.2.RELEASE, Spring v5.2.8.RELEASE
2020-09-22 14:20:33 [restartedMain] INFO  c.q.c.QdmCareGiverClientsApplication - The following profiles are active: dev
2020-09-22 14:20:36 [restartedMain] INFO  c.q.c.QdmCareGiverClientsApplication - Started QdmCareGiverClientsApplication in 3.576 seconds (JVM running for 305.105)
2020-09-22 14:20:53 [restartedMain] INFO  c.q.c.QdmCareGiverClientsApplication - Starting QdmCareGiverClientsApplication on DESKTOP-JUID77J with PID 9032 (D:\prodian\QDM\qdm-care-giver-clients\target\classes started by Arul in D:\prodian\QDM\qdm-care-giver-clients)
2020-09-22 14:20:53 [restartedMain] DEBUG c.q.c.QdmCareGiverClientsApplication - Running with Spring Boot v2.3.2.RELEASE, Spring v5.2.8.RELEASE
2020-09-22 14:20:53 [restartedMain] INFO  c.q.c.QdmCareGiverClientsApplication - The following profiles are active: dev
2020-09-22 14:20:57 [restartedMain] INFO  c.q.c.QdmCareGiverClientsApplication - Started QdmCareGiverClientsApplication in 4.241 seconds (JVM running for 325.506)
2020-09-22 14:21:09 [restartedMain] INFO  c.q.c.QdmCareGiverClientsApplication - Starting QdmCareGiverClientsApplication on DESKTOP-JUID77J with PID 9032 (D:\prodian\QDM\qdm-care-giver-clients\target\classes started by Arul in D:\prodian\QDM\qdm-care-giver-clients)
2020-09-22 14:21:09 [restartedMain] DEBUG c.q.c.QdmCareGiverClientsApplication - Running with Spring Boot v2.3.2.RELEASE, Spring v5.2.8.RELEASE
2020-09-22 14:21:09 [restartedMain] INFO  c.q.c.QdmCareGiverClientsApplication - The following profiles are active: dev
2020-09-22 14:21:12 [restartedMain] INFO  c.q.c.QdmCareGiverClientsApplication - Started QdmCareGiverClientsApplication in 2.846 seconds (JVM running for 340.578)
2020-09-22 14:21:17 [restartedMain] INFO  c.q.c.QdmCareGiverClientsApplication - Starting QdmCareGiverClientsApplication on DESKTOP-JUID77J with PID 9032 (D:\prodian\QDM\qdm-care-giver-clients\target\classes started by Arul in D:\prodian\QDM\qdm-care-giver-clients)
2020-09-22 14:21:17 [restartedMain] DEBUG c.q.c.QdmCareGiverClientsApplication - Running with Spring Boot v2.3.2.RELEASE, Spring v5.2.8.RELEASE
2020-09-22 14:21:17 [restartedMain] INFO  c.q.c.QdmCareGiverClientsApplication - The following profiles are active: dev
2020-09-22 14:21:19 [restartedMain] INFO  c.q.c.QdmCareGiverClientsApplication - Started QdmCareGiverClientsApplication in 2.674 seconds (JVM running for 348.23)
2020-09-22 14:21:33 [http-nio-8444-exec-3] INFO  c.q.c.c.c.ManageClientsController - Reports for Client ID 2
2020-09-22 14:21:40 [http-nio-8444-exec-4] INFO  c.q.c.c.c.ManageClientsController - Reports for Client ID 1
2020-09-22 14:24:06 [restartedMain] INFO  c.q.c.QdmCareGiverClientsApplication - Starting QdmCareGiverClientsApplication on DESKTOP-JUID77J with PID 9032 (D:\prodian\QDM\qdm-care-giver-clients\target\classes started by Arul in D:\prodian\QDM\qdm-care-giver-clients)
2020-09-22 14:24:06 [restartedMain] DEBUG c.q.c.QdmCareGiverClientsApplication - Running with Spring Boot v2.3.2.RELEASE, Spring v5.2.8.RELEASE
2020-09-22 14:24:06 [restartedMain] INFO  c.q.c.QdmCareGiverClientsApplication - The following profiles are active: dev
2020-09-22 14:24:08 [restartedMain] INFO  c.q.c.QdmCareGiverClientsApplication - Started QdmCareGiverClientsApplication in 2.899 seconds (JVM running for 517.131)
2020-09-22 14:25:30 [restartedMain] INFO  c.q.c.QdmCareGiverClientsApplication - Starting QdmCareGiverClientsApplication on DESKTOP-JUID77J with PID 9032 (D:\prodian\QDM\qdm-care-giver-clients\target\classes started by Arul in D:\prodian\QDM\qdm-care-giver-clients)
2020-09-22 14:25:30 [restartedMain] DEBUG c.q.c.QdmCareGiverClientsApplication - Running with Spring Boot v2.3.2.RELEASE, Spring v5.2.8.RELEASE
2020-09-22 14:25:30 [restartedMain] INFO  c.q.c.QdmCareGiverClientsApplication - The following profiles are active: dev
2020-09-22 14:25:32 [restartedMain] INFO  c.q.c.QdmCareGiverClientsApplication - Started QdmCareGiverClientsApplication in 2.305 seconds (JVM running for 600.973)
2020-09-22 14:26:11 [http-nio-8444-exec-2] INFO  c.q.c.c.c.ManageClientsController - Reports for Client ID 1
2020-09-22 15:31:04 [restartedMain] INFO  c.q.c.QdmCareGiverClientsApplication - Starting QdmCareGiverClientsApplication on DESKTOP-JUID77J with PID 7952 (D:\prodian\QDM\qdm-care-giver-clients\target\classes started by Arul in D:\prodian\QDM\qdm-care-giver-clients)
2020-09-22 15:31:04 [restartedMain] DEBUG c.q.c.QdmCareGiverClientsApplication - Running with Spring Boot v2.3.2.RELEASE, Spring v5.2.8.RELEASE
2020-09-22 15:31:04 [restartedMain] INFO  c.q.c.QdmCareGiverClientsApplication - The following profiles are active: dev
2020-09-22 15:31:13 [restartedMain] INFO  c.q.c.QdmCareGiverClientsApplication - Started QdmCareGiverClientsApplication in 10.512 seconds (JVM running for 11.695)
2020-09-22 15:31:18 [http-nio-8444-exec-1] INFO  c.q.c.c.controller.ClientController - ClientById {ic_number=ic123, subscriptions=[], is_active=Active, address=chennai, occupation=Software developer, gender=Male, health_status_message=John smith Vital signs are abnormal today. Would you like to contact a doctor?, status_type=, mobile_no=99999999, profile_pic=http://localhost:8444/careGiver/clients/downloadFile/4, recent_vital_signs=[{vital_sign=Body Temperature, value=98, color_code=#DC143C, measure_unit=Celsius}, {vital_sign=Blood Pressure, value=Normal, color_code=#008000, measure_unit=Normal}, {vital_sign=Pulse Rate, value=98, color_code=#008000, measure_unit=Bpm}, {vital_sign=Respiration Rate, value=99, color_code=#FCFC0B, measure_unit=Bpm}], mobile_no_isd_code=91, health_information={weight=88, blood_pressure=Normal, height=99, bmi=77}, upcoming_activity=Initial asessment, user_type=Pro, health_status_primary=MEDICAL ATTENTION REQUIRED!, passport_number=pass123, name=John smith, id=1, special_precaution=[precaution1, precaution2], age=23, email=john@gmail.com, medical_diagnosis=test, emergency_contact={contact_name=PETER, mobile_no_isd_code=91, mobile_no=999999999, relationship=friend, email=peter@gmail.com}}
2020-09-22 15:31:27 [http-nio-8444-exec-3] INFO  c.q.c.c.controller.ClientController - ClientById {ic_number=ic123, subscriptions=[], is_active=Active, address=chennai, occupation=Software developer, gender=Male, health_status_message=John smith Vital signs are abnormal today. Would you like to contact a doctor?, status_type=, mobile_no=99999999, profile_pic=http://localhost:8444/careGiver/clients/downloadFile/5, recent_vital_signs=[{vital_sign=Body Temperature, value=98, color_code=#DC143C, measure_unit=Celsius}, {vital_sign=Blood Pressure, value=Normal, color_code=#008000, measure_unit=Normal}, {vital_sign=Pulse Rate, value=98, color_code=#008000, measure_unit=Bpm}, {vital_sign=Respiration Rate, value=99, color_code=#FCFC0B, measure_unit=Bpm}], mobile_no_isd_code=91, health_information={weight=88, blood_pressure=Normal, height=99, bmi=77}, upcoming_activity=Initial asessment, user_type=Pro, health_status_primary=MEDICAL ATTENTION REQUIRED!, passport_number=pass123, name=John smith, id=2, special_precaution=[precaution1, precaution2], age=23, email=john@gmail.com, medical_diagnosis=test, emergency_contact={contact_name=PETER, mobile_no_isd_code=91, mobile_no=999999999, relationship=friend, email=peter@gmail.com}}
2020-09-22 15:31:52 [http-nio-8444-exec-4] INFO  c.q.c.c.controller.ClientController - ClientById {ic_number=ic123, subscriptions=[], is_active=Active, address=chennai, occupation=Software developer, gender=Male, health_status_message=John smith Vital signs are abnormal today. Would you like to contact a doctor?, status_type=, mobile_no=99999999, profile_pic=http://localhost:8444/careGiver/clients/downloadFile/4, recent_vital_signs=[{vital_sign=Body Temperature, value=98, color_code=#DC143C, measure_unit=Celsius}, {vital_sign=Blood Pressure, value=Normal, color_code=#008000, measure_unit=Normal}, {vital_sign=Pulse Rate, value=98, color_code=#008000, measure_unit=Bpm}, {vital_sign=Respiration Rate, value=99, color_code=#FCFC0B, measure_unit=Bpm}], mobile_no_isd_code=91, health_information={weight=88, blood_pressure=Normal, height=99, bmi=77}, upcoming_activity=Initial asessment, user_type=Pro, health_status_primary=MEDICAL ATTENTION REQUIRED!, passport_number=pass123, name=John smith, id=1, special_precaution=[precaution1, precaution2], age=23, email=john@gmail.com, medical_diagnosis=test, emergency_contact={contact_name=PETER, mobile_no_isd_code=91, mobile_no=999999999, relationship=friend, email=peter@gmail.com}}
2020-09-22 15:33:52 [http-nio-8444-exec-6] INFO  c.q.c.c.controller.ClientController - Subscription Created Successfully With subscriptionId : 1
2020-09-22 15:33:57 [http-nio-8444-exec-8] INFO  c.q.c.c.controller.ClientController - ClientById {ic_number=ic123, subscriptions=[SubscriptionsViewBean(id=3, subscriptionId=1, subscriptionName=Blood Test Product 02092020 2Monthly, subscriptionDesc=description 02092020 2, subscriptionProfile=null, active=false, subscriptionType=Product, provider=ProviderBean(id=1001, name=Care Provider test, category=OrderDto(value=1, label=Health care), profile_pic=null), subscriptionActive=true, category=OrderDto(value=1, label=Health care))], is_active=Active, address=chennai, occupation=Software developer, gender=Male, health_status_message=John smith Vital signs are abnormal today. Would you like to contact a doctor?, status_type=, mobile_no=99999999, profile_pic=http://localhost:8444/careGiver/clients/downloadFile/4, recent_vital_signs=[{vital_sign=Body Temperature, value=98, color_code=#DC143C, measure_unit=Celsius}, {vital_sign=Blood Pressure, value=Normal, color_code=#008000, measure_unit=Normal}, {vital_sign=Pulse Rate, value=98, color_code=#008000, measure_unit=Bpm}, {vital_sign=Respiration Rate, value=99, color_code=#FCFC0B, measure_unit=Bpm}], mobile_no_isd_code=91, health_information={weight=88, blood_pressure=Normal, height=99, bmi=77}, upcoming_activity=Initial asessment, user_type=Pro, health_status_primary=MEDICAL ATTENTION REQUIRED!, passport_number=pass123, name=John smith, id=1, special_precaution=[precaution1, precaution2], age=23, email=john@gmail.com, medical_diagnosis=test, emergency_contact={contact_name=PETER, mobile_no_isd_code=91, mobile_no=999999999, relationship=friend, email=peter@gmail.com}}
2020-09-22 15:38:54 [http-nio-8444-exec-10] INFO  c.q.c.c.controller.ClientController - Subscription Created Successfully With subscriptionId : 1
2020-09-22 15:39:04 [http-nio-8444-exec-1] INFO  c.q.c.c.controller.ClientController - ClientById {ic_number=ic123, subscriptions=[SubscriptionsViewBean(id=3, subscriptionId=1, subscriptionName=Blood Test Product 02092020 2Monthly, subscriptionDesc=description 02092020 2, subscriptionProfile=null, active=false, subscriptionType=Product, provider=ProviderBean(id=1001, name=Care Provider test, category=OrderDto(value=1, label=Health care), profile_pic=null), subscriptionActive=true, category=OrderDto(value=1, label=Health care)), SubscriptionsViewBean(id=4, subscriptionId=1, subscriptionName=Blood Test Product 02092020 2Monthly, subscriptionDesc=description 02092020 2, subscriptionProfile=null, active=true, subscriptionType=Product, provider=ProviderBean(id=1001, name=Care Provider test, category=OrderDto(value=1, label=Health care), profile_pic=null), subscriptionActive=true, category=OrderDto(value=1, label=Health care))], is_active=Active, address=chennai, occupation=Software developer, gender=Male, health_status_message=John smith Vital signs are abnormal today. Would you like to contact a doctor?, status_type=, mobile_no=99999999, profile_pic=http://localhost:8444/careGiver/clients/downloadFile/4, recent_vital_signs=[{vital_sign=Body Temperature, value=98, color_code=#DC143C, measure_unit=Celsius}, {vital_sign=Blood Pressure, value=Normal, color_code=#008000, measure_unit=Normal}, {vital_sign=Pulse Rate, value=98, color_code=#008000, measure_unit=Bpm}, {vital_sign=Respiration Rate, value=99, color_code=#FCFC0B, measure_unit=Bpm}], mobile_no_isd_code=91, health_information={weight=88, blood_pressure=Normal, height=99, bmi=77}, upcoming_activity=Initial asessment, user_type=Pro, health_status_primary=MEDICAL ATTENTION REQUIRED!, passport_number=pass123, name=John smith, id=1, special_precaution=[precaution1, precaution2], age=23, email=john@gmail.com, medical_diagnosis=test, emergency_contact={contact_name=PETER, mobile_no_isd_code=91, mobile_no=999999999, relationship=friend, email=peter@gmail.com}}
