2020-09-21 10:22:03 [restartedMain] INFO  c.q.c.QdmCareGiverClientsApplication - Starting QdmCareGiverClientsApplication on DESKTOP-JUID77J with PID 16832 (D:\prodian\QDM\qdm-care-giver-clients\target\classes started by Arul in D:\prodian\QDM\qdm-care-giver-clients)
2020-09-21 10:22:03 [restartedMain] DEBUG c.q.c.QdmCareGiverClientsApplication - Running with Spring Boot v2.3.2.RELEASE, Spring v5.2.8.RELEASE
2020-09-21 10:22:03 [restartedMain] INFO  c.q.c.QdmCareGiverClientsApplication - The following profiles are active: dev
2020-09-21 10:22:40 [restartedMain] INFO  c.q.c.QdmCareGiverClientsApplication - Started QdmCareGiverClientsApplication in 39.822 seconds (JVM running for 43.641)
2020-09-21 10:23:11 [http-nio-8444-exec-1] INFO  c.q.c.c.controller.ClientController - ClientById {ic_number=ic123, subscriptions=[], is_active=Active, address=chennai, occupation=Software developer, gender=Male, health_status_message=John smith Vital signs are abnormal today. Would you like to contact a doctor?, status_type=, mobile_no=99999999, profile_pic=http://localhost:8444/careGiver/clients/downloadFile/4, recent_vital_signs=[{vital_sign=Body Temperature, value=98, color_code=#DC143C, measure_unit=Celsius}, {vital_sign=Blood Pressure, value=Normal, color_code=#008000, measure_unit=Normal}, {vital_sign=Pulse Rate, value=98, color_code=#008000, measure_unit=Bpm}, {vital_sign=Respiration Rate, value=99, color_code=#FCFC0B, measure_unit=Bpm}], mobile_no_isd_code=91, health_information={weight=88, blood_pressure=Normal, height=99, bmi=77}, upcoming_activity=Initial asessment, user_type=Pro, health_status_primary=MEDICAL ATTENTION REQUIRED!, passport_number=pass123, name=John smith, id=1, special_precaution=[precaution1, precaution2], age=23, email=john@gmail.com, medical_diagnosis=test, emergency_contact={contact_name=PETER, mobile_no_isd_code=91, mobile_no=999999999, relationship=friend, email=peter@gmail.com}}
2020-09-21 10:24:01 [http-nio-8444-exec-3] ERROR c.q.c.c.controller.ClientController - Activity List Mapping Query Error
2020-09-21 10:24:01 [http-nio-8444-exec-3] ERROR c.q.c.c.controller.ClientController - Activity List Mapping Query Error
2020-09-21 10:24:01 [http-nio-8444-exec-3] INFO  c.q.c.c.controller.ClientController - Clients List [{is_active=Active, upcoming_activity=Initial asessment, gender=Male, status_type=Needs medical attention, contact=99999999, name=John smith, profile_pic=http://localhost:8444/careGiver/clients/downloadFile/4, orderList=[OrderDto(value=0, label= Activities Today), OrderDto(value=0, label=Subscriptions)], care_giver=[], id=1, age=23, email=john@gmail.com}, {is_active=Active, upcoming_activity=Initial asessment, gender=Male, status_type=Needs medical attention, contact=99999999, name=John smith, profile_pic=http://localhost:8444/careGiver/clients/downloadFile/5, orderList=[OrderDto(value=0, label= Activities Today), OrderDto(value=0, label=Subscriptions)], care_giver=[], id=2, age=23, email=john@gmail.com}]
2020-09-21 11:04:50 [restartedMain] INFO  c.q.c.QdmCareGiverClientsApplication - Starting QdmCareGiverClientsApplication on DESKTOP-JUID77J with PID 16832 (D:\prodian\QDM\qdm-care-giver-clients\target\classes started by Arul in D:\prodian\QDM\qdm-care-giver-clients)
2020-09-21 11:04:50 [restartedMain] DEBUG c.q.c.QdmCareGiverClientsApplication - Running with Spring Boot v2.3.2.RELEASE, Spring v5.2.8.RELEASE
2020-09-21 11:04:50 [restartedMain] INFO  c.q.c.QdmCareGiverClientsApplication - The following profiles are active: dev
2020-09-21 11:05:05 [restartedMain] INFO  c.q.c.QdmCareGiverClientsApplication - Started QdmCareGiverClientsApplication in 16.436 seconds (JVM running for 2588.865)
2020-09-21 11:06:39 [restartedMain] INFO  c.q.c.QdmCareGiverClientsApplication - Starting QdmCareGiverClientsApplication on DESKTOP-JUID77J with PID 16832 (D:\prodian\QDM\qdm-care-giver-clients\target\classes started by Arul in D:\prodian\QDM\qdm-care-giver-clients)
2020-09-21 11:06:39 [restartedMain] DEBUG c.q.c.QdmCareGiverClientsApplication - Running with Spring Boot v2.3.2.RELEASE, Spring v5.2.8.RELEASE
2020-09-21 11:06:39 [restartedMain] INFO  c.q.c.QdmCareGiverClientsApplication - The following profiles are active: dev
2020-09-21 11:06:54 [restartedMain] INFO  c.q.c.QdmCareGiverClientsApplication - Started QdmCareGiverClientsApplication in 15.568 seconds (JVM running for 2698.26)
2020-09-21 11:07:26 [restartedMain] INFO  c.q.c.QdmCareGiverClientsApplication - Starting QdmCareGiverClientsApplication on DESKTOP-JUID77J with PID 16832 (D:\prodian\QDM\qdm-care-giver-clients\target\classes started by Arul in D:\prodian\QDM\qdm-care-giver-clients)
2020-09-21 11:07:26 [restartedMain] DEBUG c.q.c.QdmCareGiverClientsApplication - Running with Spring Boot v2.3.2.RELEASE, Spring v5.2.8.RELEASE
2020-09-21 11:07:26 [restartedMain] INFO  c.q.c.QdmCareGiverClientsApplication - The following profiles are active: dev
2020-09-21 11:07:42 [restartedMain] INFO  c.q.c.QdmCareGiverClientsApplication - Started QdmCareGiverClientsApplication in 15.77 seconds (JVM running for 2745.524)
2020-09-21 11:50:36 [restartedMain] INFO  c.q.c.QdmCareGiverClientsApplication - Starting QdmCareGiverClientsApplication on DESKTOP-JUID77J with PID 9568 (D:\prodian\QDM\qdm-care-giver-clients\target\classes started by Arul in D:\prodian\QDM\qdm-care-giver-clients)
2020-09-21 11:50:36 [restartedMain] DEBUG c.q.c.QdmCareGiverClientsApplication - Running with Spring Boot v2.3.2.RELEASE, Spring v5.2.8.RELEASE
2020-09-21 11:50:36 [restartedMain] INFO  c.q.c.QdmCareGiverClientsApplication - The following profiles are active: dev
2020-09-21 11:55:15 [restartedMain] INFO  c.q.c.QdmCareGiverClientsApplication - Starting QdmCareGiverClientsApplication on DESKTOP-JUID77J with PID 16516 (D:\prodian\QDM\qdm-care-giver-clients\target\classes started by Arul in D:\prodian\QDM\qdm-care-giver-clients)
2020-09-21 11:55:15 [restartedMain] DEBUG c.q.c.QdmCareGiverClientsApplication - Running with Spring Boot v2.3.2.RELEASE, Spring v5.2.8.RELEASE
2020-09-21 11:55:15 [restartedMain] INFO  c.q.c.QdmCareGiverClientsApplication - The following profiles are active: dev
2020-09-21 11:55:43 [restartedMain] INFO  c.q.c.QdmCareGiverClientsApplication - Started QdmCareGiverClientsApplication in 28.835 seconds (JVM running for 31.726)
2020-09-21 11:57:46 [restartedMain] INFO  c.q.c.QdmCareGiverClientsApplication - Starting QdmCareGiverClientsApplication on DESKTOP-JUID77J with PID 16516 (D:\prodian\QDM\qdm-care-giver-clients\target\classes started by Arul in D:\prodian\QDM\qdm-care-giver-clients)
2020-09-21 11:57:46 [restartedMain] DEBUG c.q.c.QdmCareGiverClientsApplication - Running with Spring Boot v2.3.2.RELEASE, Spring v5.2.8.RELEASE
2020-09-21 11:57:46 [restartedMain] INFO  c.q.c.QdmCareGiverClientsApplication - The following profiles are active: dev
2020-09-21 11:57:56 [restartedMain] INFO  c.q.c.QdmCareGiverClientsApplication - Started QdmCareGiverClientsApplication in 9.623 seconds (JVM running for 164.703)
2020-09-21 11:58:00 [restartedMain] INFO  c.q.c.QdmCareGiverClientsApplication - Starting QdmCareGiverClientsApplication on DESKTOP-JUID77J with PID 16516 (D:\prodian\QDM\qdm-care-giver-clients\target\classes started by Arul in D:\prodian\QDM\qdm-care-giver-clients)
2020-09-21 11:58:00 [restartedMain] DEBUG c.q.c.QdmCareGiverClientsApplication - Running with Spring Boot v2.3.2.RELEASE, Spring v5.2.8.RELEASE
2020-09-21 11:58:00 [restartedMain] INFO  c.q.c.QdmCareGiverClientsApplication - The following profiles are active: dev
2020-09-21 11:58:08 [restartedMain] INFO  c.q.c.QdmCareGiverClientsApplication - Started QdmCareGiverClientsApplication in 8.759 seconds (JVM running for 177.701)
2020-09-21 12:00:45 [restartedMain] INFO  c.q.c.QdmCareGiverClientsApplication - Starting QdmCareGiverClientsApplication on DESKTOP-JUID77J with PID 16516 (D:\prodian\QDM\qdm-care-giver-clients\target\classes started by Arul in D:\prodian\QDM\qdm-care-giver-clients)
2020-09-21 12:00:45 [restartedMain] DEBUG c.q.c.QdmCareGiverClientsApplication - Running with Spring Boot v2.3.2.RELEASE, Spring v5.2.8.RELEASE
2020-09-21 12:00:45 [restartedMain] INFO  c.q.c.QdmCareGiverClientsApplication - The following profiles are active: dev
2020-09-21 12:00:54 [restartedMain] INFO  c.q.c.QdmCareGiverClientsApplication - Started QdmCareGiverClientsApplication in 8.788 seconds (JVM running for 343.26)
2020-09-21 12:04:24 [restartedMain] INFO  c.q.c.QdmCareGiverClientsApplication - Starting QdmCareGiverClientsApplication on DESKTOP-JUID77J with PID 11872 (D:\prodian\QDM\qdm-care-giver-clients\target\classes started by Arul in D:\prodian\QDM\qdm-care-giver-clients)
2020-09-21 12:04:24 [restartedMain] DEBUG c.q.c.QdmCareGiverClientsApplication - Running with Spring Boot v2.3.2.RELEASE, Spring v5.2.8.RELEASE
2020-09-21 12:04:24 [restartedMain] INFO  c.q.c.QdmCareGiverClientsApplication - The following profiles are active: dev
2020-09-21 12:04:50 [restartedMain] INFO  c.q.c.QdmCareGiverClientsApplication - Started QdmCareGiverClientsApplication in 28.386 seconds (JVM running for 31.642)
2020-09-21 12:17:04 [restartedMain] INFO  c.q.c.QdmCareGiverClientsApplication - Starting QdmCareGiverClientsApplication on DESKTOP-JUID77J with PID 11872 (D:\prodian\QDM\qdm-care-giver-clients\target\classes started by Arul in D:\prodian\QDM\qdm-care-giver-clients)
2020-09-21 12:17:04 [restartedMain] DEBUG c.q.c.QdmCareGiverClientsApplication - Running with Spring Boot v2.3.2.RELEASE, Spring v5.2.8.RELEASE
2020-09-21 12:17:04 [restartedMain] INFO  c.q.c.QdmCareGiverClientsApplication - The following profiles are active: dev
2020-09-21 12:17:21 [restartedMain] INFO  c.q.c.QdmCareGiverClientsApplication - Started QdmCareGiverClientsApplication in 18.218 seconds (JVM running for 782.582)
2020-09-21 12:17:58 [restartedMain] INFO  c.q.c.QdmCareGiverClientsApplication - Starting QdmCareGiverClientsApplication on DESKTOP-JUID77J with PID 13908 (D:\prodian\QDM\qdm-care-giver-clients\target\classes started by Arul in D:\prodian\QDM\qdm-care-giver-clients)
2020-09-21 12:17:58 [restartedMain] DEBUG c.q.c.QdmCareGiverClientsApplication - Running with Spring Boot v2.3.2.RELEASE, Spring v5.2.8.RELEASE
2020-09-21 12:17:58 [restartedMain] INFO  c.q.c.QdmCareGiverClientsApplication - The following profiles are active: dev
2020-09-21 12:18:32 [restartedMain] INFO  c.q.c.QdmCareGiverClientsApplication - Started QdmCareGiverClientsApplication in 36.116 seconds (JVM running for 40.064)
2020-09-21 12:20:33 [restartedMain] INFO  c.q.c.QdmCareGiverClientsApplication - Starting QdmCareGiverClientsApplication on DESKTOP-JUID77J with PID 13908 (D:\prodian\QDM\qdm-care-giver-clients\target\classes started by Arul in D:\prodian\QDM\qdm-care-giver-clients)
2020-09-21 12:20:33 [restartedMain] DEBUG c.q.c.QdmCareGiverClientsApplication - Running with Spring Boot v2.3.2.RELEASE, Spring v5.2.8.RELEASE
2020-09-21 12:20:33 [restartedMain] INFO  c.q.c.QdmCareGiverClientsApplication - The following profiles are active: dev
2020-09-21 12:20:48 [restartedMain] INFO  c.q.c.QdmCareGiverClientsApplication - Started QdmCareGiverClientsApplication in 14.824 seconds (JVM running for 176.192)
2020-09-21 12:23:01 [restartedMain] INFO  c.q.c.QdmCareGiverClientsApplication - Starting QdmCareGiverClientsApplication on DESKTOP-JUID77J with PID 13908 (D:\prodian\QDM\qdm-care-giver-clients\target\classes started by Arul in D:\prodian\QDM\qdm-care-giver-clients)
2020-09-21 12:23:01 [restartedMain] DEBUG c.q.c.QdmCareGiverClientsApplication - Running with Spring Boot v2.3.2.RELEASE, Spring v5.2.8.RELEASE
2020-09-21 12:23:01 [restartedMain] INFO  c.q.c.QdmCareGiverClientsApplication - The following profiles are active: dev
2020-09-21 12:23:13 [restartedMain] INFO  c.q.c.QdmCareGiverClientsApplication - Started QdmCareGiverClientsApplication in 12.0 seconds (JVM running for 321.217)
2020-09-21 12:24:24 [restartedMain] INFO  c.q.c.QdmCareGiverClientsApplication - Starting QdmCareGiverClientsApplication on DESKTOP-JUID77J with PID 6624 (D:\prodian\QDM\qdm-care-giver-clients\target\classes started by Arul in D:\prodian\QDM\qdm-care-giver-clients)
2020-09-21 12:24:24 [restartedMain] DEBUG c.q.c.QdmCareGiverClientsApplication - Running with Spring Boot v2.3.2.RELEASE, Spring v5.2.8.RELEASE
2020-09-21 12:24:24 [restartedMain] INFO  c.q.c.QdmCareGiverClientsApplication - The following profiles are active: dev
2020-09-21 12:24:54 [restartedMain] INFO  c.q.c.QdmCareGiverClientsApplication - Started QdmCareGiverClientsApplication in 31.478 seconds (JVM running for 34.53)
2020-09-21 12:25:42 [restartedMain] INFO  c.q.c.QdmCareGiverClientsApplication - Starting QdmCareGiverClientsApplication on DESKTOP-JUID77J with PID 6624 (D:\prodian\QDM\qdm-care-giver-clients\target\classes started by Arul in D:\prodian\QDM\qdm-care-giver-clients)
2020-09-21 12:25:42 [restartedMain] DEBUG c.q.c.QdmCareGiverClientsApplication - Running with Spring Boot v2.3.2.RELEASE, Spring v5.2.8.RELEASE
2020-09-21 12:25:42 [restartedMain] INFO  c.q.c.QdmCareGiverClientsApplication - The following profiles are active: dev
2020-09-21 12:26:21 [restartedMain] INFO  c.q.c.QdmCareGiverClientsApplication - Starting QdmCareGiverClientsApplication on DESKTOP-JUID77J with PID 1676 (D:\prodian\QDM\qdm-care-giver-clients\target\classes started by Arul in D:\prodian\QDM\qdm-care-giver-clients)
2020-09-21 12:26:21 [restartedMain] DEBUG c.q.c.QdmCareGiverClientsApplication - Running with Spring Boot v2.3.2.RELEASE, Spring v5.2.8.RELEASE
2020-09-21 12:26:21 [restartedMain] INFO  c.q.c.QdmCareGiverClientsApplication - The following profiles are active: dev
2020-09-21 12:26:48 [restartedMain] INFO  c.q.c.QdmCareGiverClientsApplication - Started QdmCareGiverClientsApplication in 29.663 seconds (JVM running for 32.802)
2020-09-21 12:29:20 [restartedMain] INFO  c.q.c.QdmCareGiverClientsApplication - Starting QdmCareGiverClientsApplication on DESKTOP-JUID77J with PID 1676 (D:\prodian\QDM\qdm-care-giver-clients\target\classes started by Arul in D:\prodian\QDM\qdm-care-giver-clients)
2020-09-21 12:29:20 [restartedMain] DEBUG c.q.c.QdmCareGiverClientsApplication - Running with Spring Boot v2.3.2.RELEASE, Spring v5.2.8.RELEASE
2020-09-21 12:29:20 [restartedMain] INFO  c.q.c.QdmCareGiverClientsApplication - The following profiles are active: dev
2020-09-21 12:29:30 [restartedMain] INFO  c.q.c.QdmCareGiverClientsApplication - Started QdmCareGiverClientsApplication in 9.478 seconds (JVM running for 193.968)
2020-09-21 12:42:25 [restartedMain] INFO  c.q.c.QdmCareGiverClientsApplication - Starting QdmCareGiverClientsApplication on DESKTOP-JUID77J with PID 1676 (D:\prodian\QDM\qdm-care-giver-clients\target\classes started by Arul in D:\prodian\QDM\qdm-care-giver-clients)
2020-09-21 12:42:25 [restartedMain] DEBUG c.q.c.QdmCareGiverClientsApplication - Running with Spring Boot v2.3.2.RELEASE, Spring v5.2.8.RELEASE
2020-09-21 12:42:25 [restartedMain] INFO  c.q.c.QdmCareGiverClientsApplication - The following profiles are active: dev
2020-09-21 12:45:26 [restartedMain] INFO  c.q.c.QdmCareGiverClientsApplication - Starting QdmCareGiverClientsApplication on DESKTOP-JUID77J with PID 16144 (D:\prodian\QDM\qdm-care-giver-clients\target\classes started by Arul in D:\prodian\QDM\qdm-care-giver-clients)
2020-09-21 12:45:26 [restartedMain] DEBUG c.q.c.QdmCareGiverClientsApplication - Running with Spring Boot v2.3.2.RELEASE, Spring v5.2.8.RELEASE
2020-09-21 12:45:26 [restartedMain] INFO  c.q.c.QdmCareGiverClientsApplication - The following profiles are active: dev
2020-09-21 12:45:53 [restartedMain] INFO  c.q.c.QdmCareGiverClientsApplication - Started QdmCareGiverClientsApplication in 29.618 seconds (JVM running for 32.478)
