2020-09-16 14:06:52 [restartedMain] INFO  c.q.c.QdmCareGiverClientsApplication - Starting QdmCareGiverClientsApplication on DESKTOP-JUID77J with PID 13368 (D:\prodian\QDM\qdm-care-giver-clients\target\classes started by Arul in D:\prodian\QDM\qdm-care-giver-clients)
2020-09-16 14:06:52 [restartedMain] DEBUG c.q.c.QdmCareGiverClientsApplication - Running with Spring Boot v2.3.2.RELEASE, Spring v5.2.8.RELEASE
2020-09-16 14:06:52 [restartedMain] INFO  c.q.c.QdmCareGiverClientsApplication - The following profiles are active: dev
2020-09-16 14:07:06 [restartedMain] INFO  c.q.c.QdmCareGiverClientsApplication - Started QdmCareGiverClientsApplication in 15.47 seconds (JVM running for 17.31)
2020-09-16 14:07:58 [http-nio-8446-exec-2] INFO  c.q.c.c.controller.ClientController - Clients List []
2020-09-16 14:17:27 [http-nio-8446-exec-5] INFO  c.q.c.c.controller.ClientController - Client Created Successfully With ClientId : 1
2020-09-16 14:19:02 [http-nio-8446-exec-7] INFO  c.q.c.c.controller.ClientController - Clients List [{is_active=Active, upcoming_activity=Initial asessment, gender=Male, status_type=Needs medical attention, contact=99999999, name=John, profile_pic=http://localhost:8446/careGiver/clients/downloadFile/1, id=1, age=23, email=john@gmail.com}]
2020-09-16 14:33:35 [restartedMain] INFO  c.q.c.QdmCareGiverClientsApplication - Starting QdmCareGiverClientsApplication on DESKTOP-JUID77J with PID 13368 (D:\prodian\QDM\qdm-care-giver-clients\target\classes started by Arul in D:\prodian\QDM\qdm-care-giver-clients)
2020-09-16 14:33:35 [restartedMain] DEBUG c.q.c.QdmCareGiverClientsApplication - Running with Spring Boot v2.3.2.RELEASE, Spring v5.2.8.RELEASE
2020-09-16 14:33:35 [restartedMain] INFO  c.q.c.QdmCareGiverClientsApplication - The following profiles are active: dev
2020-09-16 14:33:39 [restartedMain] INFO  c.q.c.QdmCareGiverClientsApplication - Started QdmCareGiverClientsApplication in 3.978 seconds (JVM running for 1610.277)
2020-09-16 14:34:25 [restartedMain] INFO  c.q.c.QdmCareGiverClientsApplication - Starting QdmCareGiverClientsApplication on DESKTOP-JUID77J with PID 13368 (D:\prodian\QDM\qdm-care-giver-clients\target\classes started by Arul in D:\prodian\QDM\qdm-care-giver-clients)
2020-09-16 14:34:25 [restartedMain] DEBUG c.q.c.QdmCareGiverClientsApplication - Running with Spring Boot v2.3.2.RELEASE, Spring v5.2.8.RELEASE
2020-09-16 14:34:25 [restartedMain] INFO  c.q.c.QdmCareGiverClientsApplication - The following profiles are active: dev
2020-09-16 14:34:28 [restartedMain] INFO  c.q.c.QdmCareGiverClientsApplication - Started QdmCareGiverClientsApplication in 3.196 seconds (JVM running for 1659.432)
2020-09-16 14:45:00 [restartedMain] INFO  c.q.c.QdmCareGiverClientsApplication - Starting QdmCareGiverClientsApplication on DESKTOP-JUID77J with PID 13936 (D:\prodian\QDM\qdm-care-giver-clients\target\classes started by Arul in D:\prodian\QDM\qdm-care-giver-clients)
2020-09-16 14:45:00 [restartedMain] DEBUG c.q.c.QdmCareGiverClientsApplication - Running with Spring Boot v2.3.2.RELEASE, Spring v5.2.8.RELEASE
2020-09-16 14:45:00 [restartedMain] INFO  c.q.c.QdmCareGiverClientsApplication - The following profiles are active: dev
2020-09-16 14:45:08 [restartedMain] INFO  c.q.c.QdmCareGiverClientsApplication - Started QdmCareGiverClientsApplication in 9.413 seconds (JVM running for 10.615)
2020-09-16 14:45:37 [http-nio-8446-exec-1] INFO  c.q.c.c.controller.ClientController - ClientById {ic_number=ic123, subscriptions=[], is_active=Active, address=chennai, occupation=Software developer, gender=Male, health_status_message=, status_type=, mobile_no=99999999, profile_pic=http://localhost:8446/careGiver/clients/downloadFile/1, recent_vital_signs=[{vital_sign=Body Temperature, value=98, color_code=#DC143C, measure_unit=Celsius}, {vital_sign=Blood Pressure, value=Normal, color_code=#008000, measure_unit=Normal}, {vital_sign=Pulse Rate, value=98, color_code=#008000, measure_unit=Bpm}, {vital_sign=Respiration Rate, value=99, color_code=#FCFC0B, measure_unit=Bpm}], mobile_no_isd_code=91, health_information={weight=88, blood_pressure=Normal, height=99, bmi=77}, upcoming_activity=Initial asessment, user_type=Pro, health_status_primary=, passport_number=pass123, name=John, id=1, special_precaution=, age=23, email=john@gmail.com, medical_diagnosis=test, emergency_contact={contact_name=PETER, mobile_no_isd_code=91, mobile_no=999999999, relationship=friend, email=peter@gmail.com}}
2020-09-16 15:03:17 [restartedMain] INFO  c.q.c.QdmCareGiverClientsApplication - Starting QdmCareGiverClientsApplication on DESKTOP-JUID77J with PID 13936 (D:\prodian\QDM\qdm-care-giver-clients\target\classes started by Arul in D:\prodian\QDM\qdm-care-giver-clients)
2020-09-16 15:03:17 [restartedMain] DEBUG c.q.c.QdmCareGiverClientsApplication - Running with Spring Boot v2.3.2.RELEASE, Spring v5.2.8.RELEASE
2020-09-16 15:03:17 [restartedMain] INFO  c.q.c.QdmCareGiverClientsApplication - The following profiles are active: dev
2020-09-16 15:03:20 [restartedMain] INFO  c.q.c.QdmCareGiverClientsApplication - Started QdmCareGiverClientsApplication in 3.411 seconds (JVM running for 1102.633)
2020-09-16 15:03:47 [restartedMain] INFO  c.q.c.QdmCareGiverClientsApplication - Starting QdmCareGiverClientsApplication on DESKTOP-JUID77J with PID 13936 (D:\prodian\QDM\qdm-care-giver-clients\target\classes started by Arul in D:\prodian\QDM\qdm-care-giver-clients)
2020-09-16 15:03:47 [restartedMain] DEBUG c.q.c.QdmCareGiverClientsApplication - Running with Spring Boot v2.3.2.RELEASE, Spring v5.2.8.RELEASE
2020-09-16 15:03:47 [restartedMain] INFO  c.q.c.QdmCareGiverClientsApplication - The following profiles are active: dev
2020-09-16 15:03:50 [restartedMain] INFO  c.q.c.QdmCareGiverClientsApplication - Started QdmCareGiverClientsApplication in 3.224 seconds (JVM running for 1132.16)
2020-09-16 15:04:04 [http-nio-8446-exec-2] INFO  c.q.c.c.controller.ClientController - Client Created Successfully With ClientId : 2
2020-09-16 15:04:12 [http-nio-8446-exec-3] INFO  c.q.c.c.controller.ClientController - ClientById {ic_number=ic123, subscriptions=[], is_active=Active, address=chennai, occupation=Software developer, gender=Male, health_status_message=, status_type=, mobile_no=99999999, profile_pic=http://localhost:8446/careGiver/clients/downloadFile/2, recent_vital_signs=[{vital_sign=Body Temperature, value=98, color_code=#DC143C, measure_unit=Celsius}, {vital_sign=Blood Pressure, value=Normal, color_code=#008000, measure_unit=Normal}, {vital_sign=Pulse Rate, value=98, color_code=#008000, measure_unit=Bpm}, {vital_sign=Respiration Rate, value=99, color_code=#FCFC0B, measure_unit=Bpm}], mobile_no_isd_code=91, health_information={weight=88, blood_pressure=Normal, height=99, bmi=77}, upcoming_activity=Initial asessment, user_type=Pro, health_status_primary=, passport_number=pass123, name=John smith, id=2, special_precaution=[precaution1, precaution2], age=23, email=john@gmail.com, medical_diagnosis=test, emergency_contact={contact_name=PETER, mobile_no_isd_code=91, mobile_no=999999999, relationship=friend, email=peter@gmail.com}}
2020-09-16 15:18:38 [restartedMain] INFO  c.q.c.QdmCareGiverClientsApplication - Starting QdmCareGiverClientsApplication on DESKTOP-JUID77J with PID 13936 (D:\prodian\QDM\qdm-care-giver-clients\target\classes started by Arul in D:\prodian\QDM\qdm-care-giver-clients)
2020-09-16 15:18:38 [restartedMain] DEBUG c.q.c.QdmCareGiverClientsApplication - Running with Spring Boot v2.3.2.RELEASE, Spring v5.2.8.RELEASE
2020-09-16 15:18:38 [restartedMain] INFO  c.q.c.QdmCareGiverClientsApplication - The following profiles are active: dev
2020-09-16 15:18:41 [restartedMain] INFO  c.q.c.QdmCareGiverClientsApplication - Started QdmCareGiverClientsApplication in 2.654 seconds (JVM running for 2023.313)
2020-09-16 19:32:33 [restartedMain] INFO  c.q.c.QdmCareGiverClientsApplication - Starting QdmCareGiverClientsApplication on DESKTOP-JUID77J with PID 13936 (D:\prodian\QDM\qdm-care-giver-clients\target\classes started by Arul in D:\prodian\QDM\qdm-care-giver-clients)
2020-09-16 19:32:33 [restartedMain] DEBUG c.q.c.QdmCareGiverClientsApplication - Running with Spring Boot v2.3.2.RELEASE, Spring v5.2.8.RELEASE
2020-09-16 19:32:33 [restartedMain] INFO  c.q.c.QdmCareGiverClientsApplication - The following profiles are active: dev
2020-09-16 19:32:36 [restartedMain] INFO  c.q.c.QdmCareGiverClientsApplication - Started QdmCareGiverClientsApplication in 2.881 seconds (JVM running for 17258.294)
2020-09-16 20:08:08 [restartedMain] INFO  c.q.c.QdmCareGiverClientsApplication - Starting QdmCareGiverClientsApplication on DESKTOP-JUID77J with PID 9296 (D:\prodian\QDM\qdm-care-giver-clients\target\classes started by Arul in D:\prodian\QDM\qdm-care-giver-clients)
2020-09-16 20:08:08 [restartedMain] DEBUG c.q.c.QdmCareGiverClientsApplication - Running with Spring Boot v2.3.2.RELEASE, Spring v5.2.8.RELEASE
2020-09-16 20:08:08 [restartedMain] INFO  c.q.c.QdmCareGiverClientsApplication - The following profiles are active: dev
2020-09-16 20:08:21 [restartedMain] INFO  c.q.c.QdmCareGiverClientsApplication - Started QdmCareGiverClientsApplication in 13.166 seconds (JVM running for 14.983)
2020-09-16 20:08:42 [http-nio-8446-exec-1] INFO  c.q.c.c.controller.ClientController - Clients List [{is_active=Active, upcoming_activity=Initial asessment, gender=Male, status_type=Needs medical attention, contact=99999999, name=John, profile_pic=http://localhost:8446/careGiver/clients/downloadFile/1, orderList=[OrderDto(value=0, label=Subscriptions), OrderDto(value=0, label= Activities Today)], id=1, age=23, email=john@gmail.com}, {is_active=Active, upcoming_activity=Initial asessment, gender=Male, status_type=Needs medical attention, contact=99999999, name=John smith, profile_pic=http://localhost:8446/careGiver/clients/downloadFile/2, orderList=[OrderDto(value=0, label=Subscriptions), OrderDto(value=0, label= Activities Today)], id=2, age=23, email=john@gmail.com}]
2020-09-16 20:12:23 [restartedMain] INFO  c.q.c.QdmCareGiverClientsApplication - Starting QdmCareGiverClientsApplication on DESKTOP-JUID77J with PID 9296 (D:\prodian\QDM\qdm-care-giver-clients\target\classes started by Arul in D:\prodian\QDM\qdm-care-giver-clients)
2020-09-16 20:12:23 [restartedMain] DEBUG c.q.c.QdmCareGiverClientsApplication - Running with Spring Boot v2.3.2.RELEASE, Spring v5.2.8.RELEASE
2020-09-16 20:12:23 [restartedMain] INFO  c.q.c.QdmCareGiverClientsApplication - The following profiles are active: dev
2020-09-16 20:12:28 [restartedMain] INFO  c.q.c.QdmCareGiverClientsApplication - Started QdmCareGiverClientsApplication in 5.451 seconds (JVM running for 262.873)
2020-09-16 20:12:45 [http-nio-8446-exec-1] INFO  c.q.c.c.controller.ClientController - Clients List [{is_active=Active, upcoming_activity=Initial asessment, gender=Male, status_type=Needs medical attention, contact=99999999, name=John, profile_pic=http://localhost:8446/careGiver/clients/downloadFile/1, orderList=[OrderDto(value=0, label=Subscriptions), OrderDto(value=0, label= Activities Today)], id=1, age=23, email=john@gmail.com}, {is_active=Active, upcoming_activity=Initial asessment, gender=Male, status_type=Needs medical attention, contact=99999999, name=John smith, profile_pic=http://localhost:8446/careGiver/clients/downloadFile/2, orderList=[OrderDto(value=0, label=Subscriptions), OrderDto(value=0, label= Activities Today)], id=2, age=23, email=john@gmail.com}]
2020-09-16 20:13:21 [restartedMain] INFO  c.q.c.QdmCareGiverClientsApplication - Starting QdmCareGiverClientsApplication on DESKTOP-JUID77J with PID 9296 (D:\prodian\QDM\qdm-care-giver-clients\target\classes started by Arul in D:\prodian\QDM\qdm-care-giver-clients)
2020-09-16 20:13:21 [restartedMain] DEBUG c.q.c.QdmCareGiverClientsApplication - Running with Spring Boot v2.3.2.RELEASE, Spring v5.2.8.RELEASE
2020-09-16 20:13:21 [restartedMain] INFO  c.q.c.QdmCareGiverClientsApplication - The following profiles are active: dev
2020-09-16 20:13:25 [restartedMain] INFO  c.q.c.QdmCareGiverClientsApplication - Started QdmCareGiverClientsApplication in 4.557 seconds (JVM running for 319.664)
2020-09-16 20:14:14 [restartedMain] INFO  c.q.c.QdmCareGiverClientsApplication - Starting QdmCareGiverClientsApplication on DESKTOP-JUID77J with PID 13664 (D:\prodian\QDM\qdm-care-giver-clients\target\classes started by Arul in D:\prodian\QDM\qdm-care-giver-clients)
2020-09-16 20:14:14 [restartedMain] DEBUG c.q.c.QdmCareGiverClientsApplication - Running with Spring Boot v2.3.2.RELEASE, Spring v5.2.8.RELEASE
2020-09-16 20:14:14 [restartedMain] INFO  c.q.c.QdmCareGiverClientsApplication - The following profiles are active: dev
2020-09-16 20:14:26 [restartedMain] INFO  c.q.c.QdmCareGiverClientsApplication - Started QdmCareGiverClientsApplication in 12.331 seconds (JVM running for 13.668)
2020-09-16 20:15:31 [http-nio-8446-exec-2] INFO  c.q.c.c.controller.ClientController - Clients List [{is_active=Active, upcoming_activity=Initial asessment, gender=Male, status_type=Needs medical attention, contact=99999999, name=John, profile_pic=http://localhost:8446/careGiver/clients/downloadFile/1, orderList=[OrderDto(value=0, label=Subscriptions), OrderDto(value=0, label= Activities Today)], care_giver={name=Caregiver Name, id=Caregiver id}, id=1, age=23, email=john@gmail.com}, {is_active=Active, upcoming_activity=Initial asessment, gender=Male, status_type=Needs medical attention, contact=99999999, name=John smith, profile_pic=http://localhost:8446/careGiver/clients/downloadFile/2, orderList=[OrderDto(value=0, label=Subscriptions), OrderDto(value=0, label= Activities Today)], care_giver={name=Caregiver Name, id=Caregiver id}, id=2, age=23, email=john@gmail.com}]
2020-09-16 20:18:23 [restartedMain] INFO  c.q.c.QdmCareGiverClientsApplication - Starting QdmCareGiverClientsApplication on DESKTOP-JUID77J with PID 13664 (D:\prodian\QDM\qdm-care-giver-clients\target\classes started by Arul in D:\prodian\QDM\qdm-care-giver-clients)
2020-09-16 20:18:23 [restartedMain] DEBUG c.q.c.QdmCareGiverClientsApplication - Running with Spring Boot v2.3.2.RELEASE, Spring v5.2.8.RELEASE
2020-09-16 20:18:23 [restartedMain] INFO  c.q.c.QdmCareGiverClientsApplication - The following profiles are active: dev
2020-09-16 20:18:29 [restartedMain] INFO  c.q.c.QdmCareGiverClientsApplication - Started QdmCareGiverClientsApplication in 5.468 seconds (JVM running for 256.404)
2020-09-16 20:22:03 [restartedMain] INFO  c.q.c.QdmCareGiverClientsApplication - Starting QdmCareGiverClientsApplication on DESKTOP-JUID77J with PID 13664 (D:\prodian\QDM\qdm-care-giver-clients\target\classes started by Arul in D:\prodian\QDM\qdm-care-giver-clients)
2020-09-16 20:22:03 [restartedMain] DEBUG c.q.c.QdmCareGiverClientsApplication - Running with Spring Boot v2.3.2.RELEASE, Spring v5.2.8.RELEASE
2020-09-16 20:22:03 [restartedMain] INFO  c.q.c.QdmCareGiverClientsApplication - The following profiles are active: dev
