2020-09-23 11:33:07 [http-nio-8444-exec-5] ERROR o.h.e.jdbc.spi.SqlExceptionHelper - ERROR: column "client_id" does not exist
  Hint: Perhaps you meant to reference the column "activity.clientid".
  Position: 43
2020-09-23 11:33:07 [http-nio-8444-exec-5] ERROR o.h.e.jdbc.spi.SqlExceptionHelper - ERROR: column "client_id" does not exist
  Hint: Perhaps you meant to reference the column "activity.clientid".
  Position: 43
2020-09-23 11:33:07 [http-nio-8444-exec-5] ERROR o.h.e.jdbc.spi.SqlExceptionHelper - ERROR: column "client_id" does not exist
  Hint: Perhaps you meant to reference the column "activity.clientid".
  Position: 43
2020-09-23 11:48:35 [http-nio-8444-exec-7] ERROR o.h.e.jdbc.spi.SqlExceptionHelper - ERROR: column "client_id" does not exist
  Hint: Perhaps you meant to reference the column "activity.clientid".
  Position: 43
2020-09-23 11:48:35 [http-nio-8444-exec-7] ERROR o.h.e.jdbc.spi.SqlExceptionHelper - ERROR: column "client_id" does not exist
  Hint: Perhaps you meant to reference the column "activity.clientid".
  Position: 43
2020-09-23 11:48:35 [http-nio-8444-exec-7] ERROR o.h.e.jdbc.spi.SqlExceptionHelper - ERROR: column "client_id" does not exist
  Hint: Perhaps you meant to reference the column "activity.clientid".
  Position: 43
2020-09-23 11:55:03 [http-nio-8444-exec-5] ERROR o.h.e.jdbc.spi.SqlExceptionHelper - ERROR: column "client_id" does not exist
  Hint: Perhaps you meant to reference the column "activity.clientid".
  Position: 43
2020-09-23 11:55:03 [http-nio-8444-exec-5] ERROR o.h.e.jdbc.spi.SqlExceptionHelper - ERROR: column "client_id" does not exist
  Hint: Perhaps you meant to reference the column "activity.clientid".
  Position: 43
2020-09-23 11:55:03 [http-nio-8444-exec-5] ERROR o.h.e.jdbc.spi.SqlExceptionHelper - ERROR: column "client_id" does not exist
  Hint: Perhaps you meant to reference the column "activity.clientid".
  Position: 43
2020-09-23 11:59:32 [http-nio-8444-exec-4] ERROR o.h.e.jdbc.spi.SqlExceptionHelper - ERROR: column "client_id" does not exist
  Hint: Perhaps you meant to reference the column "activity.clientid".
  Position: 43
2020-09-23 11:59:32 [http-nio-8444-exec-4] ERROR o.h.e.jdbc.spi.SqlExceptionHelper - ERROR: column "client_id" does not exist
  Hint: Perhaps you meant to reference the column "activity.clientid".
  Position: 43
2020-09-23 11:59:32 [http-nio-8444-exec-4] ERROR o.h.e.jdbc.spi.SqlExceptionHelper - ERROR: column "client_id" does not exist
  Hint: Perhaps you meant to reference the column "activity.clientid".
  Position: 43
2020-09-23 12:01:34 [http-nio-8444-exec-2] ERROR o.h.e.jdbc.spi.SqlExceptionHelper - ERROR: column "client_id" does not exist
  Hint: Perhaps you meant to reference the column "activity.clientid".
  Position: 43
2020-09-23 12:01:34 [http-nio-8444-exec-2] ERROR o.h.e.jdbc.spi.SqlExceptionHelper - ERROR: column "client_id" does not exist
  Hint: Perhaps you meant to reference the column "activity.clientid".
  Position: 43
2020-09-23 12:01:34 [http-nio-8444-exec-2] ERROR o.h.e.jdbc.spi.SqlExceptionHelper - ERROR: column "client_id" does not exist
  Hint: Perhaps you meant to reference the column "activity.clientid".
  Position: 43
2020-09-23 12:11:36 [http-nio-8444-exec-1] ERROR o.h.e.jdbc.spi.SqlExceptionHelper - ERROR: column "client_id" does not exist
  Hint: Perhaps you meant to reference the column "activity.clientid".
  Position: 43
2020-09-23 12:11:36 [http-nio-8444-exec-1] ERROR o.h.e.jdbc.spi.SqlExceptionHelper - ERROR: column "client_id" does not exist
  Hint: Perhaps you meant to reference the column "activity.clientid".
  Position: 43
2020-09-23 12:11:36 [http-nio-8444-exec-1] ERROR o.h.e.jdbc.spi.SqlExceptionHelper - ERROR: column "client_id" does not exist
  Hint: Perhaps you meant to reference the column "activity.clientid".
  Position: 43
2020-09-23 12:21:47 [http-nio-8444-exec-8] ERROR o.h.e.jdbc.spi.SqlExceptionHelper - ERROR: column "client_id" does not exist
  Hint: Perhaps you meant to reference the column "activity.clientid".
  Position: 43
2020-09-23 12:21:47 [http-nio-8444-exec-8] ERROR o.h.e.jdbc.spi.SqlExceptionHelper - ERROR: column "client_id" does not exist
  Hint: Perhaps you meant to reference the column "activity.clientid".
  Position: 43
2020-09-23 12:21:47 [http-nio-8444-exec-8] ERROR o.h.e.jdbc.spi.SqlExceptionHelper - ERROR: column "client_id" does not exist
  Hint: Perhaps you meant to reference the column "activity.clientid".
  Position: 43
2020-09-23 12:38:41 [http-nio-8444-exec-4] ERROR o.h.e.jdbc.spi.SqlExceptionHelper - ERROR: column "client_id" does not exist
  Hint: Perhaps you meant to reference the column "activity.clientid".
  Position: 43
2020-09-23 12:38:41 [http-nio-8444-exec-4] ERROR o.h.e.jdbc.spi.SqlExceptionHelper - ERROR: column "client_id" does not exist
  Hint: Perhaps you meant to reference the column "activity.clientid".
  Position: 43
2020-09-23 12:38:41 [http-nio-8444-exec-4] ERROR o.h.e.jdbc.spi.SqlExceptionHelper - ERROR: column "client_id" does not exist
  Hint: Perhaps you meant to reference the column "activity.clientid".
  Position: 43
2020-09-23 12:38:45 [http-nio-8444-exec-10] ERROR o.h.e.jdbc.spi.SqlExceptionHelper - ERROR: column "client_id" does not exist
  Hint: Perhaps you meant to reference the column "activity.clientid".
  Position: 43
2020-09-23 12:38:45 [http-nio-8444-exec-10] ERROR o.h.e.jdbc.spi.SqlExceptionHelper - ERROR: column "client_id" does not exist
  Hint: Perhaps you meant to reference the column "activity.clientid".
  Position: 43
2020-09-23 12:38:45 [http-nio-8444-exec-10] ERROR o.h.e.jdbc.spi.SqlExceptionHelper - ERROR: column "client_id" does not exist
  Hint: Perhaps you meant to reference the column "activity.clientid".
  Position: 43
2020-09-23 12:48:24 [http-nio-8444-exec-10] ERROR o.h.e.jdbc.spi.SqlExceptionHelper - ERROR: column "client_id" does not exist
  Hint: Perhaps you meant to reference the column "activity.clientid".
  Position: 43
2020-09-23 12:48:24 [http-nio-8444-exec-10] ERROR o.h.e.jdbc.spi.SqlExceptionHelper - ERROR: column "client_id" does not exist
  Hint: Perhaps you meant to reference the column "activity.clientid".
  Position: 43
2020-09-23 12:48:24 [http-nio-8444-exec-10] ERROR o.h.e.jdbc.spi.SqlExceptionHelper - ERROR: column "client_id" does not exist
  Hint: Perhaps you meant to reference the column "activity.clientid".
  Position: 43
2020-09-23 13:36:53 [http-nio-8444-exec-9] ERROR o.h.e.jdbc.spi.SqlExceptionHelper - ERROR: column "client_id" does not exist
  Hint: Perhaps you meant to reference the column "activity.clientid".
  Position: 43
2020-09-23 13:36:53 [http-nio-8444-exec-9] ERROR o.h.e.jdbc.spi.SqlExceptionHelper - ERROR: column "client_id" does not exist
  Hint: Perhaps you meant to reference the column "activity.clientid".
  Position: 43
2020-09-23 13:36:53 [http-nio-8444-exec-9] ERROR o.h.e.jdbc.spi.SqlExceptionHelper - ERROR: column "client_id" does not exist
  Hint: Perhaps you meant to reference the column "activity.clientid".
  Position: 43
2020-09-23 13:44:08 [http-nio-8444-exec-1] ERROR o.h.e.jdbc.spi.SqlExceptionHelper - ERROR: column "fromtimestamp" does not exist
  Hint: Perhaps you meant to reference the column "activity.from_time_stamp".
  Position: 8
2020-09-23 13:44:08 [http-nio-8444-exec-1] ERROR o.h.e.jdbc.spi.SqlExceptionHelper - ERROR: column "fromtimestamp" does not exist
  Hint: Perhaps you meant to reference the column "activity.from_time_stamp".
  Position: 8
2020-09-23 13:44:08 [http-nio-8444-exec-1] ERROR o.h.e.jdbc.spi.SqlExceptionHelper - ERROR: column "fromtimestamp" does not exist
  Hint: Perhaps you meant to reference the column "activity.from_time_stamp".
  Position: 8
2020-09-23 13:50:14 [http-nio-8444-exec-2] ERROR o.h.e.jdbc.spi.SqlExceptionHelper - ERROR: column "fromtimestamp" does not exist
  Hint: Perhaps you meant to reference the column "activity.from_time_stamp".
  Position: 8
2020-09-23 13:50:14 [http-nio-8444-exec-2] ERROR o.h.e.jdbc.spi.SqlExceptionHelper - ERROR: column "fromtimestamp" does not exist
  Hint: Perhaps you meant to reference the column "activity.from_time_stamp".
  Position: 8
2020-09-23 13:50:14 [http-nio-8444-exec-2] ERROR o.h.e.jdbc.spi.SqlExceptionHelper - ERROR: column "fromtimestamp" does not exist
  Hint: Perhaps you meant to reference the column "activity.from_time_stamp".
  Position: 8
2020-09-23 13:59:53 [http-nio-8444-exec-6] ERROR o.h.e.jdbc.spi.SqlExceptionHelper - ERROR: column "fromtimestamp" does not exist
  Hint: Perhaps you meant to reference the column "activity.from_time_stamp".
  Position: 8
2020-09-23 13:59:53 [http-nio-8444-exec-6] ERROR o.h.e.jdbc.spi.SqlExceptionHelper - ERROR: column "fromtimestamp" does not exist
  Hint: Perhaps you meant to reference the column "activity.from_time_stamp".
  Position: 8
2020-09-23 13:59:53 [http-nio-8444-exec-6] ERROR o.h.e.jdbc.spi.SqlExceptionHelper - ERROR: column "fromtimestamp" does not exist
  Hint: Perhaps you meant to reference the column "activity.from_time_stamp".
  Position: 8
2020-09-23 14:00:43 [http-nio-8444-exec-3] ERROR o.h.e.jdbc.spi.SqlExceptionHelper - ERROR: column "fromtimestamp" does not exist
  Hint: Perhaps you meant to reference the column "activity.from_time_stamp".
  Position: 8
2020-09-23 14:00:43 [http-nio-8444-exec-3] ERROR o.h.e.jdbc.spi.SqlExceptionHelper - ERROR: column "fromtimestamp" does not exist
  Hint: Perhaps you meant to reference the column "activity.from_time_stamp".
  Position: 8
2020-09-23 14:00:43 [http-nio-8444-exec-3] ERROR o.h.e.jdbc.spi.SqlExceptionHelper - ERROR: column "fromtimestamp" does not exist
  Hint: Perhaps you meant to reference the column "activity.from_time_stamp".
  Position: 8
2020-09-23 14:01:19 [http-nio-8444-exec-10] ERROR o.h.e.jdbc.spi.SqlExceptionHelper - ERROR: column "fromtimestamp" does not exist
  Hint: Perhaps you meant to reference the column "activity.from_time_stamp".
  Position: 8
2020-09-23 14:01:19 [http-nio-8444-exec-10] ERROR o.h.e.jdbc.spi.SqlExceptionHelper - ERROR: column "fromtimestamp" does not exist
  Hint: Perhaps you meant to reference the column "activity.from_time_stamp".
  Position: 8
2020-09-23 14:01:19 [http-nio-8444-exec-10] ERROR o.h.e.jdbc.spi.SqlExceptionHelper - ERROR: column "fromtimestamp" does not exist
  Hint: Perhaps you meant to reference the column "activity.from_time_stamp".
  Position: 8
2020-09-23 14:02:33 [http-nio-8444-exec-9] ERROR o.h.e.jdbc.spi.SqlExceptionHelper - ERROR: column "fromtimestamp" does not exist
  Hint: Perhaps you meant to reference the column "activity.from_time_stamp".
  Position: 8
2020-09-23 14:02:33 [http-nio-8444-exec-9] ERROR o.h.e.jdbc.spi.SqlExceptionHelper - ERROR: column "fromtimestamp" does not exist
  Hint: Perhaps you meant to reference the column "activity.from_time_stamp".
  Position: 8
2020-09-23 14:02:33 [http-nio-8444-exec-9] ERROR o.h.e.jdbc.spi.SqlExceptionHelper - ERROR: column "fromtimestamp" does not exist
  Hint: Perhaps you meant to reference the column "activity.from_time_stamp".
  Position: 8
2020-09-23 14:10:50 [http-nio-8444-exec-1] ERROR o.h.e.jdbc.spi.SqlExceptionHelper - ERROR: column "fromtimestamp" does not exist
  Hint: Perhaps you meant to reference the column "activity.from_time_stamp".
  Position: 8
2020-09-23 14:10:50 [http-nio-8444-exec-1] ERROR o.h.e.jdbc.spi.SqlExceptionHelper - ERROR: column "fromtimestamp" does not exist
  Hint: Perhaps you meant to reference the column "activity.from_time_stamp".
  Position: 8
2020-09-23 14:10:50 [http-nio-8444-exec-1] ERROR o.h.e.jdbc.spi.SqlExceptionHelper - ERROR: column "fromtimestamp" does not exist
  Hint: Perhaps you meant to reference the column "activity.from_time_stamp".
  Position: 8
2020-09-23 14:38:12 [http-nio-8444-exec-2] ERROR o.h.e.jdbc.spi.SqlExceptionHelper - ERROR: column "fromtimestamp" does not exist
  Hint: Perhaps you meant to reference the column "activity.from_time_stamp".
  Position: 8
2020-09-23 14:38:12 [http-nio-8444-exec-2] ERROR o.h.e.jdbc.spi.SqlExceptionHelper - ERROR: column "fromtimestamp" does not exist
  Hint: Perhaps you meant to reference the column "activity.from_time_stamp".
  Position: 8
2020-09-23 14:38:12 [http-nio-8444-exec-2] ERROR o.h.e.jdbc.spi.SqlExceptionHelper - ERROR: column "fromtimestamp" does not exist
  Hint: Perhaps you meant to reference the column "activity.from_time_stamp".
  Position: 8
2020-09-23 14:43:01 [http-nio-8444-exec-6] ERROR o.h.e.jdbc.spi.SqlExceptionHelper - ERROR: column "fromtimestamp" does not exist
  Hint: Perhaps you meant to reference the column "activity.from_time_stamp".
  Position: 8
2020-09-23 14:43:01 [http-nio-8444-exec-6] ERROR o.h.e.jdbc.spi.SqlExceptionHelper - ERROR: column "fromtimestamp" does not exist
  Hint: Perhaps you meant to reference the column "activity.from_time_stamp".
  Position: 8
2020-09-23 14:43:01 [http-nio-8444-exec-6] ERROR o.h.e.jdbc.spi.SqlExceptionHelper - ERROR: column "fromtimestamp" does not exist
  Hint: Perhaps you meant to reference the column "activity.from_time_stamp".
  Position: 8
2020-09-23 14:47:28 [http-nio-8444-exec-10] ERROR o.h.e.jdbc.spi.SqlExceptionHelper - ERROR: column "fromtimestamp" does not exist
  Hint: Perhaps you meant to reference the column "activity.from_time_stamp".
  Position: 8
2020-09-23 14:47:28 [http-nio-8444-exec-10] ERROR o.h.e.jdbc.spi.SqlExceptionHelper - ERROR: column "fromtimestamp" does not exist
  Hint: Perhaps you meant to reference the column "activity.from_time_stamp".
  Position: 8
2020-09-23 14:47:28 [http-nio-8444-exec-10] ERROR o.h.e.jdbc.spi.SqlExceptionHelper - ERROR: column "fromtimestamp" does not exist
  Hint: Perhaps you meant to reference the column "activity.from_time_stamp".
  Position: 8
2020-09-23 14:49:22 [http-nio-8444-exec-9] ERROR o.h.e.jdbc.spi.SqlExceptionHelper - ERROR: column "fromtimestamp" does not exist
  Hint: Perhaps you meant to reference the column "activity.from_time_stamp".
  Position: 8
2020-09-23 14:49:22 [http-nio-8444-exec-9] ERROR o.h.e.jdbc.spi.SqlExceptionHelper - ERROR: column "fromtimestamp" does not exist
  Hint: Perhaps you meant to reference the column "activity.from_time_stamp".
  Position: 8
2020-09-23 14:49:22 [http-nio-8444-exec-9] ERROR o.h.e.jdbc.spi.SqlExceptionHelper - ERROR: column "fromtimestamp" does not exist
  Hint: Perhaps you meant to reference the column "activity.from_time_stamp".
  Position: 8
2020-09-23 14:50:04 [http-nio-8444-exec-7] ERROR o.h.e.jdbc.spi.SqlExceptionHelper - ERROR: column "fromtimestamp" does not exist
  Hint: Perhaps you meant to reference the column "activity.from_time_stamp".
  Position: 8
2020-09-23 14:50:04 [http-nio-8444-exec-7] ERROR o.h.e.jdbc.spi.SqlExceptionHelper - ERROR: column "fromtimestamp" does not exist
  Hint: Perhaps you meant to reference the column "activity.from_time_stamp".
  Position: 8
2020-09-23 14:50:04 [http-nio-8444-exec-7] ERROR o.h.e.jdbc.spi.SqlExceptionHelper - ERROR: column "fromtimestamp" does not exist
  Hint: Perhaps you meant to reference the column "activity.from_time_stamp".
  Position: 8
2020-09-23 14:50:57 [http-nio-8444-exec-2] ERROR o.h.e.jdbc.spi.SqlExceptionHelper - ERROR: column "fromtimestamp" does not exist
  Hint: Perhaps you meant to reference the column "activity.from_time_stamp".
  Position: 8
2020-09-23 14:50:57 [http-nio-8444-exec-2] ERROR o.h.e.jdbc.spi.SqlExceptionHelper - ERROR: column "fromtimestamp" does not exist
  Hint: Perhaps you meant to reference the column "activity.from_time_stamp".
  Position: 8
2020-09-23 14:50:57 [http-nio-8444-exec-2] ERROR o.h.e.jdbc.spi.SqlExceptionHelper - ERROR: column "fromtimestamp" does not exist
  Hint: Perhaps you meant to reference the column "activity.from_time_stamp".
  Position: 8
2020-09-23 14:52:41 [http-nio-8444-exec-6] ERROR o.h.e.jdbc.spi.SqlExceptionHelper - ERROR: column "fromtimestamp" does not exist
  Hint: Perhaps you meant to reference the column "activity.from_time_stamp".
  Position: 8
2020-09-23 14:52:41 [http-nio-8444-exec-6] ERROR o.h.e.jdbc.spi.SqlExceptionHelper - ERROR: column "fromtimestamp" does not exist
  Hint: Perhaps you meant to reference the column "activity.from_time_stamp".
  Position: 8
2020-09-23 14:52:41 [http-nio-8444-exec-6] ERROR o.h.e.jdbc.spi.SqlExceptionHelper - ERROR: column "fromtimestamp" does not exist
  Hint: Perhaps you meant to reference the column "activity.from_time_stamp".
  Position: 8
2020-09-23 15:11:53 [http-nio-8444-exec-10] ERROR o.h.e.jdbc.spi.SqlExceptionHelper - ERROR: column "fromtimestamp" does not exist
  Hint: Perhaps you meant to reference the column "activity.from_time_stamp".
  Position: 8
2020-09-23 15:11:53 [http-nio-8444-exec-10] ERROR o.h.e.jdbc.spi.SqlExceptionHelper - ERROR: column "fromtimestamp" does not exist
  Hint: Perhaps you meant to reference the column "activity.from_time_stamp".
  Position: 8
2020-09-23 15:11:53 [http-nio-8444-exec-10] ERROR o.h.e.jdbc.spi.SqlExceptionHelper - ERROR: column "fromtimestamp" does not exist
  Hint: Perhaps you meant to reference the column "activity.from_time_stamp".
  Position: 8
2020-09-23 15:13:13 [http-nio-8444-exec-7] ERROR o.h.e.jdbc.spi.SqlExceptionHelper - ERROR: column "fromtimestamp" does not exist
  Hint: Perhaps you meant to reference the column "activity.from_time_stamp".
  Position: 8
2020-09-23 15:13:13 [http-nio-8444-exec-7] ERROR o.h.e.jdbc.spi.SqlExceptionHelper - ERROR: column "fromtimestamp" does not exist
  Hint: Perhaps you meant to reference the column "activity.from_time_stamp".
  Position: 8
2020-09-23 15:13:13 [http-nio-8444-exec-7] ERROR o.h.e.jdbc.spi.SqlExceptionHelper - ERROR: column "fromtimestamp" does not exist
  Hint: Perhaps you meant to reference the column "activity.from_time_stamp".
  Position: 8
2020-09-23 15:24:21 [http-nio-8444-exec-2] ERROR o.h.e.jdbc.spi.SqlExceptionHelper - ERROR: column "fromtimestamp" does not exist
  Hint: Perhaps you meant to reference the column "activity.from_time_stamp".
  Position: 8
2020-09-23 15:24:21 [http-nio-8444-exec-2] ERROR o.h.e.jdbc.spi.SqlExceptionHelper - ERROR: column "fromtimestamp" does not exist
  Hint: Perhaps you meant to reference the column "activity.from_time_stamp".
  Position: 8
2020-09-23 15:24:21 [http-nio-8444-exec-2] ERROR o.h.e.jdbc.spi.SqlExceptionHelper - ERROR: column "fromtimestamp" does not exist
  Hint: Perhaps you meant to reference the column "activity.from_time_stamp".
  Position: 8
2020-09-23 15:32:05 [http-nio-8444-exec-6] ERROR o.h.e.jdbc.spi.SqlExceptionHelper - ERROR: column "fromtimestamp" does not exist
  Hint: Perhaps you meant to reference the column "activity.from_time_stamp".
  Position: 8
2020-09-23 15:32:05 [http-nio-8444-exec-6] ERROR o.h.e.jdbc.spi.SqlExceptionHelper - ERROR: column "fromtimestamp" does not exist
  Hint: Perhaps you meant to reference the column "activity.from_time_stamp".
  Position: 8
2020-09-23 15:32:05 [http-nio-8444-exec-6] ERROR o.h.e.jdbc.spi.SqlExceptionHelper - ERROR: column "fromtimestamp" does not exist
  Hint: Perhaps you meant to reference the column "activity.from_time_stamp".
  Position: 8
2020-09-23 15:33:19 [http-nio-8444-exec-10] ERROR o.h.e.jdbc.spi.SqlExceptionHelper - ERROR: column "fromtimestamp" does not exist
  Hint: Perhaps you meant to reference the column "activity.from_time_stamp".
  Position: 8
2020-09-23 15:33:19 [http-nio-8444-exec-10] ERROR o.h.e.jdbc.spi.SqlExceptionHelper - ERROR: column "fromtimestamp" does not exist
  Hint: Perhaps you meant to reference the column "activity.from_time_stamp".
  Position: 8
2020-09-23 15:33:19 [http-nio-8444-exec-10] ERROR o.h.e.jdbc.spi.SqlExceptionHelper - ERROR: column "fromtimestamp" does not exist
  Hint: Perhaps you meant to reference the column "activity.from_time_stamp".
  Position: 8
2020-09-23 15:44:33 [http-nio-8444-exec-9] ERROR o.h.e.jdbc.spi.SqlExceptionHelper - ERROR: column "fromtimestamp" does not exist
  Hint: Perhaps you meant to reference the column "activity.from_time_stamp".
  Position: 8
2020-09-23 15:44:33 [http-nio-8444-exec-9] ERROR o.h.e.jdbc.spi.SqlExceptionHelper - ERROR: column "fromtimestamp" does not exist
  Hint: Perhaps you meant to reference the column "activity.from_time_stamp".
  Position: 8
2020-09-23 15:44:33 [http-nio-8444-exec-9] ERROR o.h.e.jdbc.spi.SqlExceptionHelper - ERROR: column "fromtimestamp" does not exist
  Hint: Perhaps you meant to reference the column "activity.from_time_stamp".
  Position: 8
2020-09-23 15:50:01 [http-nio-8444-exec-1] ERROR o.h.e.jdbc.spi.SqlExceptionHelper - ERROR: column "fromtimestamp" does not exist
  Hint: Perhaps you meant to reference the column "activity.from_time_stamp".
  Position: 8
2020-09-23 15:50:01 [http-nio-8444-exec-1] ERROR o.h.e.jdbc.spi.SqlExceptionHelper - ERROR: column "fromtimestamp" does not exist
  Hint: Perhaps you meant to reference the column "activity.from_time_stamp".
  Position: 8
2020-09-23 15:50:01 [http-nio-8444-exec-1] ERROR o.h.e.jdbc.spi.SqlExceptionHelper - ERROR: column "fromtimestamp" does not exist
  Hint: Perhaps you meant to reference the column "activity.from_time_stamp".
  Position: 8
2020-09-23 15:56:02 [http-nio-8444-exec-2] ERROR o.h.e.jdbc.spi.SqlExceptionHelper - ERROR: column "fromtimestamp" does not exist
  Hint: Perhaps you meant to reference the column "activity.from_time_stamp".
  Position: 8
2020-09-23 15:56:02 [http-nio-8444-exec-2] ERROR o.h.e.jdbc.spi.SqlExceptionHelper - ERROR: column "fromtimestamp" does not exist
  Hint: Perhaps you meant to reference the column "activity.from_time_stamp".
  Position: 8
2020-09-23 15:56:02 [http-nio-8444-exec-2] ERROR o.h.e.jdbc.spi.SqlExceptionHelper - ERROR: column "fromtimestamp" does not exist
  Hint: Perhaps you meant to reference the column "activity.from_time_stamp".
  Position: 8
2020-09-23 15:56:15 [http-nio-8444-exec-10] ERROR o.h.e.jdbc.spi.SqlExceptionHelper - ERROR: column "fromtimestamp" does not exist
  Hint: Perhaps you meant to reference the column "activity.from_time_stamp".
  Position: 8
2020-09-23 15:56:15 [http-nio-8444-exec-10] ERROR o.h.e.jdbc.spi.SqlExceptionHelper - ERROR: column "fromtimestamp" does not exist
  Hint: Perhaps you meant to reference the column "activity.from_time_stamp".
  Position: 8
2020-09-23 15:56:15 [http-nio-8444-exec-10] ERROR o.h.e.jdbc.spi.SqlExceptionHelper - ERROR: column "fromtimestamp" does not exist
  Hint: Perhaps you meant to reference the column "activity.from_time_stamp".
  Position: 8
2020-09-23 15:56:32 [http-nio-8444-exec-9] ERROR o.h.e.jdbc.spi.SqlExceptionHelper - ERROR: column "fromtimestamp" does not exist
  Hint: Perhaps you meant to reference the column "activity.from_time_stamp".
  Position: 8
2020-09-23 15:56:32 [http-nio-8444-exec-9] ERROR o.h.e.jdbc.spi.SqlExceptionHelper - ERROR: column "fromtimestamp" does not exist
  Hint: Perhaps you meant to reference the column "activity.from_time_stamp".
  Position: 8
2020-09-23 15:56:32 [http-nio-8444-exec-9] ERROR o.h.e.jdbc.spi.SqlExceptionHelper - ERROR: column "fromtimestamp" does not exist
  Hint: Perhaps you meant to reference the column "activity.from_time_stamp".
  Position: 8
2020-09-23 15:56:34 [http-nio-8444-exec-7] ERROR o.h.e.jdbc.spi.SqlExceptionHelper - ERROR: column "fromtimestamp" does not exist
  Hint: Perhaps you meant to reference the column "activity.from_time_stamp".
  Position: 8
2020-09-23 15:56:34 [http-nio-8444-exec-7] ERROR o.h.e.jdbc.spi.SqlExceptionHelper - ERROR: column "fromtimestamp" does not exist
  Hint: Perhaps you meant to reference the column "activity.from_time_stamp".
  Position: 8
2020-09-23 15:56:34 [http-nio-8444-exec-7] ERROR o.h.e.jdbc.spi.SqlExceptionHelper - ERROR: column "fromtimestamp" does not exist
  Hint: Perhaps you meant to reference the column "activity.from_time_stamp".
  Position: 8
2020-09-23 15:58:59 [http-nio-8444-exec-9] ERROR o.h.e.jdbc.spi.SqlExceptionHelper - ERROR: column "fromtimestamp" does not exist
  Hint: Perhaps you meant to reference the column "activity.from_time_stamp".
  Position: 8
2020-09-23 15:58:59 [http-nio-8444-exec-9] ERROR o.h.e.jdbc.spi.SqlExceptionHelper - ERROR: column "fromtimestamp" does not exist
  Hint: Perhaps you meant to reference the column "activity.from_time_stamp".
  Position: 8
2020-09-23 15:58:59 [http-nio-8444-exec-9] ERROR o.h.e.jdbc.spi.SqlExceptionHelper - ERROR: column "fromtimestamp" does not exist
  Hint: Perhaps you meant to reference the column "activity.from_time_stamp".
  Position: 8
2020-09-23 16:02:12 [http-nio-8444-exec-4] ERROR o.h.e.jdbc.spi.SqlExceptionHelper - ERROR: column "fromtimestamp" does not exist
  Hint: Perhaps you meant to reference the column "activity.from_time_stamp".
  Position: 8
2020-09-23 16:02:12 [http-nio-8444-exec-4] ERROR o.h.e.jdbc.spi.SqlExceptionHelper - ERROR: column "fromtimestamp" does not exist
  Hint: Perhaps you meant to reference the column "activity.from_time_stamp".
  Position: 8
2020-09-23 16:02:12 [http-nio-8444-exec-4] ERROR o.h.e.jdbc.spi.SqlExceptionHelper - ERROR: column "fromtimestamp" does not exist
  Hint: Perhaps you meant to reference the column "activity.from_time_stamp".
  Position: 8
2020-09-23 16:02:40 [http-nio-8444-exec-6] ERROR o.h.e.jdbc.spi.SqlExceptionHelper - ERROR: column "fromtimestamp" does not exist
  Hint: Perhaps you meant to reference the column "activity.from_time_stamp".
  Position: 8
2020-09-23 16:02:40 [http-nio-8444-exec-6] ERROR o.h.e.jdbc.spi.SqlExceptionHelper - ERROR: column "fromtimestamp" does not exist
  Hint: Perhaps you meant to reference the column "activity.from_time_stamp".
  Position: 8
2020-09-23 16:02:40 [http-nio-8444-exec-6] ERROR o.h.e.jdbc.spi.SqlExceptionHelper - ERROR: column "fromtimestamp" does not exist
  Hint: Perhaps you meant to reference the column "activity.from_time_stamp".
  Position: 8
2020-09-23 16:02:46 [http-nio-8444-exec-10] ERROR o.h.e.jdbc.spi.SqlExceptionHelper - ERROR: column "fromtimestamp" does not exist
  Hint: Perhaps you meant to reference the column "activity.from_time_stamp".
  Position: 8
2020-09-23 16:02:46 [http-nio-8444-exec-10] ERROR o.h.e.jdbc.spi.SqlExceptionHelper - ERROR: column "fromtimestamp" does not exist
  Hint: Perhaps you meant to reference the column "activity.from_time_stamp".
  Position: 8
2020-09-23 16:02:46 [http-nio-8444-exec-10] ERROR o.h.e.jdbc.spi.SqlExceptionHelper - ERROR: column "fromtimestamp" does not exist
  Hint: Perhaps you meant to reference the column "activity.from_time_stamp".
  Position: 8
2020-09-23 16:05:36 [http-nio-8444-exec-3] ERROR o.h.e.jdbc.spi.SqlExceptionHelper - ERROR: column "fromtimestamp" does not exist
  Hint: Perhaps you meant to reference the column "activity.from_time_stamp".
  Position: 8
2020-09-23 16:05:36 [http-nio-8444-exec-3] ERROR o.h.e.jdbc.spi.SqlExceptionHelper - ERROR: column "fromtimestamp" does not exist
  Hint: Perhaps you meant to reference the column "activity.from_time_stamp".
  Position: 8
2020-09-23 16:05:36 [http-nio-8444-exec-3] ERROR o.h.e.jdbc.spi.SqlExceptionHelper - ERROR: column "fromtimestamp" does not exist
  Hint: Perhaps you meant to reference the column "activity.from_time_stamp".
  Position: 8
2020-09-23 16:08:07 [http-nio-8444-exec-6] ERROR o.h.e.jdbc.spi.SqlExceptionHelper - ERROR: column "fromtimestamp" does not exist
  Hint: Perhaps you meant to reference the column "activity.from_time_stamp".
  Position: 8
2020-09-23 16:08:07 [http-nio-8444-exec-6] ERROR o.h.e.jdbc.spi.SqlExceptionHelper - ERROR: column "fromtimestamp" does not exist
  Hint: Perhaps you meant to reference the column "activity.from_time_stamp".
  Position: 8
2020-09-23 16:08:07 [http-nio-8444-exec-6] ERROR o.h.e.jdbc.spi.SqlExceptionHelper - ERROR: column "fromtimestamp" does not exist
  Hint: Perhaps you meant to reference the column "activity.from_time_stamp".
  Position: 8
2020-09-23 16:11:28 [http-nio-8444-exec-8] ERROR o.h.e.jdbc.spi.SqlExceptionHelper - ERROR: column "fromtimestamp" does not exist
  Hint: Perhaps you meant to reference the column "activity.from_time_stamp".
  Position: 8
2020-09-23 16:11:28 [http-nio-8444-exec-8] ERROR o.h.e.jdbc.spi.SqlExceptionHelper - ERROR: column "fromtimestamp" does not exist
  Hint: Perhaps you meant to reference the column "activity.from_time_stamp".
  Position: 8
2020-09-23 16:11:28 [http-nio-8444-exec-8] ERROR o.h.e.jdbc.spi.SqlExceptionHelper - ERROR: column "fromtimestamp" does not exist
  Hint: Perhaps you meant to reference the column "activity.from_time_stamp".
  Position: 8
2020-09-23 16:12:02 [http-nio-8444-exec-9] ERROR o.h.e.jdbc.spi.SqlExceptionHelper - ERROR: column "fromtimestamp" does not exist
  Hint: Perhaps you meant to reference the column "activity.from_time_stamp".
  Position: 8
2020-09-23 16:12:02 [http-nio-8444-exec-9] ERROR o.h.e.jdbc.spi.SqlExceptionHelper - ERROR: column "fromtimestamp" does not exist
  Hint: Perhaps you meant to reference the column "activity.from_time_stamp".
  Position: 8
2020-09-23 16:12:02 [http-nio-8444-exec-9] ERROR o.h.e.jdbc.spi.SqlExceptionHelper - ERROR: column "fromtimestamp" does not exist
  Hint: Perhaps you meant to reference the column "activity.from_time_stamp".
  Position: 8
2020-09-23 16:12:55 [http-nio-8444-exec-7] ERROR o.h.e.jdbc.spi.SqlExceptionHelper - ERROR: column "fromtimestamp" does not exist
  Hint: Perhaps you meant to reference the column "activity.from_time_stamp".
  Position: 8
2020-09-23 16:12:55 [http-nio-8444-exec-7] ERROR o.h.e.jdbc.spi.SqlExceptionHelper - ERROR: column "fromtimestamp" does not exist
  Hint: Perhaps you meant to reference the column "activity.from_time_stamp".
  Position: 8
2020-09-23 16:12:55 [http-nio-8444-exec-7] ERROR o.h.e.jdbc.spi.SqlExceptionHelper - ERROR: column "fromtimestamp" does not exist
  Hint: Perhaps you meant to reference the column "activity.from_time_stamp".
  Position: 8
2020-09-23 16:16:00 [http-nio-8444-exec-3] ERROR o.h.e.jdbc.spi.SqlExceptionHelper - ERROR: column "fromtimestamp" does not exist
  Hint: Perhaps you meant to reference the column "activity.from_time_stamp".
  Position: 8
2020-09-23 16:16:00 [http-nio-8444-exec-3] ERROR o.h.e.jdbc.spi.SqlExceptionHelper - ERROR: column "fromtimestamp" does not exist
  Hint: Perhaps you meant to reference the column "activity.from_time_stamp".
  Position: 8
2020-09-23 16:16:00 [http-nio-8444-exec-3] ERROR o.h.e.jdbc.spi.SqlExceptionHelper - ERROR: column "fromtimestamp" does not exist
  Hint: Perhaps you meant to reference the column "activity.from_time_stamp".
  Position: 8
2020-09-23 16:20:00 [http-nio-8444-exec-6] ERROR o.h.e.jdbc.spi.SqlExceptionHelper - ERROR: column "fromtimestamp" does not exist
  Hint: Perhaps you meant to reference the column "activity.from_time_stamp".
  Position: 8
2020-09-23 16:20:00 [http-nio-8444-exec-6] ERROR o.h.e.jdbc.spi.SqlExceptionHelper - ERROR: column "fromtimestamp" does not exist
  Hint: Perhaps you meant to reference the column "activity.from_time_stamp".
  Position: 8
2020-09-23 16:20:00 [http-nio-8444-exec-6] ERROR o.h.e.jdbc.spi.SqlExceptionHelper - ERROR: column "fromtimestamp" does not exist
  Hint: Perhaps you meant to reference the column "activity.from_time_stamp".
  Position: 8
2020-09-23 16:21:47 [http-nio-8444-exec-5] ERROR o.h.e.jdbc.spi.SqlExceptionHelper - ERROR: column "fromtimestamp" does not exist
  Hint: Perhaps you meant to reference the column "activity.from_time_stamp".
  Position: 8
2020-09-23 16:21:47 [http-nio-8444-exec-5] ERROR o.h.e.jdbc.spi.SqlExceptionHelper - ERROR: column "fromtimestamp" does not exist
  Hint: Perhaps you meant to reference the column "activity.from_time_stamp".
  Position: 8
2020-09-23 16:21:47 [http-nio-8444-exec-5] ERROR o.h.e.jdbc.spi.SqlExceptionHelper - ERROR: column "fromtimestamp" does not exist
  Hint: Perhaps you meant to reference the column "activity.from_time_stamp".
  Position: 8
2020-09-23 16:21:50 [http-nio-8444-exec-9] ERROR o.h.e.jdbc.spi.SqlExceptionHelper - ERROR: column "fromtimestamp" does not exist
  Hint: Perhaps you meant to reference the column "activity.from_time_stamp".
  Position: 8
2020-09-23 16:21:50 [http-nio-8444-exec-9] ERROR o.h.e.jdbc.spi.SqlExceptionHelper - ERROR: column "fromtimestamp" does not exist
  Hint: Perhaps you meant to reference the column "activity.from_time_stamp".
  Position: 8
2020-09-23 16:21:50 [http-nio-8444-exec-9] ERROR o.h.e.jdbc.spi.SqlExceptionHelper - ERROR: column "fromtimestamp" does not exist
  Hint: Perhaps you meant to reference the column "activity.from_time_stamp".
  Position: 8
2020-09-23 16:22:06 [http-nio-8444-exec-7] ERROR o.h.e.jdbc.spi.SqlExceptionHelper - ERROR: column "fromtimestamp" does not exist
  Hint: Perhaps you meant to reference the column "activity.from_time_stamp".
  Position: 8
2020-09-23 16:22:06 [http-nio-8444-exec-7] ERROR o.h.e.jdbc.spi.SqlExceptionHelper - ERROR: column "fromtimestamp" does not exist
  Hint: Perhaps you meant to reference the column "activity.from_time_stamp".
  Position: 8
2020-09-23 16:22:06 [http-nio-8444-exec-7] ERROR o.h.e.jdbc.spi.SqlExceptionHelper - ERROR: column "fromtimestamp" does not exist
  Hint: Perhaps you meant to reference the column "activity.from_time_stamp".
  Position: 8
2020-09-23 16:22:27 [http-nio-8444-exec-4] ERROR o.h.e.jdbc.spi.SqlExceptionHelper - ERROR: column "fromtimestamp" does not exist
  Hint: Perhaps you meant to reference the column "activity.from_time_stamp".
  Position: 8
2020-09-23 16:22:27 [http-nio-8444-exec-4] ERROR o.h.e.jdbc.spi.SqlExceptionHelper - ERROR: column "fromtimestamp" does not exist
  Hint: Perhaps you meant to reference the column "activity.from_time_stamp".
  Position: 8
2020-09-23 16:22:27 [http-nio-8444-exec-4] ERROR o.h.e.jdbc.spi.SqlExceptionHelper - ERROR: column "fromtimestamp" does not exist
  Hint: Perhaps you meant to reference the column "activity.from_time_stamp".
  Position: 8
2020-09-23 16:22:47 [http-nio-8444-exec-1] ERROR o.h.e.jdbc.spi.SqlExceptionHelper - ERROR: column "fromtimestamp" does not exist
  Hint: Perhaps you meant to reference the column "activity.from_time_stamp".
  Position: 8
2020-09-23 16:22:47 [http-nio-8444-exec-1] ERROR o.h.e.jdbc.spi.SqlExceptionHelper - ERROR: column "fromtimestamp" does not exist
  Hint: Perhaps you meant to reference the column "activity.from_time_stamp".
  Position: 8
2020-09-23 16:22:47 [http-nio-8444-exec-1] ERROR o.h.e.jdbc.spi.SqlExceptionHelper - ERROR: column "fromtimestamp" does not exist
  Hint: Perhaps you meant to reference the column "activity.from_time_stamp".
  Position: 8
2020-09-23 16:22:54 [http-nio-8444-exec-3] ERROR o.h.e.jdbc.spi.SqlExceptionHelper - ERROR: column "fromtimestamp" does not exist
  Hint: Perhaps you meant to reference the column "activity.from_time_stamp".
  Position: 8
2020-09-23 16:22:54 [http-nio-8444-exec-3] ERROR o.h.e.jdbc.spi.SqlExceptionHelper - ERROR: column "fromtimestamp" does not exist
  Hint: Perhaps you meant to reference the column "activity.from_time_stamp".
  Position: 8
2020-09-23 16:22:54 [http-nio-8444-exec-3] ERROR o.h.e.jdbc.spi.SqlExceptionHelper - ERROR: column "fromtimestamp" does not exist
  Hint: Perhaps you meant to reference the column "activity.from_time_stamp".
  Position: 8
2020-09-23 16:22:55 [http-nio-8444-exec-2] ERROR o.h.e.jdbc.spi.SqlExceptionHelper - ERROR: column "fromtimestamp" does not exist
  Hint: Perhaps you meant to reference the column "activity.from_time_stamp".
  Position: 8
2020-09-23 16:22:55 [http-nio-8444-exec-2] ERROR o.h.e.jdbc.spi.SqlExceptionHelper - ERROR: column "fromtimestamp" does not exist
  Hint: Perhaps you meant to reference the column "activity.from_time_stamp".
  Position: 8
2020-09-23 16:22:55 [http-nio-8444-exec-2] ERROR o.h.e.jdbc.spi.SqlExceptionHelper - ERROR: column "fromtimestamp" does not exist
  Hint: Perhaps you meant to reference the column "activity.from_time_stamp".
  Position: 8
2020-09-23 16:23:58 [http-nio-8444-exec-5] ERROR o.h.e.jdbc.spi.SqlExceptionHelper - ERROR: column "fromtimestamp" does not exist
  Hint: Perhaps you meant to reference the column "activity.from_time_stamp".
  Position: 8
2020-09-23 16:23:58 [http-nio-8444-exec-5] ERROR o.h.e.jdbc.spi.SqlExceptionHelper - ERROR: column "fromtimestamp" does not exist
  Hint: Perhaps you meant to reference the column "activity.from_time_stamp".
  Position: 8
2020-09-23 16:23:58 [http-nio-8444-exec-5] ERROR o.h.e.jdbc.spi.SqlExceptionHelper - ERROR: column "fromtimestamp" does not exist
  Hint: Perhaps you meant to reference the column "activity.from_time_stamp".
  Position: 8
2020-09-23 16:25:01 [http-nio-8444-exec-7] ERROR o.h.e.jdbc.spi.SqlExceptionHelper - ERROR: column "fromtimestamp" does not exist
  Hint: Perhaps you meant to reference the column "activity.from_time_stamp".
  Position: 8
2020-09-23 16:25:01 [http-nio-8444-exec-7] ERROR o.h.e.jdbc.spi.SqlExceptionHelper - ERROR: column "fromtimestamp" does not exist
  Hint: Perhaps you meant to reference the column "activity.from_time_stamp".
  Position: 8
2020-09-23 16:25:01 [http-nio-8444-exec-7] ERROR o.h.e.jdbc.spi.SqlExceptionHelper - ERROR: column "fromtimestamp" does not exist
  Hint: Perhaps you meant to reference the column "activity.from_time_stamp".
  Position: 8
2020-09-23 16:25:42 [http-nio-8444-exec-4] ERROR o.h.e.jdbc.spi.SqlExceptionHelper - ERROR: column "fromtimestamp" does not exist
  Hint: Perhaps you meant to reference the column "activity.from_time_stamp".
  Position: 8
2020-09-23 16:25:42 [http-nio-8444-exec-4] ERROR o.h.e.jdbc.spi.SqlExceptionHelper - ERROR: column "fromtimestamp" does not exist
  Hint: Perhaps you meant to reference the column "activity.from_time_stamp".
  Position: 8
2020-09-23 16:25:42 [http-nio-8444-exec-4] ERROR o.h.e.jdbc.spi.SqlExceptionHelper - ERROR: column "fromtimestamp" does not exist
  Hint: Perhaps you meant to reference the column "activity.from_time_stamp".
  Position: 8
2020-09-23 16:27:12 [http-nio-8444-exec-3] ERROR o.h.e.jdbc.spi.SqlExceptionHelper - ERROR: column "fromtimestamp" does not exist
  Hint: Perhaps you meant to reference the column "activity.from_time_stamp".
  Position: 8
2020-09-23 16:27:12 [http-nio-8444-exec-3] ERROR o.h.e.jdbc.spi.SqlExceptionHelper - ERROR: column "fromtimestamp" does not exist
  Hint: Perhaps you meant to reference the column "activity.from_time_stamp".
  Position: 8
2020-09-23 16:27:12 [http-nio-8444-exec-3] ERROR o.h.e.jdbc.spi.SqlExceptionHelper - ERROR: column "fromtimestamp" does not exist
  Hint: Perhaps you meant to reference the column "activity.from_time_stamp".
  Position: 8
2020-09-23 16:28:38 [http-nio-8444-exec-6] ERROR o.h.e.jdbc.spi.SqlExceptionHelper - ERROR: column "fromtimestamp" does not exist
  Hint: Perhaps you meant to reference the column "activity.from_time_stamp".
  Position: 8
2020-09-23 16:28:38 [http-nio-8444-exec-6] ERROR o.h.e.jdbc.spi.SqlExceptionHelper - ERROR: column "fromtimestamp" does not exist
  Hint: Perhaps you meant to reference the column "activity.from_time_stamp".
  Position: 8
2020-09-23 16:28:38 [http-nio-8444-exec-6] ERROR o.h.e.jdbc.spi.SqlExceptionHelper - ERROR: column "fromtimestamp" does not exist
  Hint: Perhaps you meant to reference the column "activity.from_time_stamp".
  Position: 8
2020-09-23 16:28:59 [http-nio-8444-exec-8] ERROR o.h.e.jdbc.spi.SqlExceptionHelper - ERROR: column "fromtimestamp" does not exist
  Hint: Perhaps you meant to reference the column "activity.from_time_stamp".
  Position: 8
2020-09-23 16:28:59 [http-nio-8444-exec-8] ERROR o.h.e.jdbc.spi.SqlExceptionHelper - ERROR: column "fromtimestamp" does not exist
  Hint: Perhaps you meant to reference the column "activity.from_time_stamp".
  Position: 8
2020-09-23 16:28:59 [http-nio-8444-exec-8] ERROR o.h.e.jdbc.spi.SqlExceptionHelper - ERROR: column "fromtimestamp" does not exist
  Hint: Perhaps you meant to reference the column "activity.from_time_stamp".
  Position: 8
2020-09-23 16:32:01 [http-nio-8444-exec-3] ERROR o.h.e.jdbc.spi.SqlExceptionHelper - ERROR: column "fromtimestamp" does not exist
  Hint: Perhaps you meant to reference the column "activity.from_time_stamp".
  Position: 8
2020-09-23 16:32:01 [http-nio-8444-exec-3] ERROR o.h.e.jdbc.spi.SqlExceptionHelper - ERROR: column "fromtimestamp" does not exist
  Hint: Perhaps you meant to reference the column "activity.from_time_stamp".
  Position: 8
2020-09-23 16:32:01 [http-nio-8444-exec-3] ERROR o.h.e.jdbc.spi.SqlExceptionHelper - ERROR: column "fromtimestamp" does not exist
  Hint: Perhaps you meant to reference the column "activity.from_time_stamp".
  Position: 8
2020-09-23 16:37:31 [http-nio-8444-exec-6] ERROR o.h.e.jdbc.spi.SqlExceptionHelper - ERROR: column "fromtimestamp" does not exist
  Hint: Perhaps you meant to reference the column "activity.from_time_stamp".
  Position: 8
2020-09-23 16:37:31 [http-nio-8444-exec-6] ERROR o.h.e.jdbc.spi.SqlExceptionHelper - ERROR: column "fromtimestamp" does not exist
  Hint: Perhaps you meant to reference the column "activity.from_time_stamp".
  Position: 8
2020-09-23 16:37:31 [http-nio-8444-exec-6] ERROR o.h.e.jdbc.spi.SqlExceptionHelper - ERROR: column "fromtimestamp" does not exist
  Hint: Perhaps you meant to reference the column "activity.from_time_stamp".
  Position: 8
2020-09-23 16:37:45 [http-nio-8444-exec-8] ERROR o.h.e.jdbc.spi.SqlExceptionHelper - ERROR: column "fromtimestamp" does not exist
  Hint: Perhaps you meant to reference the column "activity.from_time_stamp".
  Position: 8
2020-09-23 16:37:45 [http-nio-8444-exec-8] ERROR o.h.e.jdbc.spi.SqlExceptionHelper - ERROR: column "fromtimestamp" does not exist
  Hint: Perhaps you meant to reference the column "activity.from_time_stamp".
  Position: 8
2020-09-23 16:37:45 [http-nio-8444-exec-8] ERROR o.h.e.jdbc.spi.SqlExceptionHelper - ERROR: column "fromtimestamp" does not exist
  Hint: Perhaps you meant to reference the column "activity.from_time_stamp".
  Position: 8
2020-09-23 16:42:47 [http-nio-8444-exec-9] ERROR o.h.e.jdbc.spi.SqlExceptionHelper - ERROR: column "fromtimestamp" does not exist
  Hint: Perhaps you meant to reference the column "activity.from_time_stamp".
  Position: 8
2020-09-23 16:42:47 [http-nio-8444-exec-9] ERROR o.h.e.jdbc.spi.SqlExceptionHelper - ERROR: column "fromtimestamp" does not exist
  Hint: Perhaps you meant to reference the column "activity.from_time_stamp".
  Position: 8
2020-09-23 16:42:47 [http-nio-8444-exec-9] ERROR o.h.e.jdbc.spi.SqlExceptionHelper - ERROR: column "fromtimestamp" does not exist
  Hint: Perhaps you meant to reference the column "activity.from_time_stamp".
  Position: 8
2020-09-23 16:47:11 [http-nio-8444-exec-4] ERROR o.h.e.jdbc.spi.SqlExceptionHelper - ERROR: column "fromtimestamp" does not exist
  Hint: Perhaps you meant to reference the column "activity.from_time_stamp".
  Position: 8
2020-09-23 16:47:11 [http-nio-8444-exec-4] ERROR o.h.e.jdbc.spi.SqlExceptionHelper - ERROR: column "fromtimestamp" does not exist
  Hint: Perhaps you meant to reference the column "activity.from_time_stamp".
  Position: 8
2020-09-23 16:47:11 [http-nio-8444-exec-4] ERROR o.h.e.jdbc.spi.SqlExceptionHelper - ERROR: column "fromtimestamp" does not exist
  Hint: Perhaps you meant to reference the column "activity.from_time_stamp".
  Position: 8
2020-09-23 16:57:05 [http-nio-8444-exec-3] ERROR o.h.e.jdbc.spi.SqlExceptionHelper - ERROR: column "fromtimestamp" does not exist
  Hint: Perhaps you meant to reference the column "activity.from_time_stamp".
  Position: 8
2020-09-23 16:57:05 [http-nio-8444-exec-3] ERROR o.h.e.jdbc.spi.SqlExceptionHelper - ERROR: column "fromtimestamp" does not exist
  Hint: Perhaps you meant to reference the column "activity.from_time_stamp".
  Position: 8
2020-09-23 16:57:05 [http-nio-8444-exec-3] ERROR o.h.e.jdbc.spi.SqlExceptionHelper - ERROR: column "fromtimestamp" does not exist
  Hint: Perhaps you meant to reference the column "activity.from_time_stamp".
  Position: 8
2020-09-23 16:58:02 [http-nio-8444-exec-2] ERROR o.h.e.jdbc.spi.SqlExceptionHelper - ERROR: column "fromtimestamp" does not exist
  Hint: Perhaps you meant to reference the column "activity.from_time_stamp".
  Position: 8
2020-09-23 16:58:02 [http-nio-8444-exec-2] ERROR o.h.e.jdbc.spi.SqlExceptionHelper - ERROR: column "fromtimestamp" does not exist
  Hint: Perhaps you meant to reference the column "activity.from_time_stamp".
  Position: 8
2020-09-23 16:58:02 [http-nio-8444-exec-2] ERROR o.h.e.jdbc.spi.SqlExceptionHelper - ERROR: column "fromtimestamp" does not exist
  Hint: Perhaps you meant to reference the column "activity.from_time_stamp".
  Position: 8
2020-09-23 16:58:25 [http-nio-8444-exec-6] ERROR o.h.e.jdbc.spi.SqlExceptionHelper - ERROR: column "fromtimestamp" does not exist
  Hint: Perhaps you meant to reference the column "activity.from_time_stamp".
  Position: 8
2020-09-23 16:58:25 [http-nio-8444-exec-6] ERROR o.h.e.jdbc.spi.SqlExceptionHelper - ERROR: column "fromtimestamp" does not exist
  Hint: Perhaps you meant to reference the column "activity.from_time_stamp".
  Position: 8
2020-09-23 16:58:25 [http-nio-8444-exec-6] ERROR o.h.e.jdbc.spi.SqlExceptionHelper - ERROR: column "fromtimestamp" does not exist
  Hint: Perhaps you meant to reference the column "activity.from_time_stamp".
  Position: 8
2020-09-23 17:01:36 [http-nio-8444-exec-10] ERROR o.h.e.jdbc.spi.SqlExceptionHelper - ERROR: column "fromtimestamp" does not exist
  Hint: Perhaps you meant to reference the column "activity.from_time_stamp".
  Position: 8
2020-09-23 17:01:36 [http-nio-8444-exec-10] ERROR o.h.e.jdbc.spi.SqlExceptionHelper - ERROR: column "fromtimestamp" does not exist
  Hint: Perhaps you meant to reference the column "activity.from_time_stamp".
  Position: 8
2020-09-23 17:01:36 [http-nio-8444-exec-10] ERROR o.h.e.jdbc.spi.SqlExceptionHelper - ERROR: column "fromtimestamp" does not exist
  Hint: Perhaps you meant to reference the column "activity.from_time_stamp".
  Position: 8
2020-09-23 17:12:20 [http-nio-8444-exec-9] ERROR o.h.e.jdbc.spi.SqlExceptionHelper - ERROR: column "fromtimestamp" does not exist
  Hint: Perhaps you meant to reference the column "activity.from_time_stamp".
  Position: 8
2020-09-23 17:12:20 [http-nio-8444-exec-9] ERROR o.h.e.jdbc.spi.SqlExceptionHelper - ERROR: column "fromtimestamp" does not exist
  Hint: Perhaps you meant to reference the column "activity.from_time_stamp".
  Position: 8
2020-09-23 17:12:20 [http-nio-8444-exec-9] ERROR o.h.e.jdbc.spi.SqlExceptionHelper - ERROR: column "fromtimestamp" does not exist
  Hint: Perhaps you meant to reference the column "activity.from_time_stamp".
  Position: 8
2020-09-23 17:30:22 [http-nio-8444-exec-7] ERROR o.h.e.jdbc.spi.SqlExceptionHelper - ERROR: column "fromtimestamp" does not exist
  Hint: Perhaps you meant to reference the column "activity.from_time_stamp".
  Position: 8
2020-09-23 17:30:22 [http-nio-8444-exec-7] ERROR o.h.e.jdbc.spi.SqlExceptionHelper - ERROR: column "fromtimestamp" does not exist
  Hint: Perhaps you meant to reference the column "activity.from_time_stamp".
  Position: 8
2020-09-23 17:30:22 [http-nio-8444-exec-7] ERROR o.h.e.jdbc.spi.SqlExceptionHelper - ERROR: column "fromtimestamp" does not exist
  Hint: Perhaps you meant to reference the column "activity.from_time_stamp".
  Position: 8
2020-09-23 17:34:27 [http-nio-8444-exec-2] ERROR o.h.e.jdbc.spi.SqlExceptionHelper - ERROR: column "fromtimestamp" does not exist
  Hint: Perhaps you meant to reference the column "activity.from_time_stamp".
  Position: 8
2020-09-23 17:34:27 [http-nio-8444-exec-2] ERROR o.h.e.jdbc.spi.SqlExceptionHelper - ERROR: column "fromtimestamp" does not exist
  Hint: Perhaps you meant to reference the column "activity.from_time_stamp".
  Position: 8
2020-09-23 17:34:27 [http-nio-8444-exec-2] ERROR o.h.e.jdbc.spi.SqlExceptionHelper - ERROR: column "fromtimestamp" does not exist
  Hint: Perhaps you meant to reference the column "activity.from_time_stamp".
  Position: 8
2020-09-23 17:35:23 [http-nio-8444-exec-6] ERROR o.h.e.jdbc.spi.SqlExceptionHelper - ERROR: column "fromtimestamp" does not exist
  Hint: Perhaps you meant to reference the column "activity.from_time_stamp".
  Position: 8
2020-09-23 17:35:23 [http-nio-8444-exec-6] ERROR o.h.e.jdbc.spi.SqlExceptionHelper - ERROR: column "fromtimestamp" does not exist
  Hint: Perhaps you meant to reference the column "activity.from_time_stamp".
  Position: 8
2020-09-23 17:35:23 [http-nio-8444-exec-6] ERROR o.h.e.jdbc.spi.SqlExceptionHelper - ERROR: column "fromtimestamp" does not exist
  Hint: Perhaps you meant to reference the column "activity.from_time_stamp".
  Position: 8
2020-09-23 17:35:58 [http-nio-8444-exec-8] ERROR o.h.e.jdbc.spi.SqlExceptionHelper - ERROR: column "fromtimestamp" does not exist
  Hint: Perhaps you meant to reference the column "activity.from_time_stamp".
  Position: 8
2020-09-23 17:35:58 [http-nio-8444-exec-8] ERROR o.h.e.jdbc.spi.SqlExceptionHelper - ERROR: column "fromtimestamp" does not exist
  Hint: Perhaps you meant to reference the column "activity.from_time_stamp".
  Position: 8
2020-09-23 17:35:58 [http-nio-8444-exec-8] ERROR o.h.e.jdbc.spi.SqlExceptionHelper - ERROR: column "fromtimestamp" does not exist
  Hint: Perhaps you meant to reference the column "activity.from_time_stamp".
  Position: 8
2020-09-23 17:39:25 [http-nio-8444-exec-9] ERROR o.h.e.jdbc.spi.SqlExceptionHelper - ERROR: column "fromtimestamp" does not exist
  Hint: Perhaps you meant to reference the column "activity.from_time_stamp".
  Position: 8
2020-09-23 17:39:25 [http-nio-8444-exec-9] ERROR o.h.e.jdbc.spi.SqlExceptionHelper - ERROR: column "fromtimestamp" does not exist
  Hint: Perhaps you meant to reference the column "activity.from_time_stamp".
  Position: 8
2020-09-23 17:39:25 [http-nio-8444-exec-9] ERROR o.h.e.jdbc.spi.SqlExceptionHelper - ERROR: column "fromtimestamp" does not exist
  Hint: Perhaps you meant to reference the column "activity.from_time_stamp".
  Position: 8
2020-09-23 17:41:34 [http-nio-8444-exec-4] ERROR o.h.e.jdbc.spi.SqlExceptionHelper - ERROR: column "fromtimestamp" does not exist
  Hint: Perhaps you meant to reference the column "activity.from_time_stamp".
  Position: 8
2020-09-23 17:41:34 [http-nio-8444-exec-4] ERROR o.h.e.jdbc.spi.SqlExceptionHelper - ERROR: column "fromtimestamp" does not exist
  Hint: Perhaps you meant to reference the column "activity.from_time_stamp".
  Position: 8
2020-09-23 17:41:34 [http-nio-8444-exec-4] ERROR o.h.e.jdbc.spi.SqlExceptionHelper - ERROR: column "fromtimestamp" does not exist
  Hint: Perhaps you meant to reference the column "activity.from_time_stamp".
  Position: 8
2020-09-23 17:45:18 [http-nio-8444-exec-3] ERROR o.h.e.jdbc.spi.SqlExceptionHelper - ERROR: column "fromtimestamp" does not exist
  Hint: Perhaps you meant to reference the column "activity.from_time_stamp".
  Position: 8
2020-09-23 17:45:18 [http-nio-8444-exec-3] ERROR o.h.e.jdbc.spi.SqlExceptionHelper - ERROR: column "fromtimestamp" does not exist
  Hint: Perhaps you meant to reference the column "activity.from_time_stamp".
  Position: 8
2020-09-23 17:45:18 [http-nio-8444-exec-3] ERROR o.h.e.jdbc.spi.SqlExceptionHelper - ERROR: column "fromtimestamp" does not exist
  Hint: Perhaps you meant to reference the column "activity.from_time_stamp".
  Position: 8
2020-09-23 17:45:26 [http-nio-8444-exec-2] ERROR o.h.e.jdbc.spi.SqlExceptionHelper - ERROR: column "fromtimestamp" does not exist
  Hint: Perhaps you meant to reference the column "activity.from_time_stamp".
  Position: 8
2020-09-23 17:45:26 [http-nio-8444-exec-2] ERROR o.h.e.jdbc.spi.SqlExceptionHelper - ERROR: column "fromtimestamp" does not exist
  Hint: Perhaps you meant to reference the column "activity.from_time_stamp".
  Position: 8
2020-09-23 17:45:26 [http-nio-8444-exec-2] ERROR o.h.e.jdbc.spi.SqlExceptionHelper - ERROR: column "fromtimestamp" does not exist
  Hint: Perhaps you meant to reference the column "activity.from_time_stamp".
  Position: 8
2020-09-23 17:47:43 [http-nio-8444-exec-10] ERROR o.h.e.jdbc.spi.SqlExceptionHelper - ERROR: column "fromtimestamp" does not exist
  Hint: Perhaps you meant to reference the column "activity.from_time_stamp".
  Position: 8
2020-09-23 17:47:43 [http-nio-8444-exec-10] ERROR o.h.e.jdbc.spi.SqlExceptionHelper - ERROR: column "fromtimestamp" does not exist
  Hint: Perhaps you meant to reference the column "activity.from_time_stamp".
  Position: 8
2020-09-23 17:47:43 [http-nio-8444-exec-10] ERROR o.h.e.jdbc.spi.SqlExceptionHelper - ERROR: column "fromtimestamp" does not exist
  Hint: Perhaps you meant to reference the column "activity.from_time_stamp".
  Position: 8
2020-09-23 17:49:32 [http-nio-8444-exec-9] ERROR o.h.e.jdbc.spi.SqlExceptionHelper - ERROR: column "fromtimestamp" does not exist
  Hint: Perhaps you meant to reference the column "activity.from_time_stamp".
  Position: 8
2020-09-23 17:49:32 [http-nio-8444-exec-9] ERROR o.h.e.jdbc.spi.SqlExceptionHelper - ERROR: column "fromtimestamp" does not exist
  Hint: Perhaps you meant to reference the column "activity.from_time_stamp".
  Position: 8
2020-09-23 17:49:32 [http-nio-8444-exec-9] ERROR o.h.e.jdbc.spi.SqlExceptionHelper - ERROR: column "fromtimestamp" does not exist
  Hint: Perhaps you meant to reference the column "activity.from_time_stamp".
  Position: 8
2020-09-23 17:50:06 [http-nio-8444-exec-1] ERROR o.h.e.jdbc.spi.SqlExceptionHelper - ERROR: column "fromtimestamp" does not exist
  Hint: Perhaps you meant to reference the column "activity.from_time_stamp".
  Position: 8
2020-09-23 17:50:06 [http-nio-8444-exec-1] ERROR o.h.e.jdbc.spi.SqlExceptionHelper - ERROR: column "fromtimestamp" does not exist
  Hint: Perhaps you meant to reference the column "activity.from_time_stamp".
  Position: 8
2020-09-23 17:50:06 [http-nio-8444-exec-1] ERROR o.h.e.jdbc.spi.SqlExceptionHelper - ERROR: column "fromtimestamp" does not exist
  Hint: Perhaps you meant to reference the column "activity.from_time_stamp".
  Position: 8
2020-09-23 17:53:56 [http-nio-8444-exec-7] ERROR o.h.e.jdbc.spi.SqlExceptionHelper - ERROR: column "fromtimestamp" does not exist
  Hint: Perhaps you meant to reference the column "activity.from_time_stamp".
  Position: 8
2020-09-23 17:53:56 [http-nio-8444-exec-7] ERROR o.h.e.jdbc.spi.SqlExceptionHelper - ERROR: column "fromtimestamp" does not exist
  Hint: Perhaps you meant to reference the column "activity.from_time_stamp".
  Position: 8
2020-09-23 17:53:56 [http-nio-8444-exec-7] ERROR o.h.e.jdbc.spi.SqlExceptionHelper - ERROR: column "fromtimestamp" does not exist
  Hint: Perhaps you meant to reference the column "activity.from_time_stamp".
  Position: 8
2020-09-23 17:55:32 [http-nio-8444-exec-2] ERROR o.h.e.jdbc.spi.SqlExceptionHelper - ERROR: column "fromtimestamp" does not exist
  Hint: Perhaps you meant to reference the column "activity.from_time_stamp".
  Position: 8
2020-09-23 17:55:32 [http-nio-8444-exec-2] ERROR o.h.e.jdbc.spi.SqlExceptionHelper - ERROR: column "fromtimestamp" does not exist
  Hint: Perhaps you meant to reference the column "activity.from_time_stamp".
  Position: 8
2020-09-23 17:55:32 [http-nio-8444-exec-2] ERROR o.h.e.jdbc.spi.SqlExceptionHelper - ERROR: column "fromtimestamp" does not exist
  Hint: Perhaps you meant to reference the column "activity.from_time_stamp".
  Position: 8
2020-09-23 18:00:42 [http-nio-8444-exec-8] ERROR o.h.e.jdbc.spi.SqlExceptionHelper - ERROR: column "fromtimestamp" does not exist
  Hint: Perhaps you meant to reference the column "activity.from_time_stamp".
  Position: 8
2020-09-23 18:00:42 [http-nio-8444-exec-8] ERROR o.h.e.jdbc.spi.SqlExceptionHelper - ERROR: column "fromtimestamp" does not exist
  Hint: Perhaps you meant to reference the column "activity.from_time_stamp".
  Position: 8
2020-09-23 18:00:42 [http-nio-8444-exec-8] ERROR o.h.e.jdbc.spi.SqlExceptionHelper - ERROR: column "fromtimestamp" does not exist
  Hint: Perhaps you meant to reference the column "activity.from_time_stamp".
  Position: 8
2020-09-23 18:06:40 [http-nio-8444-exec-5] ERROR o.h.e.jdbc.spi.SqlExceptionHelper - ERROR: column "fromtimestamp" does not exist
  Hint: Perhaps you meant to reference the column "activity.from_time_stamp".
  Position: 8
2020-09-23 18:06:40 [http-nio-8444-exec-5] ERROR o.h.e.jdbc.spi.SqlExceptionHelper - ERROR: column "fromtimestamp" does not exist
  Hint: Perhaps you meant to reference the column "activity.from_time_stamp".
  Position: 8
2020-09-23 18:06:40 [http-nio-8444-exec-5] ERROR o.h.e.jdbc.spi.SqlExceptionHelper - ERROR: column "fromtimestamp" does not exist
  Hint: Perhaps you meant to reference the column "activity.from_time_stamp".
  Position: 8
2020-09-23 18:10:42 [http-nio-8444-exec-1] ERROR o.h.e.jdbc.spi.SqlExceptionHelper - ERROR: column "fromtimestamp" does not exist
  Hint: Perhaps you meant to reference the column "activity.from_time_stamp".
  Position: 8
2020-09-23 18:10:42 [http-nio-8444-exec-1] ERROR o.h.e.jdbc.spi.SqlExceptionHelper - ERROR: column "fromtimestamp" does not exist
  Hint: Perhaps you meant to reference the column "activity.from_time_stamp".
  Position: 8
2020-09-23 18:10:42 [http-nio-8444-exec-1] ERROR o.h.e.jdbc.spi.SqlExceptionHelper - ERROR: column "fromtimestamp" does not exist
  Hint: Perhaps you meant to reference the column "activity.from_time_stamp".
  Position: 8
2020-09-23 18:11:56 [http-nio-8444-exec-7] ERROR o.h.e.jdbc.spi.SqlExceptionHelper - ERROR: column "fromtimestamp" does not exist
  Hint: Perhaps you meant to reference the column "activity.from_time_stamp".
  Position: 8
2020-09-23 18:11:56 [http-nio-8444-exec-7] ERROR o.h.e.jdbc.spi.SqlExceptionHelper - ERROR: column "fromtimestamp" does not exist
  Hint: Perhaps you meant to reference the column "activity.from_time_stamp".
  Position: 8
2020-09-23 18:11:56 [http-nio-8444-exec-7] ERROR o.h.e.jdbc.spi.SqlExceptionHelper - ERROR: column "fromtimestamp" does not exist
  Hint: Perhaps you meant to reference the column "activity.from_time_stamp".
  Position: 8
2020-09-23 18:17:58 [http-nio-8444-exec-2] ERROR o.h.e.jdbc.spi.SqlExceptionHelper - ERROR: column "fromtimestamp" does not exist
  Hint: Perhaps you meant to reference the column "activity.from_time_stamp".
  Position: 8
2020-09-23 18:17:58 [http-nio-8444-exec-2] ERROR o.h.e.jdbc.spi.SqlExceptionHelper - ERROR: column "fromtimestamp" does not exist
  Hint: Perhaps you meant to reference the column "activity.from_time_stamp".
  Position: 8
2020-09-23 18:17:58 [http-nio-8444-exec-2] ERROR o.h.e.jdbc.spi.SqlExceptionHelper - ERROR: column "fromtimestamp" does not exist
  Hint: Perhaps you meant to reference the column "activity.from_time_stamp".
  Position: 8
2020-09-23 18:49:10 [http-nio-8444-exec-1] ERROR o.h.e.jdbc.spi.SqlExceptionHelper - ERROR: column "fromtimestamp" does not exist
  Hint: Perhaps you meant to reference the column "activity.from_time_stamp".
  Position: 8
2020-09-23 18:49:10 [http-nio-8444-exec-1] ERROR o.h.e.jdbc.spi.SqlExceptionHelper - ERROR: column "fromtimestamp" does not exist
  Hint: Perhaps you meant to reference the column "activity.from_time_stamp".
  Position: 8
2020-09-23 18:49:10 [http-nio-8444-exec-1] ERROR o.h.e.jdbc.spi.SqlExceptionHelper - ERROR: column "fromtimestamp" does not exist
  Hint: Perhaps you meant to reference the column "activity.from_time_stamp".
  Position: 8
2020-09-23 18:53:13 [http-nio-8444-exec-7] ERROR o.h.e.jdbc.spi.SqlExceptionHelper - ERROR: column "fromtimestamp" does not exist
  Hint: Perhaps you meant to reference the column "activity.from_time_stamp".
  Position: 8
2020-09-23 18:53:13 [http-nio-8444-exec-7] ERROR o.h.e.jdbc.spi.SqlExceptionHelper - ERROR: column "fromtimestamp" does not exist
  Hint: Perhaps you meant to reference the column "activity.from_time_stamp".
  Position: 8
2020-09-23 18:53:13 [http-nio-8444-exec-7] ERROR o.h.e.jdbc.spi.SqlExceptionHelper - ERROR: column "fromtimestamp" does not exist
  Hint: Perhaps you meant to reference the column "activity.from_time_stamp".
  Position: 8
2020-09-23 18:55:02 [http-nio-8444-exec-2] ERROR o.h.e.jdbc.spi.SqlExceptionHelper - ERROR: column "fromtimestamp" does not exist
  Hint: Perhaps you meant to reference the column "activity.from_time_stamp".
  Position: 8
2020-09-23 18:55:02 [http-nio-8444-exec-2] ERROR o.h.e.jdbc.spi.SqlExceptionHelper - ERROR: column "fromtimestamp" does not exist
  Hint: Perhaps you meant to reference the column "activity.from_time_stamp".
  Position: 8
2020-09-23 18:55:02 [http-nio-8444-exec-2] ERROR o.h.e.jdbc.spi.SqlExceptionHelper - ERROR: column "fromtimestamp" does not exist
  Hint: Perhaps you meant to reference the column "activity.from_time_stamp".
  Position: 8
2020-09-23 19:11:24 [http-nio-8444-exec-8] ERROR o.h.e.jdbc.spi.SqlExceptionHelper - ERROR: column "fromtimestamp" does not exist
  Hint: Perhaps you meant to reference the column "activity.from_time_stamp".
  Position: 8
2020-09-23 19:11:24 [http-nio-8444-exec-8] ERROR o.h.e.jdbc.spi.SqlExceptionHelper - ERROR: column "fromtimestamp" does not exist
  Hint: Perhaps you meant to reference the column "activity.from_time_stamp".
  Position: 8
2020-09-23 19:11:24 [http-nio-8444-exec-8] ERROR o.h.e.jdbc.spi.SqlExceptionHelper - ERROR: column "fromtimestamp" does not exist
  Hint: Perhaps you meant to reference the column "activity.from_time_stamp".
  Position: 8
2020-09-23 19:11:33 [http-nio-8444-exec-5] ERROR o.h.e.jdbc.spi.SqlExceptionHelper - ERROR: column "fromtimestamp" does not exist
  Hint: Perhaps you meant to reference the column "activity.from_time_stamp".
  Position: 8
2020-09-23 19:11:33 [http-nio-8444-exec-5] ERROR o.h.e.jdbc.spi.SqlExceptionHelper - ERROR: column "fromtimestamp" does not exist
  Hint: Perhaps you meant to reference the column "activity.from_time_stamp".
  Position: 8
2020-09-23 19:11:33 [http-nio-8444-exec-5] ERROR o.h.e.jdbc.spi.SqlExceptionHelper - ERROR: column "fromtimestamp" does not exist
  Hint: Perhaps you meant to reference the column "activity.from_time_stamp".
  Position: 8
2020-09-23 19:20:19 [http-nio-8444-exec-1] ERROR o.h.e.jdbc.spi.SqlExceptionHelper - ERROR: column "fromtimestamp" does not exist
  Hint: Perhaps you meant to reference the column "activity.from_time_stamp".
  Position: 8
2020-09-23 19:20:19 [http-nio-8444-exec-1] ERROR o.h.e.jdbc.spi.SqlExceptionHelper - ERROR: column "fromtimestamp" does not exist
  Hint: Perhaps you meant to reference the column "activity.from_time_stamp".
  Position: 8
2020-09-23 19:20:19 [http-nio-8444-exec-1] ERROR o.h.e.jdbc.spi.SqlExceptionHelper - ERROR: column "fromtimestamp" does not exist
  Hint: Perhaps you meant to reference the column "activity.from_time_stamp".
  Position: 8
2020-09-23 19:22:06 [http-nio-8444-exec-7] ERROR o.h.e.jdbc.spi.SqlExceptionHelper - ERROR: column "fromtimestamp" does not exist
  Hint: Perhaps you meant to reference the column "activity.from_time_stamp".
  Position: 8
2020-09-23 19:22:06 [http-nio-8444-exec-7] ERROR o.h.e.jdbc.spi.SqlExceptionHelper - ERROR: column "fromtimestamp" does not exist
  Hint: Perhaps you meant to reference the column "activity.from_time_stamp".
  Position: 8
2020-09-23 19:22:06 [http-nio-8444-exec-7] ERROR o.h.e.jdbc.spi.SqlExceptionHelper - ERROR: column "fromtimestamp" does not exist
  Hint: Perhaps you meant to reference the column "activity.from_time_stamp".
  Position: 8
2020-09-23 19:29:07 [http-nio-8444-exec-2] ERROR o.h.e.jdbc.spi.SqlExceptionHelper - ERROR: column "fromtimestamp" does not exist
  Hint: Perhaps you meant to reference the column "activity.from_time_stamp".
  Position: 8
2020-09-23 19:29:07 [http-nio-8444-exec-2] ERROR o.h.e.jdbc.spi.SqlExceptionHelper - ERROR: column "fromtimestamp" does not exist
  Hint: Perhaps you meant to reference the column "activity.from_time_stamp".
  Position: 8
2020-09-23 19:29:07 [http-nio-8444-exec-2] ERROR o.h.e.jdbc.spi.SqlExceptionHelper - ERROR: column "fromtimestamp" does not exist
  Hint: Perhaps you meant to reference the column "activity.from_time_stamp".
  Position: 8
2020-09-23 21:24:21 [http-nio-8444-exec-8] ERROR o.h.e.jdbc.spi.SqlExceptionHelper - ERROR: column "fromtimestamp" does not exist
  Hint: Perhaps you meant to reference the column "activity.from_time_stamp".
  Position: 8
2020-09-23 21:24:21 [http-nio-8444-exec-8] ERROR o.h.e.jdbc.spi.SqlExceptionHelper - ERROR: column "fromtimestamp" does not exist
  Hint: Perhaps you meant to reference the column "activity.from_time_stamp".
  Position: 8
2020-09-23 21:24:21 [http-nio-8444-exec-8] ERROR o.h.e.jdbc.spi.SqlExceptionHelper - ERROR: column "fromtimestamp" does not exist
  Hint: Perhaps you meant to reference the column "activity.from_time_stamp".
  Position: 8
2020-09-23 21:29:17 [http-nio-8444-exec-5] ERROR o.h.e.jdbc.spi.SqlExceptionHelper - ERROR: column "fromtimestamp" does not exist
  Hint: Perhaps you meant to reference the column "activity.from_time_stamp".
  Position: 8
2020-09-23 21:29:17 [http-nio-8444-exec-5] ERROR o.h.e.jdbc.spi.SqlExceptionHelper - ERROR: column "fromtimestamp" does not exist
  Hint: Perhaps you meant to reference the column "activity.from_time_stamp".
  Position: 8
2020-09-23 21:29:17 [http-nio-8444-exec-5] ERROR o.h.e.jdbc.spi.SqlExceptionHelper - ERROR: column "fromtimestamp" does not exist
  Hint: Perhaps you meant to reference the column "activity.from_time_stamp".
  Position: 8
2020-09-23 21:41:29 [http-nio-8444-exec-1] ERROR o.h.e.jdbc.spi.SqlExceptionHelper - ERROR: column "fromtimestamp" does not exist
  Hint: Perhaps you meant to reference the column "activity.from_time_stamp".
  Position: 8
2020-09-23 21:41:29 [http-nio-8444-exec-1] ERROR o.h.e.jdbc.spi.SqlExceptionHelper - ERROR: column "fromtimestamp" does not exist
  Hint: Perhaps you meant to reference the column "activity.from_time_stamp".
  Position: 8
2020-09-23 21:41:29 [http-nio-8444-exec-1] ERROR o.h.e.jdbc.spi.SqlExceptionHelper - ERROR: column "fromtimestamp" does not exist
  Hint: Perhaps you meant to reference the column "activity.from_time_stamp".
  Position: 8
2020-09-23 21:43:07 [http-nio-8444-exec-7] ERROR o.h.e.jdbc.spi.SqlExceptionHelper - ERROR: column "fromtimestamp" does not exist
  Hint: Perhaps you meant to reference the column "activity.from_time_stamp".
  Position: 8
2020-09-23 21:43:07 [http-nio-8444-exec-7] ERROR o.h.e.jdbc.spi.SqlExceptionHelper - ERROR: column "fromtimestamp" does not exist
  Hint: Perhaps you meant to reference the column "activity.from_time_stamp".
  Position: 8
2020-09-23 21:43:07 [http-nio-8444-exec-7] ERROR o.h.e.jdbc.spi.SqlExceptionHelper - ERROR: column "fromtimestamp" does not exist
  Hint: Perhaps you meant to reference the column "activity.from_time_stamp".
  Position: 8
2020-09-23 21:44:05 [http-nio-8444-exec-3] ERROR o.h.e.jdbc.spi.SqlExceptionHelper - ERROR: column "fromtimestamp" does not exist
  Hint: Perhaps you meant to reference the column "activity.from_time_stamp".
  Position: 8
2020-09-23 21:44:05 [http-nio-8444-exec-3] ERROR o.h.e.jdbc.spi.SqlExceptionHelper - ERROR: column "fromtimestamp" does not exist
  Hint: Perhaps you meant to reference the column "activity.from_time_stamp".
  Position: 8
2020-09-23 21:44:05 [http-nio-8444-exec-3] ERROR o.h.e.jdbc.spi.SqlExceptionHelper - ERROR: column "fromtimestamp" does not exist
  Hint: Perhaps you meant to reference the column "activity.from_time_stamp".
  Position: 8
2020-09-23 21:45:42 [http-nio-8444-exec-8] ERROR o.h.e.jdbc.spi.SqlExceptionHelper - ERROR: column "fromtimestamp" does not exist
  Hint: Perhaps you meant to reference the column "activity.from_time_stamp".
  Position: 8
2020-09-23 21:45:42 [http-nio-8444-exec-8] ERROR o.h.e.jdbc.spi.SqlExceptionHelper - ERROR: column "fromtimestamp" does not exist
  Hint: Perhaps you meant to reference the column "activity.from_time_stamp".
  Position: 8
2020-09-23 21:45:42 [http-nio-8444-exec-8] ERROR o.h.e.jdbc.spi.SqlExceptionHelper - ERROR: column "fromtimestamp" does not exist
  Hint: Perhaps you meant to reference the column "activity.from_time_stamp".
  Position: 8
2020-09-23 21:48:25 [http-nio-8444-exec-5] ERROR o.h.e.jdbc.spi.SqlExceptionHelper - ERROR: column "fromtimestamp" does not exist
  Hint: Perhaps you meant to reference the column "activity.from_time_stamp".
  Position: 8
2020-09-23 21:48:25 [http-nio-8444-exec-5] ERROR o.h.e.jdbc.spi.SqlExceptionHelper - ERROR: column "fromtimestamp" does not exist
  Hint: Perhaps you meant to reference the column "activity.from_time_stamp".
  Position: 8
2020-09-23 21:48:25 [http-nio-8444-exec-5] ERROR o.h.e.jdbc.spi.SqlExceptionHelper - ERROR: column "fromtimestamp" does not exist
  Hint: Perhaps you meant to reference the column "activity.from_time_stamp".
  Position: 8
2020-09-23 21:49:36 [http-nio-8444-exec-1] ERROR o.h.e.jdbc.spi.SqlExceptionHelper - ERROR: column "fromtimestamp" does not exist
  Hint: Perhaps you meant to reference the column "activity.from_time_stamp".
  Position: 8
2020-09-23 21:49:36 [http-nio-8444-exec-1] ERROR o.h.e.jdbc.spi.SqlExceptionHelper - ERROR: column "fromtimestamp" does not exist
  Hint: Perhaps you meant to reference the column "activity.from_time_stamp".
  Position: 8
2020-09-23 21:49:36 [http-nio-8444-exec-1] ERROR o.h.e.jdbc.spi.SqlExceptionHelper - ERROR: column "fromtimestamp" does not exist
  Hint: Perhaps you meant to reference the column "activity.from_time_stamp".
  Position: 8
2020-09-23 21:50:00 [http-nio-8444-exec-2] ERROR o.h.e.jdbc.spi.SqlExceptionHelper - ERROR: column "fromtimestamp" does not exist
  Hint: Perhaps you meant to reference the column "activity.from_time_stamp".
  Position: 8
2020-09-23 21:50:00 [http-nio-8444-exec-2] ERROR o.h.e.jdbc.spi.SqlExceptionHelper - ERROR: column "fromtimestamp" does not exist
  Hint: Perhaps you meant to reference the column "activity.from_time_stamp".
  Position: 8
2020-09-23 21:50:00 [http-nio-8444-exec-2] ERROR o.h.e.jdbc.spi.SqlExceptionHelper - ERROR: column "fromtimestamp" does not exist
  Hint: Perhaps you meant to reference the column "activity.from_time_stamp".
  Position: 8
2020-09-23 21:50:07 [http-nio-8444-exec-5] ERROR o.h.e.jdbc.spi.SqlExceptionHelper - ERROR: column "fromtimestamp" does not exist
  Hint: Perhaps you meant to reference the column "activity.from_time_stamp".
  Position: 8
2020-09-23 21:50:07 [http-nio-8444-exec-5] ERROR o.h.e.jdbc.spi.SqlExceptionHelper - ERROR: column "fromtimestamp" does not exist
  Hint: Perhaps you meant to reference the column "activity.from_time_stamp".
  Position: 8
2020-09-23 21:50:07 [http-nio-8444-exec-5] ERROR o.h.e.jdbc.spi.SqlExceptionHelper - ERROR: column "fromtimestamp" does not exist
  Hint: Perhaps you meant to reference the column "activity.from_time_stamp".
  Position: 8
2020-09-23 21:50:34 [http-nio-8444-exec-9] ERROR o.h.e.jdbc.spi.SqlExceptionHelper - ERROR: column "fromtimestamp" does not exist
  Hint: Perhaps you meant to reference the column "activity.from_time_stamp".
  Position: 8
2020-09-23 21:50:34 [http-nio-8444-exec-9] ERROR o.h.e.jdbc.spi.SqlExceptionHelper - ERROR: column "fromtimestamp" does not exist
  Hint: Perhaps you meant to reference the column "activity.from_time_stamp".
  Position: 8
2020-09-23 21:50:34 [http-nio-8444-exec-9] ERROR o.h.e.jdbc.spi.SqlExceptionHelper - ERROR: column "fromtimestamp" does not exist
  Hint: Perhaps you meant to reference the column "activity.from_time_stamp".
  Position: 8
2020-09-23 21:54:05 [http-nio-8444-exec-8] ERROR o.h.e.jdbc.spi.SqlExceptionHelper - ERROR: column "fromtimestamp" does not exist
  Hint: Perhaps you meant to reference the column "activity.from_time_stamp".
  Position: 8
2020-09-23 21:54:05 [http-nio-8444-exec-8] ERROR o.h.e.jdbc.spi.SqlExceptionHelper - ERROR: column "fromtimestamp" does not exist
  Hint: Perhaps you meant to reference the column "activity.from_time_stamp".
  Position: 8
2020-09-23 21:54:05 [http-nio-8444-exec-8] ERROR o.h.e.jdbc.spi.SqlExceptionHelper - ERROR: column "fromtimestamp" does not exist
  Hint: Perhaps you meant to reference the column "activity.from_time_stamp".
  Position: 8
2020-09-23 21:55:13 [http-nio-8444-exec-6] ERROR o.h.e.jdbc.spi.SqlExceptionHelper - ERROR: column "fromtimestamp" does not exist
  Hint: Perhaps you meant to reference the column "activity.from_time_stamp".
  Position: 8
2020-09-23 21:55:13 [http-nio-8444-exec-6] ERROR o.h.e.jdbc.spi.SqlExceptionHelper - ERROR: column "fromtimestamp" does not exist
  Hint: Perhaps you meant to reference the column "activity.from_time_stamp".
  Position: 8
2020-09-23 21:55:13 [http-nio-8444-exec-6] ERROR o.h.e.jdbc.spi.SqlExceptionHelper - ERROR: column "fromtimestamp" does not exist
  Hint: Perhaps you meant to reference the column "activity.from_time_stamp".
  Position: 8
2020-09-23 21:56:28 [http-nio-8444-exec-9] ERROR o.h.e.jdbc.spi.SqlExceptionHelper - ERROR: column "fromtimestamp" does not exist
  Hint: Perhaps you meant to reference the column "activity.from_time_stamp".
  Position: 8
2020-09-23 21:56:28 [http-nio-8444-exec-9] ERROR o.h.e.jdbc.spi.SqlExceptionHelper - ERROR: column "fromtimestamp" does not exist
  Hint: Perhaps you meant to reference the column "activity.from_time_stamp".
  Position: 8
2020-09-23 21:56:28 [http-nio-8444-exec-9] ERROR o.h.e.jdbc.spi.SqlExceptionHelper - ERROR: column "fromtimestamp" does not exist
  Hint: Perhaps you meant to reference the column "activity.from_time_stamp".
  Position: 8
2020-09-23 21:57:19 [http-nio-8444-exec-1] ERROR o.h.e.jdbc.spi.SqlExceptionHelper - ERROR: column "fromtimestamp" does not exist
  Hint: Perhaps you meant to reference the column "activity.from_time_stamp".
  Position: 8
2020-09-23 21:57:19 [http-nio-8444-exec-1] ERROR o.h.e.jdbc.spi.SqlExceptionHelper - ERROR: column "fromtimestamp" does not exist
  Hint: Perhaps you meant to reference the column "activity.from_time_stamp".
  Position: 8
2020-09-23 21:57:19 [http-nio-8444-exec-1] ERROR o.h.e.jdbc.spi.SqlExceptionHelper - ERROR: column "fromtimestamp" does not exist
  Hint: Perhaps you meant to reference the column "activity.from_time_stamp".
  Position: 8
2020-09-23 22:13:28 [http-nio-8444-exec-3] ERROR o.h.e.jdbc.spi.SqlExceptionHelper - ERROR: column "fromtimestamp" does not exist
  Hint: Perhaps you meant to reference the column "activity.from_time_stamp".
  Position: 8
2020-09-23 22:13:28 [http-nio-8444-exec-3] ERROR o.h.e.jdbc.spi.SqlExceptionHelper - ERROR: column "fromtimestamp" does not exist
  Hint: Perhaps you meant to reference the column "activity.from_time_stamp".
  Position: 8
2020-09-23 22:13:28 [http-nio-8444-exec-3] ERROR o.h.e.jdbc.spi.SqlExceptionHelper - ERROR: column "fromtimestamp" does not exist
  Hint: Perhaps you meant to reference the column "activity.from_time_stamp".
  Position: 8
2020-09-23 22:17:03 [http-nio-8444-exec-2] ERROR o.h.e.jdbc.spi.SqlExceptionHelper - ERROR: column "fromtimestamp" does not exist
  Hint: Perhaps you meant to reference the column "activity.from_time_stamp".
  Position: 8
2020-09-23 22:17:03 [http-nio-8444-exec-2] ERROR o.h.e.jdbc.spi.SqlExceptionHelper - ERROR: column "fromtimestamp" does not exist
  Hint: Perhaps you meant to reference the column "activity.from_time_stamp".
  Position: 8
2020-09-23 22:17:03 [http-nio-8444-exec-2] ERROR o.h.e.jdbc.spi.SqlExceptionHelper - ERROR: column "fromtimestamp" does not exist
  Hint: Perhaps you meant to reference the column "activity.from_time_stamp".
  Position: 8
2020-09-23 22:18:42 [http-nio-8444-exec-10] ERROR o.h.e.jdbc.spi.SqlExceptionHelper - ERROR: column "fromtimestamp" does not exist
  Hint: Perhaps you meant to reference the column "activity.from_time_stamp".
  Position: 8
2020-09-23 22:18:42 [http-nio-8444-exec-10] ERROR o.h.e.jdbc.spi.SqlExceptionHelper - ERROR: column "fromtimestamp" does not exist
  Hint: Perhaps you meant to reference the column "activity.from_time_stamp".
  Position: 8
2020-09-23 22:18:42 [http-nio-8444-exec-10] ERROR o.h.e.jdbc.spi.SqlExceptionHelper - ERROR: column "fromtimestamp" does not exist
  Hint: Perhaps you meant to reference the column "activity.from_time_stamp".
  Position: 8
2020-09-23 22:26:30 [http-nio-8444-exec-5] ERROR o.h.e.jdbc.spi.SqlExceptionHelper - ERROR: column "fromtimestamp" does not exist
  Hint: Perhaps you meant to reference the column "activity.from_time_stamp".
  Position: 8
2020-09-23 22:26:30 [http-nio-8444-exec-5] ERROR o.h.e.jdbc.spi.SqlExceptionHelper - ERROR: column "fromtimestamp" does not exist
  Hint: Perhaps you meant to reference the column "activity.from_time_stamp".
  Position: 8
2020-09-23 22:26:30 [http-nio-8444-exec-5] ERROR o.h.e.jdbc.spi.SqlExceptionHelper - ERROR: column "fromtimestamp" does not exist
  Hint: Perhaps you meant to reference the column "activity.from_time_stamp".
  Position: 8
2020-09-23 23:28:43 [http-nio-8444-exec-1] ERROR o.h.e.jdbc.spi.SqlExceptionHelper - ERROR: column "fromtimestamp" does not exist
  Hint: Perhaps you meant to reference the column "activity.from_time_stamp".
  Position: 8
2020-09-23 23:28:43 [http-nio-8444-exec-1] ERROR o.h.e.jdbc.spi.SqlExceptionHelper - ERROR: column "fromtimestamp" does not exist
  Hint: Perhaps you meant to reference the column "activity.from_time_stamp".
  Position: 8
2020-09-23 23:28:43 [http-nio-8444-exec-1] ERROR o.h.e.jdbc.spi.SqlExceptionHelper - ERROR: column "fromtimestamp" does not exist
  Hint: Perhaps you meant to reference the column "activity.from_time_stamp".
  Position: 8
