2020-09-25 19:48:21 [restartedMain] ERROR com.zaxxer.hikari.pool.HikariPool - HikariPool-1 - Exception during pool initialization.
org.postgresql.util.PSQLException: The connection attempt failed.
	at org.postgresql.core.v3.ConnectionFactoryImpl.openConnectionImpl(ConnectionFactoryImpl.java:297)
	at org.postgresql.core.ConnectionFactory.openConnection(ConnectionFactory.java:49)
	at org.postgresql.jdbc.PgConnection.<init>(PgConnection.java:217)
	at org.postgresql.Driver.makeConnection(Driver.java:458)
	at org.postgresql.Driver.connect(Driver.java:260)
	at com.zaxxer.hikari.util.DriverDataSource.getConnection(DriverDataSource.java:138)
	at com.zaxxer.hikari.pool.PoolBase.newConnection(PoolBase.java:358)
	at com.zaxxer.hikari.pool.PoolBase.newPoolEntry(PoolBase.java:206)
	at com.zaxxer.hikari.pool.HikariPool.createPoolEntry(HikariPool.java:477)
	at com.zaxxer.hikari.pool.HikariPool.checkFailFast(HikariPool.java:560)
	at com.zaxxer.hikari.pool.HikariPool.<init>(HikariPool.java:115)
	at com.zaxxer.hikari.HikariDataSource.getConnection(HikariDataSource.java:112)
	at org.hibernate.engine.jdbc.connections.internal.DatasourceConnectionProviderImpl.getConnection(DatasourceConnectionProviderImpl.java:122)
	at org.hibernate.engine.jdbc.env.internal.JdbcEnvironmentInitiator$ConnectionProviderJdbcConnectionAccess.obtainConnection(JdbcEnvironmentInitiator.java:180)
	at org.hibernate.engine.jdbc.env.internal.JdbcEnvironmentInitiator.initiateService(JdbcEnvironmentInitiator.java:68)
	at org.hibernate.engine.jdbc.env.internal.JdbcEnvironmentInitiator.initiateService(JdbcEnvironmentInitiator.java:35)
	at org.hibernate.boot.registry.internal.StandardServiceRegistryImpl.initiateService(StandardServiceRegistryImpl.java:101)
	at org.hibernate.service.internal.AbstractServiceRegistryImpl.createService(AbstractServiceRegistryImpl.java:263)
	at org.hibernate.service.internal.AbstractServiceRegistryImpl.initializeService(AbstractServiceRegistryImpl.java:237)
	at org.hibernate.service.internal.AbstractServiceRegistryImpl.getService(AbstractServiceRegistryImpl.java:214)
	at org.hibernate.id.factory.internal.DefaultIdentifierGeneratorFactory.injectServices(DefaultIdentifierGeneratorFactory.java:152)
	at org.hibernate.service.internal.AbstractServiceRegistryImpl.injectDependencies(AbstractServiceRegistryImpl.java:286)
	at org.hibernate.service.internal.AbstractServiceRegistryImpl.initializeService(AbstractServiceRegistryImpl.java:243)
	at org.hibernate.service.internal.AbstractServiceRegistryImpl.getService(AbstractServiceRegistryImpl.java:214)
	at org.hibernate.boot.internal.InFlightMetadataCollectorImpl.<init>(InFlightMetadataCollectorImpl.java:176)
	at org.hibernate.boot.model.process.spi.MetadataBuildingProcess.complete(MetadataBuildingProcess.java:118)
	at org.hibernate.jpa.boot.internal.EntityManagerFactoryBuilderImpl.metadata(EntityManagerFactoryBuilderImpl.java:1224)
	at org.hibernate.jpa.boot.internal.EntityManagerFactoryBuilderImpl.build(EntityManagerFactoryBuilderImpl.java:1255)
	at org.springframework.orm.jpa.vendor.SpringHibernateJpaPersistenceProvider.createContainerEntityManagerFactory(SpringHibernateJpaPersistenceProvider.java:58)
	at org.springframework.orm.jpa.LocalContainerEntityManagerFactoryBean.createNativeEntityManagerFactory(LocalContainerEntityManagerFactoryBean.java:365)
	at org.springframework.orm.jpa.AbstractEntityManagerFactoryBean.buildNativeEntityManagerFactory(AbstractEntityManagerFactoryBean.java:391)
	at org.springframework.orm.jpa.AbstractEntityManagerFactoryBean.afterPropertiesSet(AbstractEntityManagerFactoryBean.java:378)
	at org.springframework.orm.jpa.LocalContainerEntityManagerFactoryBean.afterPropertiesSet(LocalContainerEntityManagerFactoryBean.java:341)
	at org.springframework.beans.factory.support.AbstractAutowireCapableBeanFactory.invokeInitMethods(AbstractAutowireCapableBeanFactory.java:1853)
	at org.springframework.beans.factory.support.AbstractAutowireCapableBeanFactory.initializeBean(AbstractAutowireCapableBeanFactory.java:1790)
	at org.springframework.beans.factory.support.AbstractAutowireCapableBeanFactory.doCreateBean(AbstractAutowireCapableBeanFactory.java:594)
	at org.springframework.beans.factory.support.AbstractAutowireCapableBeanFactory.createBean(AbstractAutowireCapableBeanFactory.java:516)
	at org.springframework.beans.factory.support.AbstractBeanFactory.lambda$doGetBean$0(AbstractBeanFactory.java:324)
	at org.springframework.beans.factory.support.DefaultSingletonBeanRegistry.getSingleton(DefaultSingletonBeanRegistry.java:226)
	at org.springframework.beans.factory.support.AbstractBeanFactory.doGetBean(AbstractBeanFactory.java:322)
	at org.springframework.beans.factory.support.AbstractBeanFactory.getBean(AbstractBeanFactory.java:202)
	at org.springframework.context.support.AbstractApplicationContext.getBean(AbstractApplicationContext.java:1109)
	at org.springframework.context.support.AbstractApplicationContext.finishBeanFactoryInitialization(AbstractApplicationContext.java:869)
	at org.springframework.context.support.AbstractApplicationContext.refresh(AbstractApplicationContext.java:551)
	at org.springframework.boot.web.servlet.context.ServletWebServerApplicationContext.refresh(ServletWebServerApplicationContext.java:143)
	at org.springframework.boot.SpringApplication.refresh(SpringApplication.java:758)
	at org.springframework.boot.SpringApplication.refresh(SpringApplication.java:750)
	at org.springframework.boot.SpringApplication.refreshContext(SpringApplication.java:397)
	at org.springframework.boot.SpringApplication.run(SpringApplication.java:315)
	at org.springframework.boot.SpringApplication.run(SpringApplication.java:1237)
	at org.springframework.boot.SpringApplication.run(SpringApplication.java:1226)
	at com.qdm.cg.QdmCareGiverClientsApplication.main(QdmCareGiverClientsApplication.java:14)
	at java.base/jdk.internal.reflect.NativeMethodAccessorImpl.invoke0(Native Method)
	at java.base/jdk.internal.reflect.NativeMethodAccessorImpl.invoke(NativeMethodAccessorImpl.java:62)
	at java.base/jdk.internal.reflect.DelegatingMethodAccessorImpl.invoke(DelegatingMethodAccessorImpl.java:43)
	at java.base/java.lang.reflect.Method.invoke(Method.java:564)
	at org.springframework.boot.devtools.restart.RestartLauncher.run(RestartLauncher.java:49)
Caused by: java.net.SocketTimeoutException: Connect timed out
	at java.base/sun.nio.ch.NioSocketImpl.timedFinishConnect(NioSocketImpl.java:546)
	at java.base/sun.nio.ch.NioSocketImpl.connect(NioSocketImpl.java:597)
	at java.base/java.net.SocksSocketImpl.connect(SocksSocketImpl.java:333)
	at java.base/java.net.Socket.connect(Socket.java:648)
	at org.postgresql.core.PGStream.<init>(PGStream.java:81)
	at org.postgresql.core.v3.ConnectionFactoryImpl.tryConnect(ConnectionFactoryImpl.java:93)
	at org.postgresql.core.v3.ConnectionFactoryImpl.openConnectionImpl(ConnectionFactoryImpl.java:197)
	... 56 common frames omitted
2020-09-25 19:48:33 [restartedMain] ERROR com.zaxxer.hikari.pool.HikariPool - HikariPool-1 - Exception during pool initialization.
org.postgresql.util.PSQLException: The connection attempt failed.
	at org.postgresql.core.v3.ConnectionFactoryImpl.openConnectionImpl(ConnectionFactoryImpl.java:297)
	at org.postgresql.core.ConnectionFactory.openConnection(ConnectionFactory.java:49)
	at org.postgresql.jdbc.PgConnection.<init>(PgConnection.java:217)
	at org.postgresql.Driver.makeConnection(Driver.java:458)
	at org.postgresql.Driver.connect(Driver.java:260)
	at com.zaxxer.hikari.util.DriverDataSource.getConnection(DriverDataSource.java:138)
	at com.zaxxer.hikari.pool.PoolBase.newConnection(PoolBase.java:358)
	at com.zaxxer.hikari.pool.PoolBase.newPoolEntry(PoolBase.java:206)
	at com.zaxxer.hikari.pool.HikariPool.createPoolEntry(HikariPool.java:477)
	at com.zaxxer.hikari.pool.HikariPool.checkFailFast(HikariPool.java:560)
	at com.zaxxer.hikari.pool.HikariPool.<init>(HikariPool.java:115)
	at com.zaxxer.hikari.HikariDataSource.getConnection(HikariDataSource.java:112)
	at org.hibernate.engine.jdbc.connections.internal.DatasourceConnectionProviderImpl.getConnection(DatasourceConnectionProviderImpl.java:122)
	at org.hibernate.engine.jdbc.env.internal.JdbcEnvironmentInitiator$ConnectionProviderJdbcConnectionAccess.obtainConnection(JdbcEnvironmentInitiator.java:180)
	at org.hibernate.resource.transaction.backend.jdbc.internal.DdlTransactionIsolatorNonJtaImpl.getIsolatedConnection(DdlTransactionIsolatorNonJtaImpl.java:43)
	at org.hibernate.tool.schema.internal.exec.ImprovedExtractionContextImpl.getJdbcConnection(ImprovedExtractionContextImpl.java:60)
	at org.hibernate.tool.schema.extract.internal.SequenceInformationExtractorLegacyImpl.extractMetadata(SequenceInformationExtractorLegacyImpl.java:40)
	at org.hibernate.tool.schema.extract.internal.DatabaseInformationImpl.initializeSequences(DatabaseInformationImpl.java:65)
	at org.hibernate.tool.schema.extract.internal.DatabaseInformationImpl.<init>(DatabaseInformationImpl.java:59)
	at org.hibernate.tool.schema.internal.Helper.buildDatabaseInformation(Helper.java:155)
	at org.hibernate.tool.schema.internal.AbstractSchemaMigrator.doMigration(AbstractSchemaMigrator.java:96)
	at org.hibernate.tool.schema.spi.SchemaManagementToolCoordinator.performDatabaseAction(SchemaManagementToolCoordinator.java:184)
	at org.hibernate.tool.schema.spi.SchemaManagementToolCoordinator.process(SchemaManagementToolCoordinator.java:73)
	at org.hibernate.internal.SessionFactoryImpl.<init>(SessionFactoryImpl.java:316)
	at org.hibernate.boot.internal.SessionFactoryBuilderImpl.build(SessionFactoryBuilderImpl.java:469)
	at org.hibernate.jpa.boot.internal.EntityManagerFactoryBuilderImpl.build(EntityManagerFactoryBuilderImpl.java:1259)
	at org.springframework.orm.jpa.vendor.SpringHibernateJpaPersistenceProvider.createContainerEntityManagerFactory(SpringHibernateJpaPersistenceProvider.java:58)
	at org.springframework.orm.jpa.LocalContainerEntityManagerFactoryBean.createNativeEntityManagerFactory(LocalContainerEntityManagerFactoryBean.java:365)
	at org.springframework.orm.jpa.AbstractEntityManagerFactoryBean.buildNativeEntityManagerFactory(AbstractEntityManagerFactoryBean.java:391)
	at org.springframework.orm.jpa.AbstractEntityManagerFactoryBean.afterPropertiesSet(AbstractEntityManagerFactoryBean.java:378)
	at org.springframework.orm.jpa.LocalContainerEntityManagerFactoryBean.afterPropertiesSet(LocalContainerEntityManagerFactoryBean.java:341)
	at org.springframework.beans.factory.support.AbstractAutowireCapableBeanFactory.invokeInitMethods(AbstractAutowireCapableBeanFactory.java:1853)
	at org.springframework.beans.factory.support.AbstractAutowireCapableBeanFactory.initializeBean(AbstractAutowireCapableBeanFactory.java:1790)
	at org.springframework.beans.factory.support.AbstractAutowireCapableBeanFactory.doCreateBean(AbstractAutowireCapableBeanFactory.java:594)
	at org.springframework.beans.factory.support.AbstractAutowireCapableBeanFactory.createBean(AbstractAutowireCapableBeanFactory.java:516)
	at org.springframework.beans.factory.support.AbstractBeanFactory.lambda$doGetBean$0(AbstractBeanFactory.java:324)
	at org.springframework.beans.factory.support.DefaultSingletonBeanRegistry.getSingleton(DefaultSingletonBeanRegistry.java:226)
	at org.springframework.beans.factory.support.AbstractBeanFactory.doGetBean(AbstractBeanFactory.java:322)
	at org.springframework.beans.factory.support.AbstractBeanFactory.getBean(AbstractBeanFactory.java:202)
	at org.springframework.context.support.AbstractApplicationContext.getBean(AbstractApplicationContext.java:1109)
	at org.springframework.context.support.AbstractApplicationContext.finishBeanFactoryInitialization(AbstractApplicationContext.java:869)
	at org.springframework.context.support.AbstractApplicationContext.refresh(AbstractApplicationContext.java:551)
	at org.springframework.boot.web.servlet.context.ServletWebServerApplicationContext.refresh(ServletWebServerApplicationContext.java:143)
	at org.springframework.boot.SpringApplication.refresh(SpringApplication.java:758)
	at org.springframework.boot.SpringApplication.refresh(SpringApplication.java:750)
	at org.springframework.boot.SpringApplication.refreshContext(SpringApplication.java:397)
	at org.springframework.boot.SpringApplication.run(SpringApplication.java:315)
	at org.springframework.boot.SpringApplication.run(SpringApplication.java:1237)
	at org.springframework.boot.SpringApplication.run(SpringApplication.java:1226)
	at com.qdm.cg.QdmCareGiverClientsApplication.main(QdmCareGiverClientsApplication.java:14)
	at java.base/jdk.internal.reflect.NativeMethodAccessorImpl.invoke0(Native Method)
	at java.base/jdk.internal.reflect.NativeMethodAccessorImpl.invoke(NativeMethodAccessorImpl.java:62)
	at java.base/jdk.internal.reflect.DelegatingMethodAccessorImpl.invoke(DelegatingMethodAccessorImpl.java:43)
	at java.base/java.lang.reflect.Method.invoke(Method.java:564)
	at org.springframework.boot.devtools.restart.RestartLauncher.run(RestartLauncher.java:49)
Caused by: java.net.SocketTimeoutException: Connect timed out
	at java.base/sun.nio.ch.NioSocketImpl.timedFinishConnect(NioSocketImpl.java:546)
	at java.base/sun.nio.ch.NioSocketImpl.connect(NioSocketImpl.java:597)
	at java.base/java.net.SocksSocketImpl.connect(SocksSocketImpl.java:333)
	at java.base/java.net.Socket.connect(Socket.java:648)
	at org.postgresql.core.PGStream.<init>(PGStream.java:81)
	at org.postgresql.core.v3.ConnectionFactoryImpl.tryConnect(ConnectionFactoryImpl.java:93)
	at org.postgresql.core.v3.ConnectionFactoryImpl.openConnectionImpl(ConnectionFactoryImpl.java:197)
	... 54 common frames omitted
2020-09-25 19:48:33 [restartedMain] ERROR o.h.e.jdbc.spi.SqlExceptionHelper - The connection attempt failed.
2020-09-25 19:48:33 [restartedMain] ERROR o.s.boot.SpringApplication - Application run failed
org.springframework.beans.factory.BeanCreationException: Error creating bean with name 'entityManagerFactory' defined in class path resource [com/qdm/cg/config/DatasourceConfig.class]: Invocation of init method failed; nested exception is javax.persistence.PersistenceException: [PersistenceUnit: Clients] Unable to build Hibernate SessionFactory; nested exception is org.hibernate.exception.JDBCConnectionException: Unable to open JDBC Connection for DDL execution
	at org.springframework.beans.factory.support.AbstractAutowireCapableBeanFactory.initializeBean(AbstractAutowireCapableBeanFactory.java:1794)
	at org.springframework.beans.factory.support.AbstractAutowireCapableBeanFactory.doCreateBean(AbstractAutowireCapableBeanFactory.java:594)
	at org.springframework.beans.factory.support.AbstractAutowireCapableBeanFactory.createBean(AbstractAutowireCapableBeanFactory.java:516)
	at org.springframework.beans.factory.support.AbstractBeanFactory.lambda$doGetBean$0(AbstractBeanFactory.java:324)
	at org.springframework.beans.factory.support.DefaultSingletonBeanRegistry.getSingleton(DefaultSingletonBeanRegistry.java:226)
	at org.springframework.beans.factory.support.AbstractBeanFactory.doGetBean(AbstractBeanFactory.java:322)
	at org.springframework.beans.factory.support.AbstractBeanFactory.getBean(AbstractBeanFactory.java:202)
	at org.springframework.context.support.AbstractApplicationContext.getBean(AbstractApplicationContext.java:1109)
	at org.springframework.context.support.AbstractApplicationContext.finishBeanFactoryInitialization(AbstractApplicationContext.java:869)
	at org.springframework.context.support.AbstractApplicationContext.refresh(AbstractApplicationContext.java:551)
	at org.springframework.boot.web.servlet.context.ServletWebServerApplicationContext.refresh(ServletWebServerApplicationContext.java:143)
	at org.springframework.boot.SpringApplication.refresh(SpringApplication.java:758)
	at org.springframework.boot.SpringApplication.refresh(SpringApplication.java:750)
	at org.springframework.boot.SpringApplication.refreshContext(SpringApplication.java:397)
	at org.springframework.boot.SpringApplication.run(SpringApplication.java:315)
	at org.springframework.boot.SpringApplication.run(SpringApplication.java:1237)
	at org.springframework.boot.SpringApplication.run(SpringApplication.java:1226)
	at com.qdm.cg.QdmCareGiverClientsApplication.main(QdmCareGiverClientsApplication.java:14)
	at java.base/jdk.internal.reflect.NativeMethodAccessorImpl.invoke0(Native Method)
	at java.base/jdk.internal.reflect.NativeMethodAccessorImpl.invoke(NativeMethodAccessorImpl.java:62)
	at java.base/jdk.internal.reflect.DelegatingMethodAccessorImpl.invoke(DelegatingMethodAccessorImpl.java:43)
	at java.base/java.lang.reflect.Method.invoke(Method.java:564)
	at org.springframework.boot.devtools.restart.RestartLauncher.run(RestartLauncher.java:49)
Caused by: javax.persistence.PersistenceException: [PersistenceUnit: Clients] Unable to build Hibernate SessionFactory; nested exception is org.hibernate.exception.JDBCConnectionException: Unable to open JDBC Connection for DDL execution
	at org.springframework.orm.jpa.AbstractEntityManagerFactoryBean.buildNativeEntityManagerFactory(AbstractEntityManagerFactoryBean.java:403)
	at org.springframework.orm.jpa.AbstractEntityManagerFactoryBean.afterPropertiesSet(AbstractEntityManagerFactoryBean.java:378)
	at org.springframework.orm.jpa.LocalContainerEntityManagerFactoryBean.afterPropertiesSet(LocalContainerEntityManagerFactoryBean.java:341)
	at org.springframework.beans.factory.support.AbstractAutowireCapableBeanFactory.invokeInitMethods(AbstractAutowireCapableBeanFactory.java:1853)
	at org.springframework.beans.factory.support.AbstractAutowireCapableBeanFactory.initializeBean(AbstractAutowireCapableBeanFactory.java:1790)
	... 22 common frames omitted
Caused by: org.hibernate.exception.JDBCConnectionException: Unable to open JDBC Connection for DDL execution
	at org.hibernate.exception.internal.SQLStateConversionDelegate.convert(SQLStateConversionDelegate.java:112)
	at org.hibernate.exception.internal.StandardSQLExceptionConverter.convert(StandardSQLExceptionConverter.java:42)
	at org.hibernate.engine.jdbc.spi.SqlExceptionHelper.convert(SqlExceptionHelper.java:113)
	at org.hibernate.engine.jdbc.spi.SqlExceptionHelper.convert(SqlExceptionHelper.java:99)
	at org.hibernate.resource.transaction.backend.jdbc.internal.DdlTransactionIsolatorNonJtaImpl.getIsolatedConnection(DdlTransactionIsolatorNonJtaImpl.java:69)
	at org.hibernate.tool.schema.internal.exec.ImprovedExtractionContextImpl.getJdbcConnection(ImprovedExtractionContextImpl.java:60)
	at org.hibernate.tool.schema.extract.internal.SequenceInformationExtractorLegacyImpl.extractMetadata(SequenceInformationExtractorLegacyImpl.java:40)
	at org.hibernate.tool.schema.extract.internal.DatabaseInformationImpl.initializeSequences(DatabaseInformationImpl.java:65)
	at org.hibernate.tool.schema.extract.internal.DatabaseInformationImpl.<init>(DatabaseInformationImpl.java:59)
	at org.hibernate.tool.schema.internal.Helper.buildDatabaseInformation(Helper.java:155)
	at org.hibernate.tool.schema.internal.AbstractSchemaMigrator.doMigration(AbstractSchemaMigrator.java:96)
	at org.hibernate.tool.schema.spi.SchemaManagementToolCoordinator.performDatabaseAction(SchemaManagementToolCoordinator.java:184)
	at org.hibernate.tool.schema.spi.SchemaManagementToolCoordinator.process(SchemaManagementToolCoordinator.java:73)
	at org.hibernate.internal.SessionFactoryImpl.<init>(SessionFactoryImpl.java:316)
	at org.hibernate.boot.internal.SessionFactoryBuilderImpl.build(SessionFactoryBuilderImpl.java:469)
	at org.hibernate.jpa.boot.internal.EntityManagerFactoryBuilderImpl.build(EntityManagerFactoryBuilderImpl.java:1259)
	at org.springframework.orm.jpa.vendor.SpringHibernateJpaPersistenceProvider.createContainerEntityManagerFactory(SpringHibernateJpaPersistenceProvider.java:58)
	at org.springframework.orm.jpa.LocalContainerEntityManagerFactoryBean.createNativeEntityManagerFactory(LocalContainerEntityManagerFactoryBean.java:365)
	at org.springframework.orm.jpa.AbstractEntityManagerFactoryBean.buildNativeEntityManagerFactory(AbstractEntityManagerFactoryBean.java:391)
	... 26 common frames omitted
Caused by: org.postgresql.util.PSQLException: The connection attempt failed.
	at org.postgresql.core.v3.ConnectionFactoryImpl.openConnectionImpl(ConnectionFactoryImpl.java:297)
	at org.postgresql.core.ConnectionFactory.openConnection(ConnectionFactory.java:49)
	at org.postgresql.jdbc.PgConnection.<init>(PgConnection.java:217)
	at org.postgresql.Driver.makeConnection(Driver.java:458)
	at org.postgresql.Driver.connect(Driver.java:260)
	at com.zaxxer.hikari.util.DriverDataSource.getConnection(DriverDataSource.java:138)
	at com.zaxxer.hikari.pool.PoolBase.newConnection(PoolBase.java:358)
	at com.zaxxer.hikari.pool.PoolBase.newPoolEntry(PoolBase.java:206)
	at com.zaxxer.hikari.pool.HikariPool.createPoolEntry(HikariPool.java:477)
	at com.zaxxer.hikari.pool.HikariPool.checkFailFast(HikariPool.java:560)
	at com.zaxxer.hikari.pool.HikariPool.<init>(HikariPool.java:115)
	at com.zaxxer.hikari.HikariDataSource.getConnection(HikariDataSource.java:112)
	at org.hibernate.engine.jdbc.connections.internal.DatasourceConnectionProviderImpl.getConnection(DatasourceConnectionProviderImpl.java:122)
	at org.hibernate.engine.jdbc.env.internal.JdbcEnvironmentInitiator$ConnectionProviderJdbcConnectionAccess.obtainConnection(JdbcEnvironmentInitiator.java:180)
	at org.hibernate.resource.transaction.backend.jdbc.internal.DdlTransactionIsolatorNonJtaImpl.getIsolatedConnection(DdlTransactionIsolatorNonJtaImpl.java:43)
	... 40 common frames omitted
Caused by: java.net.SocketTimeoutException: Connect timed out
	at java.base/sun.nio.ch.NioSocketImpl.timedFinishConnect(NioSocketImpl.java:546)
	at java.base/sun.nio.ch.NioSocketImpl.connect(NioSocketImpl.java:597)
	at java.base/java.net.SocksSocketImpl.connect(SocksSocketImpl.java:333)
	at java.base/java.net.Socket.connect(Socket.java:648)
	at org.postgresql.core.PGStream.<init>(PGStream.java:81)
	at org.postgresql.core.v3.ConnectionFactoryImpl.tryConnect(ConnectionFactoryImpl.java:93)
	at org.postgresql.core.v3.ConnectionFactoryImpl.openConnectionImpl(ConnectionFactoryImpl.java:197)
	... 54 common frames omitted
2020-10-12 16:04:19 [http-nio-8444-exec-1] ERROR o.h.e.jdbc.spi.SqlExceptionHelper - ERROR: syntax error at or near "tb_activity"
  Position: 129
2020-10-12 16:04:19 [http-nio-8444-exec-1] ERROR o.h.e.jdbc.spi.SqlExceptionHelper - ERROR: syntax error at or near "tb_activity"
  Position: 129
2020-10-12 16:04:19 [http-nio-8444-exec-1] ERROR o.h.e.jdbc.spi.SqlExceptionHelper - ERROR: syntax error at or near "tb_activity"
  Position: 129
2020-10-12 16:04:20 [http-nio-8444-exec-1] ERROR o.h.e.jdbc.spi.SqlExceptionHelper - ERROR: syntax error at or near "tb_activity"
  Position: 129
2020-10-12 16:04:20 [http-nio-8444-exec-1] ERROR o.h.e.jdbc.spi.SqlExceptionHelper - ERROR: syntax error at or near "tb_activity"
  Position: 129
2020-10-12 16:04:20 [http-nio-8444-exec-1] ERROR o.h.e.jdbc.spi.SqlExceptionHelper - ERROR: syntax error at or near "tb_activity"
  Position: 129
2020-10-12 16:04:20 [http-nio-8444-exec-1] ERROR o.h.e.jdbc.spi.SqlExceptionHelper - ERROR: syntax error at or near "tb_activity"
  Position: 129
2020-10-12 16:04:20 [http-nio-8444-exec-1] ERROR o.h.e.jdbc.spi.SqlExceptionHelper - ERROR: syntax error at or near "tb_activity"
  Position: 129
2020-10-12 16:04:20 [http-nio-8444-exec-1] ERROR o.h.e.jdbc.spi.SqlExceptionHelper - ERROR: syntax error at or near "tb_activity"
  Position: 129
2020-10-12 16:08:20 [http-nio-8444-exec-3] ERROR o.h.e.jdbc.spi.SqlExceptionHelper - ERROR: syntax error at or near "tb_activity"
  Position: 129
2020-10-12 16:08:20 [http-nio-8444-exec-3] ERROR o.h.e.jdbc.spi.SqlExceptionHelper - ERROR: syntax error at or near "tb_activity"
  Position: 129
2020-10-12 16:08:20 [http-nio-8444-exec-3] ERROR o.h.e.jdbc.spi.SqlExceptionHelper - ERROR: syntax error at or near "tb_activity"
  Position: 129
2020-10-12 16:08:20 [http-nio-8444-exec-3] ERROR o.h.e.jdbc.spi.SqlExceptionHelper - ERROR: syntax error at or near "tb_activity"
  Position: 129
2020-10-12 16:08:20 [http-nio-8444-exec-3] ERROR o.h.e.jdbc.spi.SqlExceptionHelper - ERROR: syntax error at or near "tb_activity"
  Position: 129
2020-10-12 16:08:21 [http-nio-8444-exec-3] ERROR o.h.e.jdbc.spi.SqlExceptionHelper - ERROR: syntax error at or near "tb_activity"
  Position: 129
2020-10-12 16:08:21 [http-nio-8444-exec-3] ERROR o.h.e.jdbc.spi.SqlExceptionHelper - ERROR: syntax error at or near "tb_activity"
  Position: 129
2020-10-12 16:08:21 [http-nio-8444-exec-3] ERROR o.h.e.jdbc.spi.SqlExceptionHelper - ERROR: syntax error at or near "tb_activity"
  Position: 129
2020-10-12 16:08:21 [http-nio-8444-exec-3] ERROR o.h.e.jdbc.spi.SqlExceptionHelper - ERROR: syntax error at or near "tb_activity"
  Position: 129
2020-10-12 16:09:30 [http-nio-8444-exec-9] ERROR o.h.e.jdbc.spi.SqlExceptionHelper - ERROR: syntax error at or near "tb_activity"
  Position: 129
2020-10-12 16:09:31 [http-nio-8444-exec-9] ERROR o.h.e.jdbc.spi.SqlExceptionHelper - ERROR: syntax error at or near "tb_activity"
  Position: 129
2020-10-12 16:09:31 [http-nio-8444-exec-9] ERROR o.h.e.jdbc.spi.SqlExceptionHelper - ERROR: syntax error at or near "tb_activity"
  Position: 129
2020-10-12 16:09:31 [http-nio-8444-exec-9] ERROR o.h.e.jdbc.spi.SqlExceptionHelper - ERROR: syntax error at or near "tb_activity"
  Position: 129
2020-10-12 16:09:31 [http-nio-8444-exec-9] ERROR o.h.e.jdbc.spi.SqlExceptionHelper - ERROR: syntax error at or near "tb_activity"
  Position: 129
2020-10-12 16:09:31 [http-nio-8444-exec-9] ERROR o.h.e.jdbc.spi.SqlExceptionHelper - ERROR: syntax error at or near "tb_activity"
  Position: 129
2020-10-12 16:09:31 [http-nio-8444-exec-9] ERROR o.h.e.jdbc.spi.SqlExceptionHelper - ERROR: syntax error at or near "tb_activity"
  Position: 129
2020-10-12 16:09:31 [http-nio-8444-exec-9] ERROR o.h.e.jdbc.spi.SqlExceptionHelper - ERROR: syntax error at or near "tb_activity"
  Position: 129
2020-10-12 16:09:31 [http-nio-8444-exec-9] ERROR o.h.e.jdbc.spi.SqlExceptionHelper - ERROR: syntax error at or near "tb_activity"
  Position: 129
2020-10-12 17:29:27 [http-nio-8444-exec-10] ERROR o.h.e.jdbc.spi.SqlExceptionHelper - ERROR: syntax error at or near "tb_activity"
  Position: 129
2020-10-12 17:29:27 [http-nio-8444-exec-10] ERROR o.h.e.jdbc.spi.SqlExceptionHelper - ERROR: syntax error at or near "tb_activity"
  Position: 129
2020-10-12 17:29:27 [http-nio-8444-exec-10] ERROR o.h.e.jdbc.spi.SqlExceptionHelper - ERROR: syntax error at or near "tb_activity"
  Position: 129
2020-10-12 17:29:27 [http-nio-8444-exec-10] ERROR o.h.e.jdbc.spi.SqlExceptionHelper - ERROR: syntax error at or near "tb_activity"
  Position: 129
2020-10-12 17:29:27 [http-nio-8444-exec-10] ERROR o.h.e.jdbc.spi.SqlExceptionHelper - ERROR: syntax error at or near "tb_activity"
  Position: 129
2020-10-12 17:29:27 [http-nio-8444-exec-10] ERROR o.h.e.jdbc.spi.SqlExceptionHelper - ERROR: syntax error at or near "tb_activity"
  Position: 129
2020-10-12 17:29:27 [http-nio-8444-exec-10] ERROR o.h.e.jdbc.spi.SqlExceptionHelper - ERROR: syntax error at or near "tb_activity"
  Position: 129
2020-10-12 17:29:27 [http-nio-8444-exec-10] ERROR o.h.e.jdbc.spi.SqlExceptionHelper - ERROR: syntax error at or near "tb_activity"
  Position: 129
2020-10-12 17:29:27 [http-nio-8444-exec-10] ERROR o.h.e.jdbc.spi.SqlExceptionHelper - ERROR: syntax error at or near "tb_activity"
  Position: 129
2020-10-12 17:52:18 [http-nio-8444-exec-6] ERROR o.h.e.jdbc.spi.SqlExceptionHelper - ERROR: syntax error at or near "tb_activity"
  Position: 129
2020-10-12 17:52:18 [http-nio-8444-exec-6] ERROR o.h.e.jdbc.spi.SqlExceptionHelper - ERROR: syntax error at or near "tb_activity"
  Position: 129
2020-10-12 17:52:18 [http-nio-8444-exec-6] ERROR o.h.e.jdbc.spi.SqlExceptionHelper - ERROR: syntax error at or near "tb_activity"
  Position: 129
2020-10-12 17:52:18 [http-nio-8444-exec-6] ERROR o.h.e.jdbc.spi.SqlExceptionHelper - ERROR: syntax error at or near "tb_activity"
  Position: 129
2020-10-12 17:52:18 [http-nio-8444-exec-6] ERROR o.h.e.jdbc.spi.SqlExceptionHelper - ERROR: syntax error at or near "tb_activity"
  Position: 129
2020-10-12 17:52:18 [http-nio-8444-exec-6] ERROR o.h.e.jdbc.spi.SqlExceptionHelper - ERROR: syntax error at or near "tb_activity"
  Position: 129
2020-10-12 17:52:18 [http-nio-8444-exec-6] ERROR o.h.e.jdbc.spi.SqlExceptionHelper - ERROR: syntax error at or near "tb_activity"
  Position: 129
2020-10-12 17:52:18 [http-nio-8444-exec-6] ERROR o.h.e.jdbc.spi.SqlExceptionHelper - ERROR: syntax error at or near "tb_activity"
  Position: 129
2020-10-12 17:52:18 [http-nio-8444-exec-6] ERROR o.h.e.jdbc.spi.SqlExceptionHelper - ERROR: syntax error at or near "tb_activity"
  Position: 129
2020-10-12 17:52:21 [http-nio-8444-exec-9] ERROR o.h.e.jdbc.spi.SqlExceptionHelper - ERROR: syntax error at or near "tb_activity"
  Position: 129
2020-10-12 17:52:21 [http-nio-8444-exec-9] ERROR o.h.e.jdbc.spi.SqlExceptionHelper - ERROR: syntax error at or near "tb_activity"
  Position: 129
2020-10-12 17:52:21 [http-nio-8444-exec-9] ERROR o.h.e.jdbc.spi.SqlExceptionHelper - ERROR: syntax error at or near "tb_activity"
  Position: 129
2020-10-12 17:52:21 [http-nio-8444-exec-9] ERROR o.h.e.jdbc.spi.SqlExceptionHelper - ERROR: syntax error at or near "tb_activity"
  Position: 129
2020-10-12 17:52:21 [http-nio-8444-exec-9] ERROR o.h.e.jdbc.spi.SqlExceptionHelper - ERROR: syntax error at or near "tb_activity"
  Position: 129
2020-10-12 17:52:21 [http-nio-8444-exec-9] ERROR o.h.e.jdbc.spi.SqlExceptionHelper - ERROR: syntax error at or near "tb_activity"
  Position: 129
2020-10-12 17:52:21 [http-nio-8444-exec-9] ERROR o.h.e.jdbc.spi.SqlExceptionHelper - ERROR: syntax error at or near "tb_activity"
  Position: 129
2020-10-12 17:52:21 [http-nio-8444-exec-9] ERROR o.h.e.jdbc.spi.SqlExceptionHelper - ERROR: syntax error at or near "tb_activity"
  Position: 129
2020-10-12 17:52:21 [http-nio-8444-exec-9] ERROR o.h.e.jdbc.spi.SqlExceptionHelper - ERROR: syntax error at or near "tb_activity"
  Position: 129
2020-10-12 17:52:21 [http-nio-8444-exec-8] ERROR o.h.e.jdbc.spi.SqlExceptionHelper - ERROR: syntax error at or near "tb_activity"
  Position: 129
2020-10-12 17:52:21 [http-nio-8444-exec-8] ERROR o.h.e.jdbc.spi.SqlExceptionHelper - ERROR: syntax error at or near "tb_activity"
  Position: 129
2020-10-12 17:52:21 [http-nio-8444-exec-8] ERROR o.h.e.jdbc.spi.SqlExceptionHelper - ERROR: syntax error at or near "tb_activity"
  Position: 129
2020-10-12 17:52:21 [http-nio-8444-exec-8] ERROR o.h.e.jdbc.spi.SqlExceptionHelper - ERROR: syntax error at or near "tb_activity"
  Position: 129
2020-10-12 17:52:21 [http-nio-8444-exec-8] ERROR o.h.e.jdbc.spi.SqlExceptionHelper - ERROR: syntax error at or near "tb_activity"
  Position: 129
2020-10-12 17:52:21 [http-nio-8444-exec-8] ERROR o.h.e.jdbc.spi.SqlExceptionHelper - ERROR: syntax error at or near "tb_activity"
  Position: 129
2020-10-12 17:52:21 [http-nio-8444-exec-8] ERROR o.h.e.jdbc.spi.SqlExceptionHelper - ERROR: syntax error at or near "tb_activity"
  Position: 129
2020-10-12 17:52:21 [http-nio-8444-exec-8] ERROR o.h.e.jdbc.spi.SqlExceptionHelper - ERROR: syntax error at or near "tb_activity"
  Position: 129
2020-10-12 17:52:21 [http-nio-8444-exec-8] ERROR o.h.e.jdbc.spi.SqlExceptionHelper - ERROR: syntax error at or near "tb_activity"
  Position: 129
2020-10-12 17:52:21 [http-nio-8444-exec-1] ERROR o.h.e.jdbc.spi.SqlExceptionHelper - ERROR: syntax error at or near "tb_activity"
  Position: 129
2020-10-12 17:52:21 [http-nio-8444-exec-1] ERROR o.h.e.jdbc.spi.SqlExceptionHelper - ERROR: syntax error at or near "tb_activity"
  Position: 129
2020-10-12 17:52:21 [http-nio-8444-exec-1] ERROR o.h.e.jdbc.spi.SqlExceptionHelper - ERROR: syntax error at or near "tb_activity"
  Position: 129
2020-10-12 17:52:21 [http-nio-8444-exec-1] ERROR o.h.e.jdbc.spi.SqlExceptionHelper - ERROR: syntax error at or near "tb_activity"
  Position: 129
2020-10-12 17:52:21 [http-nio-8444-exec-1] ERROR o.h.e.jdbc.spi.SqlExceptionHelper - ERROR: syntax error at or near "tb_activity"
  Position: 129
2020-10-12 17:52:22 [http-nio-8444-exec-1] ERROR o.h.e.jdbc.spi.SqlExceptionHelper - ERROR: syntax error at or near "tb_activity"
  Position: 129
2020-10-12 17:52:22 [http-nio-8444-exec-1] ERROR o.h.e.jdbc.spi.SqlExceptionHelper - ERROR: syntax error at or near "tb_activity"
  Position: 129
2020-10-12 17:52:22 [http-nio-8444-exec-1] ERROR o.h.e.jdbc.spi.SqlExceptionHelper - ERROR: syntax error at or near "tb_activity"
  Position: 129
2020-10-12 17:52:22 [http-nio-8444-exec-1] ERROR o.h.e.jdbc.spi.SqlExceptionHelper - ERROR: syntax error at or near "tb_activity"
  Position: 129
2020-10-12 17:52:26 [http-nio-8444-exec-7] ERROR o.h.e.jdbc.spi.SqlExceptionHelper - ERROR: syntax error at or near "tb_activity"
  Position: 129
2020-10-12 17:52:26 [http-nio-8444-exec-7] ERROR o.h.e.jdbc.spi.SqlExceptionHelper - ERROR: syntax error at or near "tb_activity"
  Position: 129
2020-10-12 17:52:26 [http-nio-8444-exec-7] ERROR o.h.e.jdbc.spi.SqlExceptionHelper - ERROR: syntax error at or near "tb_activity"
  Position: 129
2020-10-12 17:52:26 [http-nio-8444-exec-7] ERROR o.h.e.jdbc.spi.SqlExceptionHelper - ERROR: syntax error at or near "tb_activity"
  Position: 129
2020-10-12 17:52:26 [http-nio-8444-exec-7] ERROR o.h.e.jdbc.spi.SqlExceptionHelper - ERROR: syntax error at or near "tb_activity"
  Position: 129
2020-10-12 17:52:27 [http-nio-8444-exec-7] ERROR o.h.e.jdbc.spi.SqlExceptionHelper - ERROR: syntax error at or near "tb_activity"
  Position: 129
2020-10-12 17:52:27 [http-nio-8444-exec-7] ERROR o.h.e.jdbc.spi.SqlExceptionHelper - ERROR: syntax error at or near "tb_activity"
  Position: 129
2020-10-12 17:52:27 [http-nio-8444-exec-7] ERROR o.h.e.jdbc.spi.SqlExceptionHelper - ERROR: syntax error at or near "tb_activity"
  Position: 129
2020-10-12 17:52:27 [http-nio-8444-exec-7] ERROR o.h.e.jdbc.spi.SqlExceptionHelper - ERROR: syntax error at or near "tb_activity"
  Position: 129
2020-10-12 17:52:27 [http-nio-8444-exec-3] ERROR o.h.e.jdbc.spi.SqlExceptionHelper - ERROR: syntax error at or near "tb_activity"
  Position: 129
2020-10-12 17:52:27 [http-nio-8444-exec-3] ERROR o.h.e.jdbc.spi.SqlExceptionHelper - ERROR: syntax error at or near "tb_activity"
  Position: 129
2020-10-12 17:52:27 [http-nio-8444-exec-3] ERROR o.h.e.jdbc.spi.SqlExceptionHelper - ERROR: syntax error at or near "tb_activity"
  Position: 129
2020-10-12 17:52:27 [http-nio-8444-exec-3] ERROR o.h.e.jdbc.spi.SqlExceptionHelper - ERROR: syntax error at or near "tb_activity"
  Position: 129
2020-10-12 17:52:27 [http-nio-8444-exec-3] ERROR o.h.e.jdbc.spi.SqlExceptionHelper - ERROR: syntax error at or near "tb_activity"
  Position: 129
2020-10-12 17:52:27 [http-nio-8444-exec-3] ERROR o.h.e.jdbc.spi.SqlExceptionHelper - ERROR: syntax error at or near "tb_activity"
  Position: 129
2020-10-12 17:52:27 [http-nio-8444-exec-3] ERROR o.h.e.jdbc.spi.SqlExceptionHelper - ERROR: syntax error at or near "tb_activity"
  Position: 129
2020-10-12 17:52:27 [http-nio-8444-exec-3] ERROR o.h.e.jdbc.spi.SqlExceptionHelper - ERROR: syntax error at or near "tb_activity"
  Position: 129
2020-10-12 17:52:27 [http-nio-8444-exec-3] ERROR o.h.e.jdbc.spi.SqlExceptionHelper - ERROR: syntax error at or near "tb_activity"
  Position: 129
2020-10-12 17:52:27 [http-nio-8444-exec-10] ERROR o.h.e.jdbc.spi.SqlExceptionHelper - ERROR: syntax error at or near "tb_activity"
  Position: 129
2020-10-12 17:52:27 [http-nio-8444-exec-10] ERROR o.h.e.jdbc.spi.SqlExceptionHelper - ERROR: syntax error at or near "tb_activity"
  Position: 129
2020-10-12 17:52:27 [http-nio-8444-exec-10] ERROR o.h.e.jdbc.spi.SqlExceptionHelper - ERROR: syntax error at or near "tb_activity"
  Position: 129
2020-10-12 17:52:27 [http-nio-8444-exec-10] ERROR o.h.e.jdbc.spi.SqlExceptionHelper - ERROR: syntax error at or near "tb_activity"
  Position: 129
2020-10-12 17:52:27 [http-nio-8444-exec-10] ERROR o.h.e.jdbc.spi.SqlExceptionHelper - ERROR: syntax error at or near "tb_activity"
  Position: 129
2020-10-12 17:52:27 [http-nio-8444-exec-10] ERROR o.h.e.jdbc.spi.SqlExceptionHelper - ERROR: syntax error at or near "tb_activity"
  Position: 129
2020-10-12 17:52:27 [http-nio-8444-exec-10] ERROR o.h.e.jdbc.spi.SqlExceptionHelper - ERROR: syntax error at or near "tb_activity"
  Position: 129
2020-10-12 17:52:27 [http-nio-8444-exec-10] ERROR o.h.e.jdbc.spi.SqlExceptionHelper - ERROR: syntax error at or near "tb_activity"
  Position: 129
2020-10-12 17:52:27 [http-nio-8444-exec-10] ERROR o.h.e.jdbc.spi.SqlExceptionHelper - ERROR: syntax error at or near "tb_activity"
  Position: 129
2020-10-12 17:52:28 [http-nio-8444-exec-4] ERROR o.h.e.jdbc.spi.SqlExceptionHelper - ERROR: syntax error at or near "tb_activity"
  Position: 129
2020-10-12 17:52:28 [http-nio-8444-exec-4] ERROR o.h.e.jdbc.spi.SqlExceptionHelper - ERROR: syntax error at or near "tb_activity"
  Position: 129
2020-10-12 17:52:28 [http-nio-8444-exec-4] ERROR o.h.e.jdbc.spi.SqlExceptionHelper - ERROR: syntax error at or near "tb_activity"
  Position: 129
2020-10-12 17:52:28 [http-nio-8444-exec-4] ERROR o.h.e.jdbc.spi.SqlExceptionHelper - ERROR: syntax error at or near "tb_activity"
  Position: 129
2020-10-12 17:52:28 [http-nio-8444-exec-4] ERROR o.h.e.jdbc.spi.SqlExceptionHelper - ERROR: syntax error at or near "tb_activity"
  Position: 129
2020-10-12 17:52:28 [http-nio-8444-exec-4] ERROR o.h.e.jdbc.spi.SqlExceptionHelper - ERROR: syntax error at or near "tb_activity"
  Position: 129
2020-10-12 17:52:28 [http-nio-8444-exec-4] ERROR o.h.e.jdbc.spi.SqlExceptionHelper - ERROR: syntax error at or near "tb_activity"
  Position: 129
2020-10-12 17:52:28 [http-nio-8444-exec-4] ERROR o.h.e.jdbc.spi.SqlExceptionHelper - ERROR: syntax error at or near "tb_activity"
  Position: 129
2020-10-12 17:52:28 [http-nio-8444-exec-4] ERROR o.h.e.jdbc.spi.SqlExceptionHelper - ERROR: syntax error at or near "tb_activity"
  Position: 129
2020-10-12 17:52:28 [http-nio-8444-exec-5] ERROR o.h.e.jdbc.spi.SqlExceptionHelper - ERROR: syntax error at or near "tb_activity"
  Position: 129
2020-10-12 17:52:28 [http-nio-8444-exec-5] ERROR o.h.e.jdbc.spi.SqlExceptionHelper - ERROR: syntax error at or near "tb_activity"
  Position: 129
2020-10-12 17:52:29 [http-nio-8444-exec-5] ERROR o.h.e.jdbc.spi.SqlExceptionHelper - ERROR: syntax error at or near "tb_activity"
  Position: 129
2020-10-12 17:52:29 [http-nio-8444-exec-5] ERROR o.h.e.jdbc.spi.SqlExceptionHelper - ERROR: syntax error at or near "tb_activity"
  Position: 129
2020-10-12 17:52:29 [http-nio-8444-exec-5] ERROR o.h.e.jdbc.spi.SqlExceptionHelper - ERROR: syntax error at or near "tb_activity"
  Position: 129
2020-10-12 17:52:29 [http-nio-8444-exec-5] ERROR o.h.e.jdbc.spi.SqlExceptionHelper - ERROR: syntax error at or near "tb_activity"
  Position: 129
2020-10-12 17:52:29 [http-nio-8444-exec-5] ERROR o.h.e.jdbc.spi.SqlExceptionHelper - ERROR: syntax error at or near "tb_activity"
  Position: 129
2020-10-12 17:52:29 [http-nio-8444-exec-5] ERROR o.h.e.jdbc.spi.SqlExceptionHelper - ERROR: syntax error at or near "tb_activity"
  Position: 129
2020-10-12 17:52:29 [http-nio-8444-exec-5] ERROR o.h.e.jdbc.spi.SqlExceptionHelper - ERROR: syntax error at or near "tb_activity"
  Position: 129
2020-10-12 17:52:29 [http-nio-8444-exec-2] ERROR o.h.e.jdbc.spi.SqlExceptionHelper - ERROR: syntax error at or near "tb_activity"
  Position: 129
2020-10-12 17:52:29 [http-nio-8444-exec-2] ERROR o.h.e.jdbc.spi.SqlExceptionHelper - ERROR: syntax error at or near "tb_activity"
  Position: 129
2020-10-12 17:52:29 [http-nio-8444-exec-2] ERROR o.h.e.jdbc.spi.SqlExceptionHelper - ERROR: syntax error at or near "tb_activity"
  Position: 129
2020-10-12 17:52:29 [http-nio-8444-exec-2] ERROR o.h.e.jdbc.spi.SqlExceptionHelper - ERROR: syntax error at or near "tb_activity"
  Position: 129
2020-10-12 17:52:29 [http-nio-8444-exec-2] ERROR o.h.e.jdbc.spi.SqlExceptionHelper - ERROR: syntax error at or near "tb_activity"
  Position: 129
2020-10-12 17:52:29 [http-nio-8444-exec-2] ERROR o.h.e.jdbc.spi.SqlExceptionHelper - ERROR: syntax error at or near "tb_activity"
  Position: 129
2020-10-12 17:52:29 [http-nio-8444-exec-2] ERROR o.h.e.jdbc.spi.SqlExceptionHelper - ERROR: syntax error at or near "tb_activity"
  Position: 129
2020-10-12 17:52:29 [http-nio-8444-exec-2] ERROR o.h.e.jdbc.spi.SqlExceptionHelper - ERROR: syntax error at or near "tb_activity"
  Position: 129
2020-10-12 17:52:29 [http-nio-8444-exec-2] ERROR o.h.e.jdbc.spi.SqlExceptionHelper - ERROR: syntax error at or near "tb_activity"
  Position: 129
2020-10-12 17:52:29 [http-nio-8444-exec-6] ERROR o.h.e.jdbc.spi.SqlExceptionHelper - ERROR: syntax error at or near "tb_activity"
  Position: 129
2020-10-12 17:52:29 [http-nio-8444-exec-6] ERROR o.h.e.jdbc.spi.SqlExceptionHelper - ERROR: syntax error at or near "tb_activity"
  Position: 129
2020-10-12 17:52:29 [http-nio-8444-exec-6] ERROR o.h.e.jdbc.spi.SqlExceptionHelper - ERROR: syntax error at or near "tb_activity"
  Position: 129
2020-10-12 17:52:29 [http-nio-8444-exec-6] ERROR o.h.e.jdbc.spi.SqlExceptionHelper - ERROR: syntax error at or near "tb_activity"
  Position: 129
2020-10-12 17:52:29 [http-nio-8444-exec-6] ERROR o.h.e.jdbc.spi.SqlExceptionHelper - ERROR: syntax error at or near "tb_activity"
  Position: 129
2020-10-12 17:52:29 [http-nio-8444-exec-6] ERROR o.h.e.jdbc.spi.SqlExceptionHelper - ERROR: syntax error at or near "tb_activity"
  Position: 129
2020-10-12 17:52:29 [http-nio-8444-exec-6] ERROR o.h.e.jdbc.spi.SqlExceptionHelper - ERROR: syntax error at or near "tb_activity"
  Position: 129
2020-10-12 17:52:29 [http-nio-8444-exec-6] ERROR o.h.e.jdbc.spi.SqlExceptionHelper - ERROR: syntax error at or near "tb_activity"
  Position: 129
2020-10-12 17:52:30 [http-nio-8444-exec-6] ERROR o.h.e.jdbc.spi.SqlExceptionHelper - ERROR: syntax error at or near "tb_activity"
  Position: 129
2020-10-12 17:52:30 [http-nio-8444-exec-9] ERROR o.h.e.jdbc.spi.SqlExceptionHelper - ERROR: syntax error at or near "tb_activity"
  Position: 129
2020-10-12 17:52:30 [http-nio-8444-exec-9] ERROR o.h.e.jdbc.spi.SqlExceptionHelper - ERROR: syntax error at or near "tb_activity"
  Position: 129
2020-10-12 17:52:30 [http-nio-8444-exec-9] ERROR o.h.e.jdbc.spi.SqlExceptionHelper - ERROR: syntax error at or near "tb_activity"
  Position: 129
2020-10-12 17:52:30 [http-nio-8444-exec-9] ERROR o.h.e.jdbc.spi.SqlExceptionHelper - ERROR: syntax error at or near "tb_activity"
  Position: 129
2020-10-12 17:52:30 [http-nio-8444-exec-9] ERROR o.h.e.jdbc.spi.SqlExceptionHelper - ERROR: syntax error at or near "tb_activity"
  Position: 129
2020-10-12 17:52:30 [http-nio-8444-exec-9] ERROR o.h.e.jdbc.spi.SqlExceptionHelper - ERROR: syntax error at or near "tb_activity"
  Position: 129
2020-10-12 17:52:30 [http-nio-8444-exec-9] ERROR o.h.e.jdbc.spi.SqlExceptionHelper - ERROR: syntax error at or near "tb_activity"
  Position: 129
2020-10-12 17:52:30 [http-nio-8444-exec-9] ERROR o.h.e.jdbc.spi.SqlExceptionHelper - ERROR: syntax error at or near "tb_activity"
  Position: 129
2020-10-12 17:52:30 [http-nio-8444-exec-9] ERROR o.h.e.jdbc.spi.SqlExceptionHelper - ERROR: syntax error at or near "tb_activity"
  Position: 129
2020-10-12 17:52:40 [http-nio-8444-exec-8] ERROR o.h.e.jdbc.spi.SqlExceptionHelper - ERROR: syntax error at or near "tb_activity"
  Position: 129
2020-10-12 17:52:40 [http-nio-8444-exec-8] ERROR o.h.e.jdbc.spi.SqlExceptionHelper - ERROR: syntax error at or near "tb_activity"
  Position: 129
2020-10-12 17:52:40 [http-nio-8444-exec-8] ERROR o.h.e.jdbc.spi.SqlExceptionHelper - ERROR: syntax error at or near "tb_activity"
  Position: 129
2020-10-12 17:52:40 [http-nio-8444-exec-8] ERROR o.h.e.jdbc.spi.SqlExceptionHelper - ERROR: syntax error at or near "tb_activity"
  Position: 129
2020-10-12 17:52:40 [http-nio-8444-exec-8] ERROR o.h.e.jdbc.spi.SqlExceptionHelper - ERROR: syntax error at or near "tb_activity"
  Position: 129
2020-10-12 17:52:40 [http-nio-8444-exec-8] ERROR o.h.e.jdbc.spi.SqlExceptionHelper - ERROR: syntax error at or near "tb_activity"
  Position: 129
2020-10-12 17:52:40 [http-nio-8444-exec-8] ERROR o.h.e.jdbc.spi.SqlExceptionHelper - ERROR: syntax error at or near "tb_activity"
  Position: 129
2020-10-12 17:52:40 [http-nio-8444-exec-8] ERROR o.h.e.jdbc.spi.SqlExceptionHelper - ERROR: syntax error at or near "tb_activity"
  Position: 129
2020-10-12 17:52:40 [http-nio-8444-exec-8] ERROR o.h.e.jdbc.spi.SqlExceptionHelper - ERROR: syntax error at or near "tb_activity"
  Position: 129
2020-10-12 18:05:58 [http-nio-8444-exec-3] ERROR o.h.e.jdbc.spi.SqlExceptionHelper - ERROR: syntax error at or near "tb_activity"
  Position: 129
2020-10-12 18:05:58 [http-nio-8444-exec-3] ERROR o.h.e.jdbc.spi.SqlExceptionHelper - ERROR: syntax error at or near "tb_activity"
  Position: 129
2020-10-12 18:05:58 [http-nio-8444-exec-3] ERROR o.h.e.jdbc.spi.SqlExceptionHelper - ERROR: syntax error at or near "tb_activity"
  Position: 129
2020-10-12 18:05:58 [http-nio-8444-exec-3] ERROR o.h.e.jdbc.spi.SqlExceptionHelper - ERROR: syntax error at or near "tb_activity"
  Position: 129
2020-10-12 18:05:58 [http-nio-8444-exec-3] ERROR o.h.e.jdbc.spi.SqlExceptionHelper - ERROR: syntax error at or near "tb_activity"
  Position: 129
2020-10-12 18:05:58 [http-nio-8444-exec-3] ERROR o.h.e.jdbc.spi.SqlExceptionHelper - ERROR: syntax error at or near "tb_activity"
  Position: 129
2020-10-12 18:05:58 [http-nio-8444-exec-3] ERROR o.h.e.jdbc.spi.SqlExceptionHelper - ERROR: syntax error at or near "tb_activity"
  Position: 129
2020-10-12 18:05:58 [http-nio-8444-exec-3] ERROR o.h.e.jdbc.spi.SqlExceptionHelper - ERROR: syntax error at or near "tb_activity"
  Position: 129
2020-10-12 18:05:58 [http-nio-8444-exec-3] ERROR o.h.e.jdbc.spi.SqlExceptionHelper - ERROR: syntax error at or near "tb_activity"
  Position: 129
2020-10-12 18:22:31 [http-nio-8444-exec-7] ERROR o.h.e.jdbc.spi.SqlExceptionHelper - ERROR: syntax error at or near "tb_activity"
  Position: 129
2020-10-12 18:22:31 [http-nio-8444-exec-7] ERROR o.h.e.jdbc.spi.SqlExceptionHelper - ERROR: syntax error at or near "tb_activity"
  Position: 129
2020-10-12 18:22:31 [http-nio-8444-exec-7] ERROR o.h.e.jdbc.spi.SqlExceptionHelper - ERROR: syntax error at or near "tb_activity"
  Position: 129
2020-10-12 18:22:31 [http-nio-8444-exec-7] ERROR o.h.e.jdbc.spi.SqlExceptionHelper - ERROR: syntax error at or near "tb_activity"
  Position: 129
2020-10-12 18:22:31 [http-nio-8444-exec-7] ERROR o.h.e.jdbc.spi.SqlExceptionHelper - ERROR: syntax error at or near "tb_activity"
  Position: 129
2020-10-12 18:22:31 [http-nio-8444-exec-7] ERROR o.h.e.jdbc.spi.SqlExceptionHelper - ERROR: syntax error at or near "tb_activity"
  Position: 129
2020-10-12 18:22:31 [http-nio-8444-exec-7] ERROR o.h.e.jdbc.spi.SqlExceptionHelper - ERROR: syntax error at or near "tb_activity"
  Position: 129
2020-10-12 18:22:31 [http-nio-8444-exec-7] ERROR o.h.e.jdbc.spi.SqlExceptionHelper - ERROR: syntax error at or near "tb_activity"
  Position: 129
2020-10-12 18:22:31 [http-nio-8444-exec-7] ERROR o.h.e.jdbc.spi.SqlExceptionHelper - ERROR: syntax error at or near "tb_activity"
  Position: 129
2020-10-12 18:22:46 [http-nio-8444-exec-7] ERROR o.h.e.jdbc.spi.SqlExceptionHelper - ERROR: syntax error at or near "tb_activity"
  Position: 129
2020-10-12 18:22:46 [http-nio-8444-exec-7] ERROR o.h.e.jdbc.spi.SqlExceptionHelper - ERROR: syntax error at or near "tb_activity"
  Position: 129
2020-10-12 18:22:46 [http-nio-8444-exec-7] ERROR o.h.e.jdbc.spi.SqlExceptionHelper - ERROR: syntax error at or near "tb_activity"
  Position: 129
2020-10-12 18:22:46 [http-nio-8444-exec-7] ERROR o.h.e.jdbc.spi.SqlExceptionHelper - ERROR: syntax error at or near "tb_activity"
  Position: 129
2020-10-12 18:22:46 [http-nio-8444-exec-7] ERROR o.h.e.jdbc.spi.SqlExceptionHelper - ERROR: syntax error at or near "tb_activity"
  Position: 129
2020-10-12 18:22:46 [http-nio-8444-exec-7] ERROR o.h.e.jdbc.spi.SqlExceptionHelper - ERROR: syntax error at or near "tb_activity"
  Position: 129
2020-10-12 18:22:46 [http-nio-8444-exec-7] ERROR o.h.e.jdbc.spi.SqlExceptionHelper - ERROR: syntax error at or near "tb_activity"
  Position: 129
2020-10-12 18:22:46 [http-nio-8444-exec-7] ERROR o.h.e.jdbc.spi.SqlExceptionHelper - ERROR: syntax error at or near "tb_activity"
  Position: 129
2020-10-12 18:22:46 [http-nio-8444-exec-7] ERROR o.h.e.jdbc.spi.SqlExceptionHelper - ERROR: syntax error at or near "tb_activity"
  Position: 129
2020-10-12 18:31:13 [http-nio-8444-exec-7] ERROR o.h.e.jdbc.spi.SqlExceptionHelper - ERROR: syntax error at or near "tb_activity"
  Position: 129
2020-10-12 18:31:13 [http-nio-8444-exec-7] ERROR o.h.e.jdbc.spi.SqlExceptionHelper - ERROR: syntax error at or near "tb_activity"
  Position: 129
2020-10-12 18:31:13 [http-nio-8444-exec-7] ERROR o.h.e.jdbc.spi.SqlExceptionHelper - ERROR: syntax error at or near "tb_activity"
  Position: 129
2020-10-12 18:31:13 [http-nio-8444-exec-7] ERROR o.h.e.jdbc.spi.SqlExceptionHelper - ERROR: syntax error at or near "tb_activity"
  Position: 129
2020-10-12 18:31:13 [http-nio-8444-exec-7] ERROR o.h.e.jdbc.spi.SqlExceptionHelper - ERROR: syntax error at or near "tb_activity"
  Position: 129
2020-10-12 18:31:13 [http-nio-8444-exec-7] ERROR o.h.e.jdbc.spi.SqlExceptionHelper - ERROR: syntax error at or near "tb_activity"
  Position: 129
2020-10-12 18:31:13 [http-nio-8444-exec-7] ERROR o.h.e.jdbc.spi.SqlExceptionHelper - ERROR: syntax error at or near "tb_activity"
  Position: 129
2020-10-12 18:31:13 [http-nio-8444-exec-7] ERROR o.h.e.jdbc.spi.SqlExceptionHelper - ERROR: syntax error at or near "tb_activity"
  Position: 129
2020-10-12 18:31:13 [http-nio-8444-exec-7] ERROR o.h.e.jdbc.spi.SqlExceptionHelper - ERROR: syntax error at or near "tb_activity"
  Position: 129
2020-10-12 18:34:47 [http-nio-8444-exec-1] ERROR o.h.e.jdbc.spi.SqlExceptionHelper - ERROR: syntax error at or near "tb_activity"
  Position: 129
2020-10-12 18:34:47 [http-nio-8444-exec-1] ERROR o.h.e.jdbc.spi.SqlExceptionHelper - ERROR: syntax error at or near "tb_activity"
  Position: 129
2020-10-12 18:34:47 [http-nio-8444-exec-1] ERROR o.h.e.jdbc.spi.SqlExceptionHelper - ERROR: syntax error at or near "tb_activity"
  Position: 129
2020-10-12 18:34:47 [http-nio-8444-exec-1] ERROR o.h.e.jdbc.spi.SqlExceptionHelper - ERROR: syntax error at or near "tb_activity"
  Position: 129
2020-10-12 18:34:47 [http-nio-8444-exec-1] ERROR o.h.e.jdbc.spi.SqlExceptionHelper - ERROR: syntax error at or near "tb_activity"
  Position: 129
2020-10-12 18:34:47 [http-nio-8444-exec-1] ERROR o.h.e.jdbc.spi.SqlExceptionHelper - ERROR: syntax error at or near "tb_activity"
  Position: 129
2020-10-12 18:34:47 [http-nio-8444-exec-1] ERROR o.h.e.jdbc.spi.SqlExceptionHelper - ERROR: syntax error at or near "tb_activity"
  Position: 129
2020-10-12 18:34:47 [http-nio-8444-exec-1] ERROR o.h.e.jdbc.spi.SqlExceptionHelper - ERROR: syntax error at or near "tb_activity"
  Position: 129
2020-10-12 18:34:47 [http-nio-8444-exec-1] ERROR o.h.e.jdbc.spi.SqlExceptionHelper - ERROR: syntax error at or near "tb_activity"
  Position: 129
2020-10-12 18:36:18 [http-nio-8444-exec-8] ERROR o.h.e.jdbc.spi.SqlExceptionHelper - ERROR: syntax error at or near "tb_activity"
  Position: 129
2020-10-12 18:36:18 [http-nio-8444-exec-8] ERROR o.h.e.jdbc.spi.SqlExceptionHelper - ERROR: syntax error at or near "tb_activity"
  Position: 129
2020-10-12 18:36:18 [http-nio-8444-exec-8] ERROR o.h.e.jdbc.spi.SqlExceptionHelper - ERROR: syntax error at or near "tb_activity"
  Position: 129
2020-10-12 18:36:18 [http-nio-8444-exec-8] ERROR o.h.e.jdbc.spi.SqlExceptionHelper - ERROR: syntax error at or near "tb_activity"
  Position: 129
2020-10-12 18:36:18 [http-nio-8444-exec-8] ERROR o.h.e.jdbc.spi.SqlExceptionHelper - ERROR: syntax error at or near "tb_activity"
  Position: 129
2020-10-12 18:36:18 [http-nio-8444-exec-8] ERROR o.h.e.jdbc.spi.SqlExceptionHelper - ERROR: syntax error at or near "tb_activity"
  Position: 129
2020-10-12 18:36:18 [http-nio-8444-exec-8] ERROR o.h.e.jdbc.spi.SqlExceptionHelper - ERROR: syntax error at or near "tb_activity"
  Position: 129
2020-10-12 18:36:18 [http-nio-8444-exec-8] ERROR o.h.e.jdbc.spi.SqlExceptionHelper - ERROR: syntax error at or near "tb_activity"
  Position: 129
2020-10-12 18:36:18 [http-nio-8444-exec-8] ERROR o.h.e.jdbc.spi.SqlExceptionHelper - ERROR: syntax error at or near "tb_activity"
  Position: 129
2020-10-12 18:37:38 [http-nio-8444-exec-4] ERROR o.h.e.jdbc.spi.SqlExceptionHelper - ERROR: syntax error at or near "tb_activity"
  Position: 129
2020-10-12 18:37:38 [http-nio-8444-exec-4] ERROR o.h.e.jdbc.spi.SqlExceptionHelper - ERROR: syntax error at or near "tb_activity"
  Position: 129
2020-10-12 18:37:38 [http-nio-8444-exec-4] ERROR o.h.e.jdbc.spi.SqlExceptionHelper - ERROR: syntax error at or near "tb_activity"
  Position: 129
2020-10-12 18:37:38 [http-nio-8444-exec-4] ERROR o.h.e.jdbc.spi.SqlExceptionHelper - ERROR: syntax error at or near "tb_activity"
  Position: 129
2020-10-12 18:37:38 [http-nio-8444-exec-4] ERROR o.h.e.jdbc.spi.SqlExceptionHelper - ERROR: syntax error at or near "tb_activity"
  Position: 129
2020-10-12 18:37:38 [http-nio-8444-exec-4] ERROR o.h.e.jdbc.spi.SqlExceptionHelper - ERROR: syntax error at or near "tb_activity"
  Position: 129
2020-10-12 18:37:38 [http-nio-8444-exec-4] ERROR o.h.e.jdbc.spi.SqlExceptionHelper - ERROR: syntax error at or near "tb_activity"
  Position: 129
2020-10-12 18:37:38 [http-nio-8444-exec-4] ERROR o.h.e.jdbc.spi.SqlExceptionHelper - ERROR: syntax error at or near "tb_activity"
  Position: 129
2020-10-12 18:37:38 [http-nio-8444-exec-4] ERROR o.h.e.jdbc.spi.SqlExceptionHelper - ERROR: syntax error at or near "tb_activity"
  Position: 129
2020-10-12 18:42:02 [http-nio-8444-exec-2] ERROR o.h.e.jdbc.spi.SqlExceptionHelper - ERROR: syntax error at or near "tb_activity"
  Position: 129
2020-10-12 18:42:02 [http-nio-8444-exec-2] ERROR o.h.e.jdbc.spi.SqlExceptionHelper - ERROR: syntax error at or near "tb_activity"
  Position: 129
2020-10-12 18:42:02 [http-nio-8444-exec-2] ERROR o.h.e.jdbc.spi.SqlExceptionHelper - ERROR: syntax error at or near "tb_activity"
  Position: 129
2020-10-12 18:42:02 [http-nio-8444-exec-2] ERROR o.h.e.jdbc.spi.SqlExceptionHelper - ERROR: syntax error at or near "tb_activity"
  Position: 129
2020-10-12 18:42:02 [http-nio-8444-exec-2] ERROR o.h.e.jdbc.spi.SqlExceptionHelper - ERROR: syntax error at or near "tb_activity"
  Position: 129
2020-10-12 18:42:02 [http-nio-8444-exec-2] ERROR o.h.e.jdbc.spi.SqlExceptionHelper - ERROR: syntax error at or near "tb_activity"
  Position: 129
2020-10-12 18:42:02 [http-nio-8444-exec-2] ERROR o.h.e.jdbc.spi.SqlExceptionHelper - ERROR: syntax error at or near "tb_activity"
  Position: 129
2020-10-12 18:42:02 [http-nio-8444-exec-2] ERROR o.h.e.jdbc.spi.SqlExceptionHelper - ERROR: syntax error at or near "tb_activity"
  Position: 129
2020-10-12 18:42:02 [http-nio-8444-exec-2] ERROR o.h.e.jdbc.spi.SqlExceptionHelper - ERROR: syntax error at or near "tb_activity"
  Position: 129
2020-10-12 18:59:35 [http-nio-8444-exec-7] ERROR o.h.e.jdbc.spi.SqlExceptionHelper - ERROR: syntax error at or near "tb_activity"
  Position: 129
2020-10-12 18:59:35 [http-nio-8444-exec-7] ERROR o.h.e.jdbc.spi.SqlExceptionHelper - ERROR: syntax error at or near "tb_activity"
  Position: 129
2020-10-12 18:59:35 [http-nio-8444-exec-7] ERROR o.h.e.jdbc.spi.SqlExceptionHelper - ERROR: syntax error at or near "tb_activity"
  Position: 129
2020-10-12 18:59:35 [http-nio-8444-exec-7] ERROR o.h.e.jdbc.spi.SqlExceptionHelper - ERROR: syntax error at or near "tb_activity"
  Position: 129
2020-10-12 18:59:35 [http-nio-8444-exec-7] ERROR o.h.e.jdbc.spi.SqlExceptionHelper - ERROR: syntax error at or near "tb_activity"
  Position: 129
2020-10-12 18:59:35 [http-nio-8444-exec-7] ERROR o.h.e.jdbc.spi.SqlExceptionHelper - ERROR: syntax error at or near "tb_activity"
  Position: 129
2020-10-12 18:59:35 [http-nio-8444-exec-7] ERROR o.h.e.jdbc.spi.SqlExceptionHelper - ERROR: syntax error at or near "tb_activity"
  Position: 129
2020-10-12 18:59:35 [http-nio-8444-exec-7] ERROR o.h.e.jdbc.spi.SqlExceptionHelper - ERROR: syntax error at or near "tb_activity"
  Position: 129
2020-10-12 18:59:35 [http-nio-8444-exec-7] ERROR o.h.e.jdbc.spi.SqlExceptionHelper - ERROR: syntax error at or near "tb_activity"
  Position: 129
2020-10-12 18:59:40 [http-nio-8444-exec-6] ERROR o.h.e.jdbc.spi.SqlExceptionHelper - ERROR: syntax error at or near "tb_activity"
  Position: 129
2020-10-12 18:59:40 [http-nio-8444-exec-6] ERROR o.h.e.jdbc.spi.SqlExceptionHelper - ERROR: syntax error at or near "tb_activity"
  Position: 129
2020-10-12 18:59:40 [http-nio-8444-exec-6] ERROR o.h.e.jdbc.spi.SqlExceptionHelper - ERROR: syntax error at or near "tb_activity"
  Position: 129
2020-10-12 18:59:40 [http-nio-8444-exec-6] ERROR o.h.e.jdbc.spi.SqlExceptionHelper - ERROR: syntax error at or near "tb_activity"
  Position: 129
2020-10-12 18:59:40 [http-nio-8444-exec-6] ERROR o.h.e.jdbc.spi.SqlExceptionHelper - ERROR: syntax error at or near "tb_activity"
  Position: 129
2020-10-12 18:59:40 [http-nio-8444-exec-6] ERROR o.h.e.jdbc.spi.SqlExceptionHelper - ERROR: syntax error at or near "tb_activity"
  Position: 129
2020-10-12 18:59:40 [http-nio-8444-exec-6] ERROR o.h.e.jdbc.spi.SqlExceptionHelper - ERROR: syntax error at or near "tb_activity"
  Position: 129
2020-10-12 18:59:40 [http-nio-8444-exec-6] ERROR o.h.e.jdbc.spi.SqlExceptionHelper - ERROR: syntax error at or near "tb_activity"
  Position: 129
2020-10-12 18:59:40 [http-nio-8444-exec-6] ERROR o.h.e.jdbc.spi.SqlExceptionHelper - ERROR: syntax error at or near "tb_activity"
  Position: 129
2020-10-12 19:08:31 [http-nio-8444-exec-9] ERROR o.h.e.jdbc.spi.SqlExceptionHelper - ERROR: syntax error at or near "tb_activity"
  Position: 129
2020-10-12 19:08:31 [http-nio-8444-exec-9] ERROR o.h.e.jdbc.spi.SqlExceptionHelper - ERROR: syntax error at or near "tb_activity"
  Position: 129
2020-10-12 19:08:31 [http-nio-8444-exec-9] ERROR o.h.e.jdbc.spi.SqlExceptionHelper - ERROR: syntax error at or near "tb_activity"
  Position: 129
2020-10-12 19:08:31 [http-nio-8444-exec-9] ERROR o.h.e.jdbc.spi.SqlExceptionHelper - ERROR: syntax error at or near "tb_activity"
  Position: 129
2020-10-12 19:08:31 [http-nio-8444-exec-9] ERROR o.h.e.jdbc.spi.SqlExceptionHelper - ERROR: syntax error at or near "tb_activity"
  Position: 129
2020-10-12 19:08:31 [http-nio-8444-exec-9] ERROR o.h.e.jdbc.spi.SqlExceptionHelper - ERROR: syntax error at or near "tb_activity"
  Position: 129
2020-10-12 19:08:31 [http-nio-8444-exec-9] ERROR o.h.e.jdbc.spi.SqlExceptionHelper - ERROR: syntax error at or near "tb_activity"
  Position: 129
2020-10-12 19:08:31 [http-nio-8444-exec-9] ERROR o.h.e.jdbc.spi.SqlExceptionHelper - ERROR: syntax error at or near "tb_activity"
  Position: 129
2020-10-12 19:08:31 [http-nio-8444-exec-9] ERROR o.h.e.jdbc.spi.SqlExceptionHelper - ERROR: syntax error at or near "tb_activity"
  Position: 129
2020-10-12 19:08:44 [http-nio-8444-exec-2] ERROR o.h.e.jdbc.spi.SqlExceptionHelper - ERROR: syntax error at or near "tb_activity"
  Position: 129
2020-10-12 19:08:44 [http-nio-8444-exec-2] ERROR o.h.e.jdbc.spi.SqlExceptionHelper - ERROR: syntax error at or near "tb_activity"
  Position: 129
2020-10-12 19:08:44 [http-nio-8444-exec-2] ERROR o.h.e.jdbc.spi.SqlExceptionHelper - ERROR: syntax error at or near "tb_activity"
  Position: 129
2020-10-12 19:08:44 [http-nio-8444-exec-2] ERROR o.h.e.jdbc.spi.SqlExceptionHelper - ERROR: syntax error at or near "tb_activity"
  Position: 129
2020-10-12 19:08:44 [http-nio-8444-exec-2] ERROR o.h.e.jdbc.spi.SqlExceptionHelper - ERROR: syntax error at or near "tb_activity"
  Position: 129
2020-10-12 19:08:44 [http-nio-8444-exec-2] ERROR o.h.e.jdbc.spi.SqlExceptionHelper - ERROR: syntax error at or near "tb_activity"
  Position: 129
2020-10-12 19:08:44 [http-nio-8444-exec-2] ERROR o.h.e.jdbc.spi.SqlExceptionHelper - ERROR: syntax error at or near "tb_activity"
  Position: 129
2020-10-12 19:08:44 [http-nio-8444-exec-2] ERROR o.h.e.jdbc.spi.SqlExceptionHelper - ERROR: syntax error at or near "tb_activity"
  Position: 129
2020-10-12 19:08:44 [http-nio-8444-exec-2] ERROR o.h.e.jdbc.spi.SqlExceptionHelper - ERROR: syntax error at or near "tb_activity"
  Position: 129
2020-10-12 19:24:57 [http-nio-8444-exec-7] ERROR o.h.e.jdbc.spi.SqlExceptionHelper - ERROR: syntax error at or near "tb_activity"
  Position: 129
2020-10-12 19:24:57 [http-nio-8444-exec-7] ERROR o.h.e.jdbc.spi.SqlExceptionHelper - ERROR: syntax error at or near "tb_activity"
  Position: 129
2020-10-12 19:24:57 [http-nio-8444-exec-7] ERROR o.h.e.jdbc.spi.SqlExceptionHelper - ERROR: syntax error at or near "tb_activity"
  Position: 129
2020-10-12 19:24:57 [http-nio-8444-exec-7] ERROR o.h.e.jdbc.spi.SqlExceptionHelper - ERROR: syntax error at or near "tb_activity"
  Position: 129
2020-10-12 19:24:57 [http-nio-8444-exec-7] ERROR o.h.e.jdbc.spi.SqlExceptionHelper - ERROR: syntax error at or near "tb_activity"
  Position: 129
2020-10-12 19:24:57 [http-nio-8444-exec-7] ERROR o.h.e.jdbc.spi.SqlExceptionHelper - ERROR: syntax error at or near "tb_activity"
  Position: 129
2020-10-12 19:24:57 [http-nio-8444-exec-7] ERROR o.h.e.jdbc.spi.SqlExceptionHelper - ERROR: syntax error at or near "tb_activity"
  Position: 129
2020-10-12 19:24:58 [http-nio-8444-exec-7] ERROR o.h.e.jdbc.spi.SqlExceptionHelper - ERROR: syntax error at or near "tb_activity"
  Position: 129
2020-10-12 19:24:58 [http-nio-8444-exec-7] ERROR o.h.e.jdbc.spi.SqlExceptionHelper - ERROR: syntax error at or near "tb_activity"
  Position: 129
2020-10-12 19:28:58 [http-nio-8444-exec-3] ERROR o.h.e.jdbc.spi.SqlExceptionHelper - ERROR: syntax error at or near "tb_activity"
  Position: 129
2020-10-12 19:28:58 [http-nio-8444-exec-3] ERROR o.h.e.jdbc.spi.SqlExceptionHelper - ERROR: syntax error at or near "tb_activity"
  Position: 129
2020-10-12 19:28:58 [http-nio-8444-exec-3] ERROR o.h.e.jdbc.spi.SqlExceptionHelper - ERROR: syntax error at or near "tb_activity"
  Position: 129
2020-10-12 19:28:58 [http-nio-8444-exec-3] ERROR o.h.e.jdbc.spi.SqlExceptionHelper - ERROR: syntax error at or near "tb_activity"
  Position: 129
2020-10-12 19:28:58 [http-nio-8444-exec-3] ERROR o.h.e.jdbc.spi.SqlExceptionHelper - ERROR: syntax error at or near "tb_activity"
  Position: 129
2020-10-12 19:28:58 [http-nio-8444-exec-3] ERROR o.h.e.jdbc.spi.SqlExceptionHelper - ERROR: syntax error at or near "tb_activity"
  Position: 129
2020-10-12 19:28:58 [http-nio-8444-exec-3] ERROR o.h.e.jdbc.spi.SqlExceptionHelper - ERROR: syntax error at or near "tb_activity"
  Position: 129
2020-10-12 19:28:58 [http-nio-8444-exec-3] ERROR o.h.e.jdbc.spi.SqlExceptionHelper - ERROR: syntax error at or near "tb_activity"
  Position: 129
2020-10-12 19:28:58 [http-nio-8444-exec-3] ERROR o.h.e.jdbc.spi.SqlExceptionHelper - ERROR: syntax error at or near "tb_activity"
  Position: 129
2020-10-12 19:30:47 [http-nio-8444-exec-10] ERROR o.h.e.jdbc.spi.SqlExceptionHelper - ERROR: syntax error at or near "tb_activity"
  Position: 129
2020-10-12 19:30:47 [http-nio-8444-exec-10] ERROR o.h.e.jdbc.spi.SqlExceptionHelper - ERROR: syntax error at or near "tb_activity"
  Position: 129
2020-10-12 19:30:47 [http-nio-8444-exec-10] ERROR o.h.e.jdbc.spi.SqlExceptionHelper - ERROR: syntax error at or near "tb_activity"
  Position: 129
2020-10-12 19:30:47 [http-nio-8444-exec-10] ERROR o.h.e.jdbc.spi.SqlExceptionHelper - ERROR: syntax error at or near "tb_activity"
  Position: 129
2020-10-12 19:30:47 [http-nio-8444-exec-10] ERROR o.h.e.jdbc.spi.SqlExceptionHelper - ERROR: syntax error at or near "tb_activity"
  Position: 129
2020-10-12 19:30:47 [http-nio-8444-exec-10] ERROR o.h.e.jdbc.spi.SqlExceptionHelper - ERROR: syntax error at or near "tb_activity"
  Position: 129
2020-10-12 19:30:47 [http-nio-8444-exec-10] ERROR o.h.e.jdbc.spi.SqlExceptionHelper - ERROR: syntax error at or near "tb_activity"
  Position: 129
2020-10-12 19:30:47 [http-nio-8444-exec-10] ERROR o.h.e.jdbc.spi.SqlExceptionHelper - ERROR: syntax error at or near "tb_activity"
  Position: 129
2020-10-12 19:30:47 [http-nio-8444-exec-10] ERROR o.h.e.jdbc.spi.SqlExceptionHelper - ERROR: syntax error at or near "tb_activity"
  Position: 129
2020-10-12 19:34:26 [http-nio-8444-exec-6] ERROR o.h.e.jdbc.spi.SqlExceptionHelper - ERROR: syntax error at or near "tb_activity"
  Position: 129
2020-10-12 19:34:26 [http-nio-8444-exec-6] ERROR o.h.e.jdbc.spi.SqlExceptionHelper - ERROR: syntax error at or near "tb_activity"
  Position: 129
2020-10-12 19:34:26 [http-nio-8444-exec-6] ERROR o.h.e.jdbc.spi.SqlExceptionHelper - ERROR: syntax error at or near "tb_activity"
  Position: 129
2020-10-12 19:34:26 [http-nio-8444-exec-6] ERROR o.h.e.jdbc.spi.SqlExceptionHelper - ERROR: syntax error at or near "tb_activity"
  Position: 129
2020-10-12 19:34:26 [http-nio-8444-exec-6] ERROR o.h.e.jdbc.spi.SqlExceptionHelper - ERROR: syntax error at or near "tb_activity"
  Position: 129
2020-10-12 19:34:26 [http-nio-8444-exec-6] ERROR o.h.e.jdbc.spi.SqlExceptionHelper - ERROR: syntax error at or near "tb_activity"
  Position: 129
2020-10-12 19:34:26 [http-nio-8444-exec-6] ERROR o.h.e.jdbc.spi.SqlExceptionHelper - ERROR: syntax error at or near "tb_activity"
  Position: 129
2020-10-12 19:34:26 [http-nio-8444-exec-6] ERROR o.h.e.jdbc.spi.SqlExceptionHelper - ERROR: syntax error at or near "tb_activity"
  Position: 129
2020-10-12 19:34:26 [http-nio-8444-exec-6] ERROR o.h.e.jdbc.spi.SqlExceptionHelper - ERROR: syntax error at or near "tb_activity"
  Position: 129
2020-10-12 19:41:47 [http-nio-8444-exec-9] ERROR o.h.e.jdbc.spi.SqlExceptionHelper - ERROR: syntax error at or near "tb_activity"
  Position: 129
2020-10-12 19:41:47 [http-nio-8444-exec-9] ERROR o.h.e.jdbc.spi.SqlExceptionHelper - ERROR: syntax error at or near "tb_activity"
  Position: 129
2020-10-12 19:41:47 [http-nio-8444-exec-9] ERROR o.h.e.jdbc.spi.SqlExceptionHelper - ERROR: syntax error at or near "tb_activity"
  Position: 129
2020-10-12 19:41:47 [http-nio-8444-exec-9] ERROR o.h.e.jdbc.spi.SqlExceptionHelper - ERROR: syntax error at or near "tb_activity"
  Position: 129
2020-10-12 19:41:47 [http-nio-8444-exec-9] ERROR o.h.e.jdbc.spi.SqlExceptionHelper - ERROR: syntax error at or near "tb_activity"
  Position: 129
2020-10-12 19:41:47 [http-nio-8444-exec-9] ERROR o.h.e.jdbc.spi.SqlExceptionHelper - ERROR: syntax error at or near "tb_activity"
  Position: 129
2020-10-12 19:41:47 [http-nio-8444-exec-9] ERROR o.h.e.jdbc.spi.SqlExceptionHelper - ERROR: syntax error at or near "tb_activity"
  Position: 129
2020-10-12 19:41:47 [http-nio-8444-exec-9] ERROR o.h.e.jdbc.spi.SqlExceptionHelper - ERROR: syntax error at or near "tb_activity"
  Position: 129
2020-10-12 19:41:47 [http-nio-8444-exec-9] ERROR o.h.e.jdbc.spi.SqlExceptionHelper - ERROR: syntax error at or near "tb_activity"
  Position: 129
2020-10-12 19:42:35 [http-nio-8444-exec-6] ERROR o.h.e.jdbc.spi.SqlExceptionHelper - ERROR: syntax error at or near "tb_activity"
  Position: 129
2020-10-12 19:42:35 [http-nio-8444-exec-6] ERROR o.h.e.jdbc.spi.SqlExceptionHelper - ERROR: syntax error at or near "tb_activity"
  Position: 129
2020-10-12 19:42:35 [http-nio-8444-exec-6] ERROR o.h.e.jdbc.spi.SqlExceptionHelper - ERROR: syntax error at or near "tb_activity"
  Position: 129
2020-10-12 19:42:35 [http-nio-8444-exec-6] ERROR o.h.e.jdbc.spi.SqlExceptionHelper - ERROR: syntax error at or near "tb_activity"
  Position: 129
2020-10-12 19:42:35 [http-nio-8444-exec-6] ERROR o.h.e.jdbc.spi.SqlExceptionHelper - ERROR: syntax error at or near "tb_activity"
  Position: 129
2020-10-12 19:42:35 [http-nio-8444-exec-6] ERROR o.h.e.jdbc.spi.SqlExceptionHelper - ERROR: syntax error at or near "tb_activity"
  Position: 129
2020-10-12 19:42:35 [http-nio-8444-exec-6] ERROR o.h.e.jdbc.spi.SqlExceptionHelper - ERROR: syntax error at or near "tb_activity"
  Position: 129
2020-10-12 19:42:35 [http-nio-8444-exec-6] ERROR o.h.e.jdbc.spi.SqlExceptionHelper - ERROR: syntax error at or near "tb_activity"
  Position: 129
2020-10-12 19:42:35 [http-nio-8444-exec-6] ERROR o.h.e.jdbc.spi.SqlExceptionHelper - ERROR: syntax error at or near "tb_activity"
  Position: 129
2020-10-12 19:53:18 [http-nio-8444-exec-1] ERROR o.h.e.jdbc.spi.SqlExceptionHelper - ERROR: syntax error at or near "tb_activity"
  Position: 129
2020-10-12 19:53:18 [http-nio-8444-exec-1] ERROR o.h.e.jdbc.spi.SqlExceptionHelper - ERROR: syntax error at or near "tb_activity"
  Position: 129
2020-10-12 19:53:18 [http-nio-8444-exec-1] ERROR o.h.e.jdbc.spi.SqlExceptionHelper - ERROR: syntax error at or near "tb_activity"
  Position: 129
2020-10-12 19:53:18 [http-nio-8444-exec-1] ERROR o.h.e.jdbc.spi.SqlExceptionHelper - ERROR: syntax error at or near "tb_activity"
  Position: 129
2020-10-12 19:53:18 [http-nio-8444-exec-1] ERROR o.h.e.jdbc.spi.SqlExceptionHelper - ERROR: syntax error at or near "tb_activity"
  Position: 129
2020-10-12 19:53:18 [http-nio-8444-exec-1] ERROR o.h.e.jdbc.spi.SqlExceptionHelper - ERROR: syntax error at or near "tb_activity"
  Position: 129
2020-10-12 19:53:18 [http-nio-8444-exec-1] ERROR o.h.e.jdbc.spi.SqlExceptionHelper - ERROR: syntax error at or near "tb_activity"
  Position: 129
2020-10-12 19:53:18 [http-nio-8444-exec-1] ERROR o.h.e.jdbc.spi.SqlExceptionHelper - ERROR: syntax error at or near "tb_activity"
  Position: 129
2020-10-12 19:53:18 [http-nio-8444-exec-1] ERROR o.h.e.jdbc.spi.SqlExceptionHelper - ERROR: syntax error at or near "tb_activity"
  Position: 129
2020-10-12 19:53:37 [http-nio-8444-exec-10] ERROR o.h.e.jdbc.spi.SqlExceptionHelper - ERROR: syntax error at or near "tb_activity"
  Position: 129
2020-10-12 19:53:37 [http-nio-8444-exec-10] ERROR o.h.e.jdbc.spi.SqlExceptionHelper - ERROR: syntax error at or near "tb_activity"
  Position: 129
2020-10-12 19:53:37 [http-nio-8444-exec-10] ERROR o.h.e.jdbc.spi.SqlExceptionHelper - ERROR: syntax error at or near "tb_activity"
  Position: 129
2020-10-12 19:53:37 [http-nio-8444-exec-10] ERROR o.h.e.jdbc.spi.SqlExceptionHelper - ERROR: syntax error at or near "tb_activity"
  Position: 129
2020-10-12 19:53:37 [http-nio-8444-exec-10] ERROR o.h.e.jdbc.spi.SqlExceptionHelper - ERROR: syntax error at or near "tb_activity"
  Position: 129
2020-10-12 19:53:37 [http-nio-8444-exec-10] ERROR o.h.e.jdbc.spi.SqlExceptionHelper - ERROR: syntax error at or near "tb_activity"
  Position: 129
2020-10-12 19:53:37 [http-nio-8444-exec-10] ERROR o.h.e.jdbc.spi.SqlExceptionHelper - ERROR: syntax error at or near "tb_activity"
  Position: 129
2020-10-12 19:53:37 [http-nio-8444-exec-10] ERROR o.h.e.jdbc.spi.SqlExceptionHelper - ERROR: syntax error at or near "tb_activity"
  Position: 129
2020-10-12 19:53:37 [http-nio-8444-exec-10] ERROR o.h.e.jdbc.spi.SqlExceptionHelper - ERROR: syntax error at or near "tb_activity"
  Position: 129
2020-10-12 19:55:24 [http-nio-8444-exec-6] ERROR o.h.e.jdbc.spi.SqlExceptionHelper - ERROR: syntax error at or near "tb_activity"
  Position: 129
2020-10-12 19:55:24 [http-nio-8444-exec-6] ERROR o.h.e.jdbc.spi.SqlExceptionHelper - ERROR: syntax error at or near "tb_activity"
  Position: 129
2020-10-12 19:55:24 [http-nio-8444-exec-6] ERROR o.h.e.jdbc.spi.SqlExceptionHelper - ERROR: syntax error at or near "tb_activity"
  Position: 129
2020-10-12 19:55:24 [http-nio-8444-exec-6] ERROR o.h.e.jdbc.spi.SqlExceptionHelper - ERROR: syntax error at or near "tb_activity"
  Position: 129
2020-10-12 19:55:24 [http-nio-8444-exec-6] ERROR o.h.e.jdbc.spi.SqlExceptionHelper - ERROR: syntax error at or near "tb_activity"
  Position: 129
2020-10-12 19:55:24 [http-nio-8444-exec-6] ERROR o.h.e.jdbc.spi.SqlExceptionHelper - ERROR: syntax error at or near "tb_activity"
  Position: 129
2020-10-12 19:55:24 [http-nio-8444-exec-6] ERROR o.h.e.jdbc.spi.SqlExceptionHelper - ERROR: syntax error at or near "tb_activity"
  Position: 129
2020-10-12 19:55:24 [http-nio-8444-exec-6] ERROR o.h.e.jdbc.spi.SqlExceptionHelper - ERROR: syntax error at or near "tb_activity"
  Position: 129
2020-10-12 19:55:24 [http-nio-8444-exec-6] ERROR o.h.e.jdbc.spi.SqlExceptionHelper - ERROR: syntax error at or near "tb_activity"
  Position: 129
2020-10-12 19:59:06 [http-nio-8444-exec-10] ERROR o.h.e.jdbc.spi.SqlExceptionHelper - ERROR: syntax error at or near "tb_activity"
  Position: 129
2020-10-12 19:59:06 [http-nio-8444-exec-10] ERROR o.h.e.jdbc.spi.SqlExceptionHelper - ERROR: syntax error at or near "tb_activity"
  Position: 129
2020-10-12 19:59:06 [http-nio-8444-exec-10] ERROR o.h.e.jdbc.spi.SqlExceptionHelper - ERROR: syntax error at or near "tb_activity"
  Position: 129
2020-10-12 19:59:06 [http-nio-8444-exec-10] ERROR o.h.e.jdbc.spi.SqlExceptionHelper - ERROR: syntax error at or near "tb_activity"
  Position: 129
2020-10-12 19:59:06 [http-nio-8444-exec-10] ERROR o.h.e.jdbc.spi.SqlExceptionHelper - ERROR: syntax error at or near "tb_activity"
  Position: 129
2020-10-12 19:59:06 [http-nio-8444-exec-10] ERROR o.h.e.jdbc.spi.SqlExceptionHelper - ERROR: syntax error at or near "tb_activity"
  Position: 129
2020-10-12 19:59:06 [http-nio-8444-exec-10] ERROR o.h.e.jdbc.spi.SqlExceptionHelper - ERROR: syntax error at or near "tb_activity"
  Position: 129
2020-10-12 19:59:06 [http-nio-8444-exec-10] ERROR o.h.e.jdbc.spi.SqlExceptionHelper - ERROR: syntax error at or near "tb_activity"
  Position: 129
2020-10-12 19:59:06 [http-nio-8444-exec-10] ERROR o.h.e.jdbc.spi.SqlExceptionHelper - ERROR: syntax error at or near "tb_activity"
  Position: 129
2020-10-12 20:02:19 [http-nio-8444-exec-8] ERROR o.h.e.jdbc.spi.SqlExceptionHelper - ERROR: syntax error at or near "tb_activity"
  Position: 129
2020-10-12 20:02:19 [http-nio-8444-exec-8] ERROR o.h.e.jdbc.spi.SqlExceptionHelper - ERROR: syntax error at or near "tb_activity"
  Position: 129
2020-10-12 20:02:19 [http-nio-8444-exec-8] ERROR o.h.e.jdbc.spi.SqlExceptionHelper - ERROR: syntax error at or near "tb_activity"
  Position: 129
2020-10-12 20:02:19 [http-nio-8444-exec-8] ERROR o.h.e.jdbc.spi.SqlExceptionHelper - ERROR: syntax error at or near "tb_activity"
  Position: 129
2020-10-12 20:02:19 [http-nio-8444-exec-8] ERROR o.h.e.jdbc.spi.SqlExceptionHelper - ERROR: syntax error at or near "tb_activity"
  Position: 129
2020-10-12 20:02:19 [http-nio-8444-exec-8] ERROR o.h.e.jdbc.spi.SqlExceptionHelper - ERROR: syntax error at or near "tb_activity"
  Position: 129
2020-10-12 20:02:19 [http-nio-8444-exec-8] ERROR o.h.e.jdbc.spi.SqlExceptionHelper - ERROR: syntax error at or near "tb_activity"
  Position: 129
2020-10-12 20:02:19 [http-nio-8444-exec-8] ERROR o.h.e.jdbc.spi.SqlExceptionHelper - ERROR: syntax error at or near "tb_activity"
  Position: 129
2020-10-12 20:02:19 [http-nio-8444-exec-8] ERROR o.h.e.jdbc.spi.SqlExceptionHelper - ERROR: syntax error at or near "tb_activity"
  Position: 129
2020-10-12 20:04:41 [http-nio-8444-exec-10] ERROR o.h.e.jdbc.spi.SqlExceptionHelper - ERROR: syntax error at or near "tb_activity"
  Position: 129
2020-10-12 20:04:41 [http-nio-8444-exec-10] ERROR o.h.e.jdbc.spi.SqlExceptionHelper - ERROR: syntax error at or near "tb_activity"
  Position: 129
2020-10-12 20:04:41 [http-nio-8444-exec-10] ERROR o.h.e.jdbc.spi.SqlExceptionHelper - ERROR: syntax error at or near "tb_activity"
  Position: 129
2020-10-12 20:04:41 [http-nio-8444-exec-10] ERROR o.h.e.jdbc.spi.SqlExceptionHelper - ERROR: syntax error at or near "tb_activity"
  Position: 129
2020-10-12 20:04:41 [http-nio-8444-exec-10] ERROR o.h.e.jdbc.spi.SqlExceptionHelper - ERROR: syntax error at or near "tb_activity"
  Position: 129
2020-10-12 20:04:41 [http-nio-8444-exec-10] ERROR o.h.e.jdbc.spi.SqlExceptionHelper - ERROR: syntax error at or near "tb_activity"
  Position: 129
2020-10-12 20:04:41 [http-nio-8444-exec-10] ERROR o.h.e.jdbc.spi.SqlExceptionHelper - ERROR: syntax error at or near "tb_activity"
  Position: 129
2020-10-12 20:04:41 [http-nio-8444-exec-10] ERROR o.h.e.jdbc.spi.SqlExceptionHelper - ERROR: syntax error at or near "tb_activity"
  Position: 129
2020-10-12 20:04:41 [http-nio-8444-exec-10] ERROR o.h.e.jdbc.spi.SqlExceptionHelper - ERROR: syntax error at or near "tb_activity"
  Position: 129
2020-10-12 20:35:22 [http-nio-8444-exec-4] ERROR o.h.e.jdbc.spi.SqlExceptionHelper - ERROR: syntax error at or near "tb_activity"
  Position: 129
2020-10-12 20:35:22 [http-nio-8444-exec-4] ERROR o.h.e.jdbc.spi.SqlExceptionHelper - ERROR: syntax error at or near "tb_activity"
  Position: 129
2020-10-12 20:35:22 [http-nio-8444-exec-4] ERROR o.h.e.jdbc.spi.SqlExceptionHelper - ERROR: syntax error at or near "tb_activity"
  Position: 129
2020-10-12 20:35:22 [http-nio-8444-exec-4] ERROR o.h.e.jdbc.spi.SqlExceptionHelper - ERROR: syntax error at or near "tb_activity"
  Position: 129
2020-10-12 20:35:22 [http-nio-8444-exec-4] ERROR o.h.e.jdbc.spi.SqlExceptionHelper - ERROR: syntax error at or near "tb_activity"
  Position: 129
2020-10-12 20:35:22 [http-nio-8444-exec-4] ERROR o.h.e.jdbc.spi.SqlExceptionHelper - ERROR: syntax error at or near "tb_activity"
  Position: 129
2020-10-12 20:35:22 [http-nio-8444-exec-4] ERROR o.h.e.jdbc.spi.SqlExceptionHelper - ERROR: syntax error at or near "tb_activity"
  Position: 129
2020-10-12 20:35:22 [http-nio-8444-exec-4] ERROR o.h.e.jdbc.spi.SqlExceptionHelper - ERROR: syntax error at or near "tb_activity"
  Position: 129
2020-10-12 20:35:22 [http-nio-8444-exec-4] ERROR o.h.e.jdbc.spi.SqlExceptionHelper - ERROR: syntax error at or near "tb_activity"
  Position: 129
2020-10-12 20:37:17 [http-nio-8444-exec-10] ERROR o.h.e.jdbc.spi.SqlExceptionHelper - ERROR: syntax error at or near "tb_activity"
  Position: 129
2020-10-12 20:37:17 [http-nio-8444-exec-10] ERROR o.h.e.jdbc.spi.SqlExceptionHelper - ERROR: syntax error at or near "tb_activity"
  Position: 129
2020-10-12 20:37:17 [http-nio-8444-exec-10] ERROR o.h.e.jdbc.spi.SqlExceptionHelper - ERROR: syntax error at or near "tb_activity"
  Position: 129
2020-10-12 20:37:17 [http-nio-8444-exec-10] ERROR o.h.e.jdbc.spi.SqlExceptionHelper - ERROR: syntax error at or near "tb_activity"
  Position: 129
2020-10-12 20:37:17 [http-nio-8444-exec-10] ERROR o.h.e.jdbc.spi.SqlExceptionHelper - ERROR: syntax error at or near "tb_activity"
  Position: 129
2020-10-12 20:37:17 [http-nio-8444-exec-10] ERROR o.h.e.jdbc.spi.SqlExceptionHelper - ERROR: syntax error at or near "tb_activity"
  Position: 129
2020-10-12 20:37:17 [http-nio-8444-exec-10] ERROR o.h.e.jdbc.spi.SqlExceptionHelper - ERROR: syntax error at or near "tb_activity"
  Position: 129
2020-10-12 20:37:17 [http-nio-8444-exec-10] ERROR o.h.e.jdbc.spi.SqlExceptionHelper - ERROR: syntax error at or near "tb_activity"
  Position: 129
2020-10-12 20:37:17 [http-nio-8444-exec-10] ERROR o.h.e.jdbc.spi.SqlExceptionHelper - ERROR: syntax error at or near "tb_activity"
  Position: 129
2020-10-12 20:37:53 [http-nio-8444-exec-7] ERROR o.h.e.jdbc.spi.SqlExceptionHelper - ERROR: syntax error at or near "tb_activity"
  Position: 129
2020-10-12 20:37:53 [http-nio-8444-exec-7] ERROR o.h.e.jdbc.spi.SqlExceptionHelper - ERROR: syntax error at or near "tb_activity"
  Position: 129
2020-10-12 20:37:53 [http-nio-8444-exec-7] ERROR o.h.e.jdbc.spi.SqlExceptionHelper - ERROR: syntax error at or near "tb_activity"
  Position: 129
2020-10-12 20:37:53 [http-nio-8444-exec-7] ERROR o.h.e.jdbc.spi.SqlExceptionHelper - ERROR: syntax error at or near "tb_activity"
  Position: 129
2020-10-12 20:37:53 [http-nio-8444-exec-7] ERROR o.h.e.jdbc.spi.SqlExceptionHelper - ERROR: syntax error at or near "tb_activity"
  Position: 129
2020-10-12 20:37:53 [http-nio-8444-exec-7] ERROR o.h.e.jdbc.spi.SqlExceptionHelper - ERROR: syntax error at or near "tb_activity"
  Position: 129
2020-10-12 20:37:53 [http-nio-8444-exec-7] ERROR o.h.e.jdbc.spi.SqlExceptionHelper - ERROR: syntax error at or near "tb_activity"
  Position: 129
2020-10-12 20:37:53 [http-nio-8444-exec-7] ERROR o.h.e.jdbc.spi.SqlExceptionHelper - ERROR: syntax error at or near "tb_activity"
  Position: 129
2020-10-12 20:37:53 [http-nio-8444-exec-7] ERROR o.h.e.jdbc.spi.SqlExceptionHelper - ERROR: syntax error at or near "tb_activity"
  Position: 129
2020-10-12 20:42:03 [http-nio-8444-exec-8] ERROR o.h.e.jdbc.spi.SqlExceptionHelper - ERROR: syntax error at or near "tb_activity"
  Position: 129
2020-10-12 20:42:03 [http-nio-8444-exec-8] ERROR o.h.e.jdbc.spi.SqlExceptionHelper - ERROR: syntax error at or near "tb_activity"
  Position: 129
2020-10-12 20:42:03 [http-nio-8444-exec-8] ERROR o.h.e.jdbc.spi.SqlExceptionHelper - ERROR: syntax error at or near "tb_activity"
  Position: 129
2020-10-12 20:42:03 [http-nio-8444-exec-8] ERROR o.h.e.jdbc.spi.SqlExceptionHelper - ERROR: syntax error at or near "tb_activity"
  Position: 129
2020-10-12 20:42:03 [http-nio-8444-exec-8] ERROR o.h.e.jdbc.spi.SqlExceptionHelper - ERROR: syntax error at or near "tb_activity"
  Position: 129
2020-10-12 20:42:03 [http-nio-8444-exec-8] ERROR o.h.e.jdbc.spi.SqlExceptionHelper - ERROR: syntax error at or near "tb_activity"
  Position: 129
2020-10-12 20:42:03 [http-nio-8444-exec-8] ERROR o.h.e.jdbc.spi.SqlExceptionHelper - ERROR: syntax error at or near "tb_activity"
  Position: 129
2020-10-12 20:42:03 [http-nio-8444-exec-8] ERROR o.h.e.jdbc.spi.SqlExceptionHelper - ERROR: syntax error at or near "tb_activity"
  Position: 129
2020-10-12 20:42:03 [http-nio-8444-exec-8] ERROR o.h.e.jdbc.spi.SqlExceptionHelper - ERROR: syntax error at or near "tb_activity"
  Position: 129
2020-10-12 20:44:02 [http-nio-8444-exec-7] ERROR o.h.e.jdbc.spi.SqlExceptionHelper - ERROR: syntax error at or near "tb_activity"
  Position: 129
2020-10-12 20:44:03 [http-nio-8444-exec-7] ERROR o.h.e.jdbc.spi.SqlExceptionHelper - ERROR: syntax error at or near "tb_activity"
  Position: 129
2020-10-12 20:44:03 [http-nio-8444-exec-7] ERROR o.h.e.jdbc.spi.SqlExceptionHelper - ERROR: syntax error at or near "tb_activity"
  Position: 129
2020-10-12 20:44:03 [http-nio-8444-exec-7] ERROR o.h.e.jdbc.spi.SqlExceptionHelper - ERROR: syntax error at or near "tb_activity"
  Position: 129
2020-10-12 20:44:03 [http-nio-8444-exec-7] ERROR o.h.e.jdbc.spi.SqlExceptionHelper - ERROR: syntax error at or near "tb_activity"
  Position: 129
2020-10-12 20:44:03 [http-nio-8444-exec-7] ERROR o.h.e.jdbc.spi.SqlExceptionHelper - ERROR: syntax error at or near "tb_activity"
  Position: 129
2020-10-12 20:44:03 [http-nio-8444-exec-7] ERROR o.h.e.jdbc.spi.SqlExceptionHelper - ERROR: syntax error at or near "tb_activity"
  Position: 129
2020-10-12 20:44:03 [http-nio-8444-exec-7] ERROR o.h.e.jdbc.spi.SqlExceptionHelper - ERROR: syntax error at or near "tb_activity"
  Position: 129
2020-10-12 20:44:03 [http-nio-8444-exec-7] ERROR o.h.e.jdbc.spi.SqlExceptionHelper - ERROR: syntax error at or near "tb_activity"
  Position: 129
2020-10-12 20:45:55 [http-nio-8444-exec-3] ERROR o.h.e.jdbc.spi.SqlExceptionHelper - ERROR: syntax error at or near "tb_activity"
  Position: 129
2020-10-12 20:45:55 [http-nio-8444-exec-3] ERROR o.h.e.jdbc.spi.SqlExceptionHelper - ERROR: syntax error at or near "tb_activity"
  Position: 129
2020-10-12 20:45:55 [http-nio-8444-exec-3] ERROR o.h.e.jdbc.spi.SqlExceptionHelper - ERROR: syntax error at or near "tb_activity"
  Position: 129
2020-10-12 20:45:55 [http-nio-8444-exec-3] ERROR o.h.e.jdbc.spi.SqlExceptionHelper - ERROR: syntax error at or near "tb_activity"
  Position: 129
2020-10-12 20:45:55 [http-nio-8444-exec-3] ERROR o.h.e.jdbc.spi.SqlExceptionHelper - ERROR: syntax error at or near "tb_activity"
  Position: 129
2020-10-12 20:45:55 [http-nio-8444-exec-3] ERROR o.h.e.jdbc.spi.SqlExceptionHelper - ERROR: syntax error at or near "tb_activity"
  Position: 129
2020-10-12 20:45:55 [http-nio-8444-exec-3] ERROR o.h.e.jdbc.spi.SqlExceptionHelper - ERROR: syntax error at or near "tb_activity"
  Position: 129
2020-10-12 20:45:55 [http-nio-8444-exec-3] ERROR o.h.e.jdbc.spi.SqlExceptionHelper - ERROR: syntax error at or near "tb_activity"
  Position: 129
2020-10-12 20:45:55 [http-nio-8444-exec-3] ERROR o.h.e.jdbc.spi.SqlExceptionHelper - ERROR: syntax error at or near "tb_activity"
  Position: 129
2020-10-12 20:51:58 [http-nio-8444-exec-10] ERROR o.h.e.jdbc.spi.SqlExceptionHelper - ERROR: syntax error at or near "tb_activity"
  Position: 129
2020-10-12 20:51:58 [http-nio-8444-exec-10] ERROR o.h.e.jdbc.spi.SqlExceptionHelper - ERROR: syntax error at or near "tb_activity"
  Position: 129
2020-10-12 20:51:58 [http-nio-8444-exec-10] ERROR o.h.e.jdbc.spi.SqlExceptionHelper - ERROR: syntax error at or near "tb_activity"
  Position: 129
2020-10-12 20:51:58 [http-nio-8444-exec-10] ERROR o.h.e.jdbc.spi.SqlExceptionHelper - ERROR: syntax error at or near "tb_activity"
  Position: 129
2020-10-12 20:51:58 [http-nio-8444-exec-10] ERROR o.h.e.jdbc.spi.SqlExceptionHelper - ERROR: syntax error at or near "tb_activity"
  Position: 129
2020-10-12 20:51:58 [http-nio-8444-exec-10] ERROR o.h.e.jdbc.spi.SqlExceptionHelper - ERROR: syntax error at or near "tb_activity"
  Position: 129
2020-10-12 20:51:58 [http-nio-8444-exec-10] ERROR o.h.e.jdbc.spi.SqlExceptionHelper - ERROR: syntax error at or near "tb_activity"
  Position: 129
2020-10-12 20:51:58 [http-nio-8444-exec-10] ERROR o.h.e.jdbc.spi.SqlExceptionHelper - ERROR: syntax error at or near "tb_activity"
  Position: 129
2020-10-12 20:51:58 [http-nio-8444-exec-10] ERROR o.h.e.jdbc.spi.SqlExceptionHelper - ERROR: syntax error at or near "tb_activity"
  Position: 129
2020-10-12 20:55:49 [http-nio-8444-exec-2] ERROR o.h.e.jdbc.spi.SqlExceptionHelper - ERROR: syntax error at or near "tb_activity"
  Position: 129
2020-10-12 20:55:49 [http-nio-8444-exec-2] ERROR o.h.e.jdbc.spi.SqlExceptionHelper - ERROR: syntax error at or near "tb_activity"
  Position: 129
2020-10-12 20:55:49 [http-nio-8444-exec-2] ERROR o.h.e.jdbc.spi.SqlExceptionHelper - ERROR: syntax error at or near "tb_activity"
  Position: 129
2020-10-12 20:55:49 [http-nio-8444-exec-2] ERROR o.h.e.jdbc.spi.SqlExceptionHelper - ERROR: syntax error at or near "tb_activity"
  Position: 129
2020-10-12 20:55:49 [http-nio-8444-exec-2] ERROR o.h.e.jdbc.spi.SqlExceptionHelper - ERROR: syntax error at or near "tb_activity"
  Position: 129
2020-10-12 20:55:49 [http-nio-8444-exec-2] ERROR o.h.e.jdbc.spi.SqlExceptionHelper - ERROR: syntax error at or near "tb_activity"
  Position: 129
2020-10-12 20:55:49 [http-nio-8444-exec-2] ERROR o.h.e.jdbc.spi.SqlExceptionHelper - ERROR: syntax error at or near "tb_activity"
  Position: 129
2020-10-12 20:55:49 [http-nio-8444-exec-2] ERROR o.h.e.jdbc.spi.SqlExceptionHelper - ERROR: syntax error at or near "tb_activity"
  Position: 129
2020-10-12 20:55:49 [http-nio-8444-exec-2] ERROR o.h.e.jdbc.spi.SqlExceptionHelper - ERROR: syntax error at or near "tb_activity"
  Position: 129
2020-10-12 21:21:56 [http-nio-8444-exec-4] ERROR o.h.e.jdbc.spi.SqlExceptionHelper - ERROR: syntax error at or near "tb_activity"
  Position: 129
2020-10-12 21:21:56 [http-nio-8444-exec-4] ERROR o.h.e.jdbc.spi.SqlExceptionHelper - ERROR: syntax error at or near "tb_activity"
  Position: 129
2020-10-12 21:21:56 [http-nio-8444-exec-4] ERROR o.h.e.jdbc.spi.SqlExceptionHelper - ERROR: syntax error at or near "tb_activity"
  Position: 129
2020-10-12 21:21:56 [http-nio-8444-exec-4] ERROR o.h.e.jdbc.spi.SqlExceptionHelper - ERROR: syntax error at or near "tb_activity"
  Position: 129
2020-10-12 21:21:56 [http-nio-8444-exec-4] ERROR o.h.e.jdbc.spi.SqlExceptionHelper - ERROR: syntax error at or near "tb_activity"
  Position: 129
2020-10-12 21:21:56 [http-nio-8444-exec-4] ERROR o.h.e.jdbc.spi.SqlExceptionHelper - ERROR: syntax error at or near "tb_activity"
  Position: 129
2020-10-12 21:21:56 [http-nio-8444-exec-4] ERROR o.h.e.jdbc.spi.SqlExceptionHelper - ERROR: syntax error at or near "tb_activity"
  Position: 129
2020-10-12 21:21:56 [http-nio-8444-exec-4] ERROR o.h.e.jdbc.spi.SqlExceptionHelper - ERROR: syntax error at or near "tb_activity"
  Position: 129
2020-10-12 21:21:56 [http-nio-8444-exec-4] ERROR o.h.e.jdbc.spi.SqlExceptionHelper - ERROR: syntax error at or near "tb_activity"
  Position: 129
2020-10-12 21:23:34 [http-nio-8444-exec-5] ERROR o.h.e.jdbc.spi.SqlExceptionHelper - ERROR: syntax error at or near "tb_activity"
  Position: 129
2020-10-12 21:23:34 [http-nio-8444-exec-5] ERROR o.h.e.jdbc.spi.SqlExceptionHelper - ERROR: syntax error at or near "tb_activity"
  Position: 129
2020-10-12 21:23:34 [http-nio-8444-exec-5] ERROR o.h.e.jdbc.spi.SqlExceptionHelper - ERROR: syntax error at or near "tb_activity"
  Position: 129
2020-10-12 21:23:34 [http-nio-8444-exec-5] ERROR o.h.e.jdbc.spi.SqlExceptionHelper - ERROR: syntax error at or near "tb_activity"
  Position: 129
2020-10-12 21:23:34 [http-nio-8444-exec-5] ERROR o.h.e.jdbc.spi.SqlExceptionHelper - ERROR: syntax error at or near "tb_activity"
  Position: 129
2020-10-12 21:23:34 [http-nio-8444-exec-5] ERROR o.h.e.jdbc.spi.SqlExceptionHelper - ERROR: syntax error at or near "tb_activity"
  Position: 129
2020-10-12 21:23:34 [http-nio-8444-exec-5] ERROR o.h.e.jdbc.spi.SqlExceptionHelper - ERROR: syntax error at or near "tb_activity"
  Position: 129
2020-10-12 21:23:34 [http-nio-8444-exec-5] ERROR o.h.e.jdbc.spi.SqlExceptionHelper - ERROR: syntax error at or near "tb_activity"
  Position: 129
2020-10-12 21:23:34 [http-nio-8444-exec-5] ERROR o.h.e.jdbc.spi.SqlExceptionHelper - ERROR: syntax error at or near "tb_activity"
  Position: 129
2020-10-12 21:27:05 [http-nio-8444-exec-1] ERROR o.h.e.jdbc.spi.SqlExceptionHelper - ERROR: syntax error at or near "tb_activity"
  Position: 129
2020-10-12 21:27:05 [http-nio-8444-exec-1] ERROR o.h.e.jdbc.spi.SqlExceptionHelper - ERROR: syntax error at or near "tb_activity"
  Position: 129
2020-10-12 21:27:05 [http-nio-8444-exec-1] ERROR o.h.e.jdbc.spi.SqlExceptionHelper - ERROR: syntax error at or near "tb_activity"
  Position: 129
2020-10-12 21:27:05 [http-nio-8444-exec-1] ERROR o.h.e.jdbc.spi.SqlExceptionHelper - ERROR: syntax error at or near "tb_activity"
  Position: 129
2020-10-12 21:27:05 [http-nio-8444-exec-1] ERROR o.h.e.jdbc.spi.SqlExceptionHelper - ERROR: syntax error at or near "tb_activity"
  Position: 129
2020-10-12 21:27:05 [http-nio-8444-exec-1] ERROR o.h.e.jdbc.spi.SqlExceptionHelper - ERROR: syntax error at or near "tb_activity"
  Position: 129
2020-10-12 21:27:05 [http-nio-8444-exec-1] ERROR o.h.e.jdbc.spi.SqlExceptionHelper - ERROR: syntax error at or near "tb_activity"
  Position: 129
2020-10-12 21:27:05 [http-nio-8444-exec-1] ERROR o.h.e.jdbc.spi.SqlExceptionHelper - ERROR: syntax error at or near "tb_activity"
  Position: 129
2020-10-12 21:27:05 [http-nio-8444-exec-1] ERROR o.h.e.jdbc.spi.SqlExceptionHelper - ERROR: syntax error at or near "tb_activity"
  Position: 129
2020-10-12 21:27:42 [http-nio-8444-exec-4] ERROR o.h.e.jdbc.spi.SqlExceptionHelper - ERROR: syntax error at or near "tb_activity"
  Position: 129
2020-10-12 21:27:42 [http-nio-8444-exec-4] ERROR o.h.e.jdbc.spi.SqlExceptionHelper - ERROR: syntax error at or near "tb_activity"
  Position: 129
2020-10-12 21:27:42 [http-nio-8444-exec-4] ERROR o.h.e.jdbc.spi.SqlExceptionHelper - ERROR: syntax error at or near "tb_activity"
  Position: 129
2020-10-12 21:27:42 [http-nio-8444-exec-4] ERROR o.h.e.jdbc.spi.SqlExceptionHelper - ERROR: syntax error at or near "tb_activity"
  Position: 129
2020-10-12 21:27:42 [http-nio-8444-exec-4] ERROR o.h.e.jdbc.spi.SqlExceptionHelper - ERROR: syntax error at or near "tb_activity"
  Position: 129
2020-10-12 21:27:42 [http-nio-8444-exec-4] ERROR o.h.e.jdbc.spi.SqlExceptionHelper - ERROR: syntax error at or near "tb_activity"
  Position: 129
2020-10-12 21:27:42 [http-nio-8444-exec-4] ERROR o.h.e.jdbc.spi.SqlExceptionHelper - ERROR: syntax error at or near "tb_activity"
  Position: 129
2020-10-12 21:27:42 [http-nio-8444-exec-4] ERROR o.h.e.jdbc.spi.SqlExceptionHelper - ERROR: syntax error at or near "tb_activity"
  Position: 129
2020-10-12 21:27:42 [http-nio-8444-exec-4] ERROR o.h.e.jdbc.spi.SqlExceptionHelper - ERROR: syntax error at or near "tb_activity"
  Position: 129
2020-10-12 21:31:51 [http-nio-8444-exec-5] ERROR o.h.e.jdbc.spi.SqlExceptionHelper - ERROR: syntax error at or near "tb_activity"
  Position: 129
2020-10-12 21:31:51 [http-nio-8444-exec-5] ERROR o.h.e.jdbc.spi.SqlExceptionHelper - ERROR: syntax error at or near "tb_activity"
  Position: 129
2020-10-12 21:31:51 [http-nio-8444-exec-5] ERROR o.h.e.jdbc.spi.SqlExceptionHelper - ERROR: syntax error at or near "tb_activity"
  Position: 129
2020-10-12 21:31:51 [http-nio-8444-exec-5] ERROR o.h.e.jdbc.spi.SqlExceptionHelper - ERROR: syntax error at or near "tb_activity"
  Position: 129
2020-10-12 21:31:51 [http-nio-8444-exec-5] ERROR o.h.e.jdbc.spi.SqlExceptionHelper - ERROR: syntax error at or near "tb_activity"
  Position: 129
2020-10-12 21:31:51 [http-nio-8444-exec-5] ERROR o.h.e.jdbc.spi.SqlExceptionHelper - ERROR: syntax error at or near "tb_activity"
  Position: 129
2020-10-12 21:31:51 [http-nio-8444-exec-5] ERROR o.h.e.jdbc.spi.SqlExceptionHelper - ERROR: syntax error at or near "tb_activity"
  Position: 129
2020-10-12 21:31:51 [http-nio-8444-exec-5] ERROR o.h.e.jdbc.spi.SqlExceptionHelper - ERROR: syntax error at or near "tb_activity"
  Position: 129
2020-10-12 21:31:51 [http-nio-8444-exec-5] ERROR o.h.e.jdbc.spi.SqlExceptionHelper - ERROR: syntax error at or near "tb_activity"
  Position: 129
2020-10-12 21:51:19 [http-nio-8444-exec-3] ERROR o.h.e.jdbc.spi.SqlExceptionHelper - ERROR: syntax error at or near "tb_activity"
  Position: 129
2020-10-12 21:51:19 [http-nio-8444-exec-3] ERROR o.h.e.jdbc.spi.SqlExceptionHelper - ERROR: syntax error at or near "tb_activity"
  Position: 129
2020-10-12 21:51:19 [http-nio-8444-exec-3] ERROR o.h.e.jdbc.spi.SqlExceptionHelper - ERROR: syntax error at or near "tb_activity"
  Position: 129
2020-10-12 21:51:19 [http-nio-8444-exec-3] ERROR o.h.e.jdbc.spi.SqlExceptionHelper - ERROR: syntax error at or near "tb_activity"
  Position: 129
2020-10-12 21:51:19 [http-nio-8444-exec-3] ERROR o.h.e.jdbc.spi.SqlExceptionHelper - ERROR: syntax error at or near "tb_activity"
  Position: 129
2020-10-12 21:51:19 [http-nio-8444-exec-3] ERROR o.h.e.jdbc.spi.SqlExceptionHelper - ERROR: syntax error at or near "tb_activity"
  Position: 129
2020-10-12 21:51:19 [http-nio-8444-exec-3] ERROR o.h.e.jdbc.spi.SqlExceptionHelper - ERROR: syntax error at or near "tb_activity"
  Position: 129
2020-10-12 21:51:19 [http-nio-8444-exec-3] ERROR o.h.e.jdbc.spi.SqlExceptionHelper - ERROR: syntax error at or near "tb_activity"
  Position: 129
2020-10-12 21:51:19 [http-nio-8444-exec-3] ERROR o.h.e.jdbc.spi.SqlExceptionHelper - ERROR: syntax error at or near "tb_activity"
  Position: 129
2020-10-12 21:53:13 [http-nio-8444-exec-7] ERROR o.h.e.jdbc.spi.SqlExceptionHelper - ERROR: syntax error at or near "tb_activity"
  Position: 129
2020-10-12 21:53:13 [http-nio-8444-exec-7] ERROR o.h.e.jdbc.spi.SqlExceptionHelper - ERROR: syntax error at or near "tb_activity"
  Position: 129
2020-10-12 21:53:13 [http-nio-8444-exec-7] ERROR o.h.e.jdbc.spi.SqlExceptionHelper - ERROR: syntax error at or near "tb_activity"
  Position: 129
2020-10-12 21:53:13 [http-nio-8444-exec-7] ERROR o.h.e.jdbc.spi.SqlExceptionHelper - ERROR: syntax error at or near "tb_activity"
  Position: 129
2020-10-12 21:53:13 [http-nio-8444-exec-7] ERROR o.h.e.jdbc.spi.SqlExceptionHelper - ERROR: syntax error at or near "tb_activity"
  Position: 129
2020-10-12 21:53:13 [http-nio-8444-exec-7] ERROR o.h.e.jdbc.spi.SqlExceptionHelper - ERROR: syntax error at or near "tb_activity"
  Position: 129
2020-10-12 21:53:13 [http-nio-8444-exec-7] ERROR o.h.e.jdbc.spi.SqlExceptionHelper - ERROR: syntax error at or near "tb_activity"
  Position: 129
2020-10-12 21:53:13 [http-nio-8444-exec-7] ERROR o.h.e.jdbc.spi.SqlExceptionHelper - ERROR: syntax error at or near "tb_activity"
  Position: 129
2020-10-12 21:53:13 [http-nio-8444-exec-7] ERROR o.h.e.jdbc.spi.SqlExceptionHelper - ERROR: syntax error at or near "tb_activity"
  Position: 129
2020-10-12 22:24:55 [http-nio-8444-exec-5] ERROR o.h.e.jdbc.spi.SqlExceptionHelper - ERROR: syntax error at or near "tb_activity"
  Position: 129
2020-10-12 22:24:56 [http-nio-8444-exec-5] ERROR o.h.e.jdbc.spi.SqlExceptionHelper - ERROR: syntax error at or near "tb_activity"
  Position: 129
2020-10-12 22:24:56 [http-nio-8444-exec-5] ERROR o.h.e.jdbc.spi.SqlExceptionHelper - ERROR: syntax error at or near "tb_activity"
  Position: 129
2020-10-12 22:24:56 [http-nio-8444-exec-5] ERROR o.h.e.jdbc.spi.SqlExceptionHelper - ERROR: syntax error at or near "tb_activity"
  Position: 129
2020-10-12 22:24:56 [http-nio-8444-exec-5] ERROR o.h.e.jdbc.spi.SqlExceptionHelper - ERROR: syntax error at or near "tb_activity"
  Position: 129
2020-10-12 22:24:56 [http-nio-8444-exec-5] ERROR o.h.e.jdbc.spi.SqlExceptionHelper - ERROR: syntax error at or near "tb_activity"
  Position: 129
2020-10-12 22:24:56 [http-nio-8444-exec-5] ERROR o.h.e.jdbc.spi.SqlExceptionHelper - ERROR: syntax error at or near "tb_activity"
  Position: 129
2020-10-12 22:24:56 [http-nio-8444-exec-5] ERROR o.h.e.jdbc.spi.SqlExceptionHelper - ERROR: syntax error at or near "tb_activity"
  Position: 129
2020-10-12 22:24:56 [http-nio-8444-exec-5] ERROR o.h.e.jdbc.spi.SqlExceptionHelper - ERROR: syntax error at or near "tb_activity"
  Position: 129
2020-10-12 23:26:11 [http-nio-8444-exec-9] ERROR o.h.e.jdbc.spi.SqlExceptionHelper - ERROR: syntax error at or near "tb_activity"
  Position: 129
2020-10-12 23:26:11 [http-nio-8444-exec-9] ERROR o.h.e.jdbc.spi.SqlExceptionHelper - ERROR: syntax error at or near "tb_activity"
  Position: 129
2020-10-12 23:26:11 [http-nio-8444-exec-9] ERROR o.h.e.jdbc.spi.SqlExceptionHelper - ERROR: syntax error at or near "tb_activity"
  Position: 129
2020-10-12 23:26:11 [http-nio-8444-exec-9] ERROR o.h.e.jdbc.spi.SqlExceptionHelper - ERROR: syntax error at or near "tb_activity"
  Position: 129
2020-10-12 23:26:11 [http-nio-8444-exec-9] ERROR o.h.e.jdbc.spi.SqlExceptionHelper - ERROR: syntax error at or near "tb_activity"
  Position: 129
2020-10-12 23:26:11 [http-nio-8444-exec-9] ERROR o.h.e.jdbc.spi.SqlExceptionHelper - ERROR: syntax error at or near "tb_activity"
  Position: 129
2020-10-12 23:26:11 [http-nio-8444-exec-9] ERROR o.h.e.jdbc.spi.SqlExceptionHelper - ERROR: syntax error at or near "tb_activity"
  Position: 129
2020-10-12 23:26:11 [http-nio-8444-exec-9] ERROR o.h.e.jdbc.spi.SqlExceptionHelper - ERROR: syntax error at or near "tb_activity"
  Position: 129
2020-10-12 23:26:11 [http-nio-8444-exec-9] ERROR o.h.e.jdbc.spi.SqlExceptionHelper - ERROR: syntax error at or near "tb_activity"
  Position: 129
