2020-09-21 12:20:53 [http-nio-8444-exec-9] ERROR o.a.c.c.C.[.[.[.[dispatcherServlet] - Servlet.service() for servlet [dispatcherServlet] in context with path [/careGiver] threw exception [Request processing failed; nested exception is org.springframework.dao.InvalidDataAccessApiUsageException: For queries with named parameters you need to use provide names for method parameters. Use @Param for query method parameters, or when on Java 8+ use the javac flag -parameters.; nested exception is java.lang.IllegalStateException: For queries with named parameters you need to use provide names for method parameters. Use @Param for query method parameters, or when on Java 8+ use the javac flag -parameters.] with root cause
java.lang.IllegalStateException: For queries with named parameters you need to use provide names for method parameters. Use @Param for query method parameters, or when on Java 8+ use the javac flag -parameters.
	at org.springframework.data.jpa.repository.query.QueryParameterSetterFactory$BasicQueryParameterSetterFactory.lambda$getName$2(QueryParameterSetterFactory.java:258)
	at java.util.Optional.orElseThrow(Unknown Source)
	at org.springframework.data.jpa.repository.query.QueryParameterSetterFactory$BasicQueryParameterSetterFactory.getName(QueryParameterSetterFactory.java:258)
	at org.springframework.data.jpa.repository.query.QueryParameterSetterFactory$BasicQueryParameterSetterFactory.findParameterForBinding(QueryParameterSetterFactory.java:245)
	at org.springframework.data.jpa.repository.query.QueryParameterSetterFactory$BasicQueryParameterSetterFactory.create(QueryParameterSetterFactory.java:216)
	at org.springframework.data.jpa.repository.query.ParameterBinderFactory.createQueryParameterSetter(ParameterBinderFactory.java:140)
	at org.springframework.data.jpa.repository.query.ParameterBinderFactory.createSetters(ParameterBinderFactory.java:129)
	at org.springframework.data.jpa.repository.query.ParameterBinderFactory.createQueryAwareBinder(ParameterBinderFactory.java:100)
	at org.springframework.data.jpa.repository.query.AbstractStringBasedJpaQuery.createBinder(AbstractStringBasedJpaQuery.java:102)
	at org.springframework.data.util.Lazy.getNullable(Lazy.java:212)
	at org.springframework.data.util.Lazy.get(Lazy.java:94)
	at org.springframework.data.jpa.repository.query.AbstractStringBasedJpaQuery.doCreateQuery(AbstractStringBasedJpaQuery.java:92)
	at org.springframework.data.jpa.repository.query.AbstractJpaQuery.createQuery(AbstractJpaQuery.java:226)
	at org.springframework.data.jpa.repository.query.JpaQueryExecution$PagedExecution.doExecute(JpaQueryExecution.java:175)
	at org.springframework.data.jpa.repository.query.JpaQueryExecution.execute(JpaQueryExecution.java:88)
	at org.springframework.data.jpa.repository.query.AbstractJpaQuery.doExecute(AbstractJpaQuery.java:154)
	at org.springframework.data.jpa.repository.query.AbstractJpaQuery.execute(AbstractJpaQuery.java:142)
	at org.springframework.data.repository.core.support.QueryExecutorMethodInterceptor$QueryMethodInvoker.invoke(QueryExecutorMethodInterceptor.java:195)
	at org.springframework.data.repository.core.support.QueryExecutorMethodInterceptor.doInvoke(QueryExecutorMethodInterceptor.java:152)
	at org.springframework.data.repository.core.support.QueryExecutorMethodInterceptor.invoke(QueryExecutorMethodInterceptor.java:130)
	at org.springframework.aop.framework.ReflectiveMethodInvocation.proceed(ReflectiveMethodInvocation.java:186)
	at org.springframework.data.projection.DefaultMethodInvokingMethodInterceptor.invoke(DefaultMethodInvokingMethodInterceptor.java:80)
	at org.springframework.aop.framework.ReflectiveMethodInvocation.proceed(ReflectiveMethodInvocation.java:186)
	at org.springframework.transaction.interceptor.TransactionAspectSupport.invokeWithinTransaction(TransactionAspectSupport.java:367)
	at org.springframework.transaction.interceptor.TransactionInterceptor.invoke(TransactionInterceptor.java:118)
	at org.springframework.aop.framework.ReflectiveMethodInvocation.proceed(ReflectiveMethodInvocation.java:186)
	at org.springframework.dao.support.PersistenceExceptionTranslationInterceptor.invoke(PersistenceExceptionTranslationInterceptor.java:139)
	at org.springframework.aop.framework.ReflectiveMethodInvocation.proceed(ReflectiveMethodInvocation.java:186)
	at org.springframework.data.jpa.repository.support.CrudMethodMetadataPostProcessor$CrudMethodMetadataPopulatingMethodInterceptor.invoke(CrudMethodMetadataPostProcessor.java:149)
	at org.springframework.aop.framework.ReflectiveMethodInvocation.proceed(ReflectiveMethodInvocation.java:186)
	at org.springframework.aop.interceptor.ExposeInvocationInterceptor.invoke(ExposeInvocationInterceptor.java:95)
	at org.springframework.aop.framework.ReflectiveMethodInvocation.proceed(ReflectiveMethodInvocation.java:186)
	at org.springframework.aop.framework.JdkDynamicAopProxy.invoke(JdkDynamicAopProxy.java:212)
	at com.sun.proxy.$Proxy129.findByClientName(Unknown Source)
	at com.qdm.cg.clients.serviceimpl.ClientServiceImpl.searchClient(ClientServiceImpl.java:139)
	at com.qdm.cg.clients.serviceimpl.ClientServiceImpl$$FastClassBySpringCGLIB$$581a40c2.invoke(<generated>)
	at org.springframework.cglib.proxy.MethodProxy.invoke(MethodProxy.java:218)
	at org.springframework.aop.framework.CglibAopProxy$CglibMethodInvocation.invokeJoinpoint(CglibAopProxy.java:771)
	at org.springframework.aop.framework.ReflectiveMethodInvocation.proceed(ReflectiveMethodInvocation.java:163)
	at org.springframework.aop.framework.CglibAopProxy$CglibMethodInvocation.proceed(CglibAopProxy.java:749)
	at org.springframework.transaction.interceptor.TransactionAspectSupport.invokeWithinTransaction(TransactionAspectSupport.java:367)
	at org.springframework.transaction.interceptor.TransactionInterceptor.invoke(TransactionInterceptor.java:118)
	at org.springframework.aop.framework.ReflectiveMethodInvocation.proceed(ReflectiveMethodInvocation.java:186)
	at org.springframework.aop.framework.CglibAopProxy$CglibMethodInvocation.proceed(CglibAopProxy.java:749)
	at org.springframework.aop.framework.CglibAopProxy$DynamicAdvisedInterceptor.intercept(CglibAopProxy.java:691)
	at com.qdm.cg.clients.serviceimpl.ClientServiceImpl$$EnhancerBySpringCGLIB$$c770eea0.searchClient(<generated>)
	at com.qdm.cg.clients.controller.ClientController.getCareProvider(ClientController.java:500)
	at sun.reflect.NativeMethodAccessorImpl.invoke0(Native Method)
	at sun.reflect.NativeMethodAccessorImpl.invoke(Unknown Source)
	at sun.reflect.DelegatingMethodAccessorImpl.invoke(Unknown Source)
	at java.lang.reflect.Method.invoke(Unknown Source)
	at org.springframework.web.method.support.InvocableHandlerMethod.doInvoke(InvocableHandlerMethod.java:190)
	at org.springframework.web.method.support.InvocableHandlerMethod.invokeForRequest(InvocableHandlerMethod.java:138)
	at org.springframework.web.servlet.mvc.method.annotation.ServletInvocableHandlerMethod.invokeAndHandle(ServletInvocableHandlerMethod.java:105)
	at org.springframework.web.servlet.mvc.method.annotation.RequestMappingHandlerAdapter.invokeHandlerMethod(RequestMappingHandlerAdapter.java:878)
	at org.springframework.web.servlet.mvc.method.annotation.RequestMappingHandlerAdapter.handleInternal(RequestMappingHandlerAdapter.java:792)
	at org.springframework.web.servlet.mvc.method.AbstractHandlerMethodAdapter.handle(AbstractHandlerMethodAdapter.java:87)
	at org.springframework.web.servlet.DispatcherServlet.doDispatch(DispatcherServlet.java:1040)
	at org.springframework.web.servlet.DispatcherServlet.doService(DispatcherServlet.java:943)
	at org.springframework.web.servlet.FrameworkServlet.processRequest(FrameworkServlet.java:1006)
	at org.springframework.web.servlet.FrameworkServlet.doGet(FrameworkServlet.java:898)
	at javax.servlet.http.HttpServlet.service(HttpServlet.java:626)
	at org.springframework.web.servlet.FrameworkServlet.service(FrameworkServlet.java:883)
	at javax.servlet.http.HttpServlet.service(HttpServlet.java:733)
	at org.apache.catalina.core.ApplicationFilterChain.internalDoFilter(ApplicationFilterChain.java:231)
	at org.apache.catalina.core.ApplicationFilterChain.doFilter(ApplicationFilterChain.java:166)
	at org.apache.tomcat.websocket.server.WsFilter.doFilter(WsFilter.java:53)
	at org.apache.catalina.core.ApplicationFilterChain.internalDoFilter(ApplicationFilterChain.java:193)
	at org.apache.catalina.core.ApplicationFilterChain.doFilter(ApplicationFilterChain.java:166)
	at org.springframework.web.filter.CharacterEncodingFilter.doFilterInternal(CharacterEncodingFilter.java:201)
	at org.springframework.web.filter.OncePerRequestFilter.doFilter(OncePerRequestFilter.java:119)
	at org.apache.catalina.core.ApplicationFilterChain.internalDoFilter(ApplicationFilterChain.java:193)
	at org.apache.catalina.core.ApplicationFilterChain.doFilter(ApplicationFilterChain.java:166)
	at org.apache.catalina.core.StandardWrapperValve.invoke(StandardWrapperValve.java:202)
	at org.apache.catalina.core.StandardContextValve.invoke(StandardContextValve.java:96)
	at org.apache.catalina.authenticator.AuthenticatorBase.invoke(AuthenticatorBase.java:541)
	at org.apache.catalina.core.StandardHostValve.invoke(StandardHostValve.java:139)
	at org.apache.catalina.valves.ErrorReportValve.invoke(ErrorReportValve.java:92)
	at org.apache.catalina.core.StandardEngineValve.invoke(StandardEngineValve.java:74)
	at org.apache.catalina.connector.CoyoteAdapter.service(CoyoteAdapter.java:343)
	at org.apache.coyote.http11.Http11Processor.service(Http11Processor.java:373)
	at org.apache.coyote.AbstractProcessorLight.process(AbstractProcessorLight.java:65)
	at org.apache.coyote.AbstractProtocol$ConnectionHandler.process(AbstractProtocol.java:868)
	at org.apache.tomcat.util.net.NioEndpoint$SocketProcessor.doRun(NioEndpoint.java:1589)
	at org.apache.tomcat.util.net.SocketProcessorBase.run(SocketProcessorBase.java:49)
	at java.util.concurrent.ThreadPoolExecutor.runWorker(Unknown Source)
	at java.util.concurrent.ThreadPoolExecutor$Worker.run(Unknown Source)
	at org.apache.tomcat.util.threads.TaskThread$WrappingRunnable.run(TaskThread.java:61)
	at java.lang.Thread.run(Unknown Source)
2020-09-21 12:23:49 [http-nio-8444-exec-9] ERROR o.a.c.c.C.[.[.[.[dispatcherServlet] - Servlet.service() for servlet [dispatcherServlet] in context with path [/careGiver] threw exception [Handler dispatch failed; nested exception is java.lang.Error: Unresolved compilation problem: 
	clientName cannot be resolved to a variable
] with root cause
java.lang.Error: Unresolved compilation problem: 
	clientName cannot be resolved to a variable

	at com.qdm.cg.clients.serviceimpl.ClientServiceImpl.searchClient(ClientServiceImpl.java:138)
	at com.qdm.cg.clients.serviceimpl.ClientServiceImpl$$FastClassBySpringCGLIB$$581a40c2.invoke(<generated>)
	at org.springframework.cglib.proxy.MethodProxy.invoke(MethodProxy.java:218)
	at org.springframework.aop.framework.CglibAopProxy$CglibMethodInvocation.invokeJoinpoint(CglibAopProxy.java:771)
	at org.springframework.aop.framework.ReflectiveMethodInvocation.proceed(ReflectiveMethodInvocation.java:163)
	at org.springframework.aop.framework.CglibAopProxy$CglibMethodInvocation.proceed(CglibAopProxy.java:749)
	at org.springframework.transaction.interceptor.TransactionAspectSupport.invokeWithinTransaction(TransactionAspectSupport.java:367)
	at org.springframework.transaction.interceptor.TransactionInterceptor.invoke(TransactionInterceptor.java:118)
	at org.springframework.aop.framework.ReflectiveMethodInvocation.proceed(ReflectiveMethodInvocation.java:186)
	at org.springframework.aop.framework.CglibAopProxy$CglibMethodInvocation.proceed(CglibAopProxy.java:749)
	at org.springframework.aop.framework.CglibAopProxy$DynamicAdvisedInterceptor.intercept(CglibAopProxy.java:691)
	at com.qdm.cg.clients.serviceimpl.ClientServiceImpl$$EnhancerBySpringCGLIB$$c770eea0.searchClient(<generated>)
	at com.qdm.cg.clients.controller.ClientController.getCareProvider(ClientController.java:500)
	at sun.reflect.NativeMethodAccessorImpl.invoke0(Native Method)
	at sun.reflect.NativeMethodAccessorImpl.invoke(Unknown Source)
	at sun.reflect.DelegatingMethodAccessorImpl.invoke(Unknown Source)
	at java.lang.reflect.Method.invoke(Unknown Source)
	at org.springframework.web.method.support.InvocableHandlerMethod.doInvoke(InvocableHandlerMethod.java:190)
	at org.springframework.web.method.support.InvocableHandlerMethod.invokeForRequest(InvocableHandlerMethod.java:138)
	at org.springframework.web.servlet.mvc.method.annotation.ServletInvocableHandlerMethod.invokeAndHandle(ServletInvocableHandlerMethod.java:105)
	at org.springframework.web.servlet.mvc.method.annotation.RequestMappingHandlerAdapter.invokeHandlerMethod(RequestMappingHandlerAdapter.java:878)
	at org.springframework.web.servlet.mvc.method.annotation.RequestMappingHandlerAdapter.handleInternal(RequestMappingHandlerAdapter.java:792)
	at org.springframework.web.servlet.mvc.method.AbstractHandlerMethodAdapter.handle(AbstractHandlerMethodAdapter.java:87)
	at org.springframework.web.servlet.DispatcherServlet.doDispatch(DispatcherServlet.java:1040)
	at org.springframework.web.servlet.DispatcherServlet.doService(DispatcherServlet.java:943)
	at org.springframework.web.servlet.FrameworkServlet.processRequest(FrameworkServlet.java:1006)
	at org.springframework.web.servlet.FrameworkServlet.doGet(FrameworkServlet.java:898)
	at javax.servlet.http.HttpServlet.service(HttpServlet.java:626)
	at org.springframework.web.servlet.FrameworkServlet.service(FrameworkServlet.java:883)
	at javax.servlet.http.HttpServlet.service(HttpServlet.java:733)
	at org.apache.catalina.core.ApplicationFilterChain.internalDoFilter(ApplicationFilterChain.java:231)
	at org.apache.catalina.core.ApplicationFilterChain.doFilter(ApplicationFilterChain.java:166)
	at org.apache.tomcat.websocket.server.WsFilter.doFilter(WsFilter.java:53)
	at org.apache.catalina.core.ApplicationFilterChain.internalDoFilter(ApplicationFilterChain.java:193)
	at org.apache.catalina.core.ApplicationFilterChain.doFilter(ApplicationFilterChain.java:166)
	at org.springframework.web.filter.CharacterEncodingFilter.doFilterInternal(CharacterEncodingFilter.java:201)
	at org.springframework.web.filter.OncePerRequestFilter.doFilter(OncePerRequestFilter.java:119)
	at org.apache.catalina.core.ApplicationFilterChain.internalDoFilter(ApplicationFilterChain.java:193)
	at org.apache.catalina.core.ApplicationFilterChain.doFilter(ApplicationFilterChain.java:166)
	at org.apache.catalina.core.StandardWrapperValve.invoke(StandardWrapperValve.java:202)
	at org.apache.catalina.core.StandardContextValve.invoke(StandardContextValve.java:96)
	at org.apache.catalina.authenticator.AuthenticatorBase.invoke(AuthenticatorBase.java:541)
	at org.apache.catalina.core.StandardHostValve.invoke(StandardHostValve.java:139)
	at org.apache.catalina.valves.ErrorReportValve.invoke(ErrorReportValve.java:92)
	at org.apache.catalina.core.StandardEngineValve.invoke(StandardEngineValve.java:74)
	at org.apache.catalina.connector.CoyoteAdapter.service(CoyoteAdapter.java:343)
	at org.apache.coyote.http11.Http11Processor.service(Http11Processor.java:373)
	at org.apache.coyote.AbstractProcessorLight.process(AbstractProcessorLight.java:65)
	at org.apache.coyote.AbstractProtocol$ConnectionHandler.process(AbstractProtocol.java:868)
	at org.apache.tomcat.util.net.NioEndpoint$SocketProcessor.doRun(NioEndpoint.java:1589)
	at org.apache.tomcat.util.net.SocketProcessorBase.run(SocketProcessorBase.java:49)
	at java.util.concurrent.ThreadPoolExecutor.runWorker(Unknown Source)
	at java.util.concurrent.ThreadPoolExecutor$Worker.run(Unknown Source)
	at org.apache.tomcat.util.threads.TaskThread$WrappingRunnable.run(TaskThread.java:61)
	at java.lang.Thread.run(Unknown Source)
2020-09-21 12:25:10 [http-nio-8444-exec-1] ERROR o.a.c.c.C.[.[.[.[dispatcherServlet] - Servlet.service() for servlet [dispatcherServlet] in context with path [/careGiver] threw exception [Request processing failed; nested exception is org.springframework.dao.InvalidDataAccessApiUsageException: For queries with named parameters you need to use provide names for method parameters. Use @Param for query method parameters, or when on Java 8+ use the javac flag -parameters.; nested exception is java.lang.IllegalStateException: For queries with named parameters you need to use provide names for method parameters. Use @Param for query method parameters, or when on Java 8+ use the javac flag -parameters.] with root cause
java.lang.IllegalStateException: For queries with named parameters you need to use provide names for method parameters. Use @Param for query method parameters, or when on Java 8+ use the javac flag -parameters.
	at org.springframework.data.jpa.repository.query.QueryParameterSetterFactory$BasicQueryParameterSetterFactory.lambda$getName$2(QueryParameterSetterFactory.java:258)
	at java.util.Optional.orElseThrow(Unknown Source)
	at org.springframework.data.jpa.repository.query.QueryParameterSetterFactory$BasicQueryParameterSetterFactory.getName(QueryParameterSetterFactory.java:258)
	at org.springframework.data.jpa.repository.query.QueryParameterSetterFactory$BasicQueryParameterSetterFactory.findParameterForBinding(QueryParameterSetterFactory.java:245)
	at org.springframework.data.jpa.repository.query.QueryParameterSetterFactory$BasicQueryParameterSetterFactory.create(QueryParameterSetterFactory.java:216)
	at org.springframework.data.jpa.repository.query.ParameterBinderFactory.createQueryParameterSetter(ParameterBinderFactory.java:140)
	at org.springframework.data.jpa.repository.query.ParameterBinderFactory.createSetters(ParameterBinderFactory.java:129)
	at org.springframework.data.jpa.repository.query.ParameterBinderFactory.createQueryAwareBinder(ParameterBinderFactory.java:100)
	at org.springframework.data.jpa.repository.query.AbstractStringBasedJpaQuery.createBinder(AbstractStringBasedJpaQuery.java:102)
	at org.springframework.data.util.Lazy.getNullable(Lazy.java:212)
	at org.springframework.data.util.Lazy.get(Lazy.java:94)
	at org.springframework.data.jpa.repository.query.AbstractStringBasedJpaQuery.doCreateQuery(AbstractStringBasedJpaQuery.java:92)
	at org.springframework.data.jpa.repository.query.AbstractJpaQuery.createQuery(AbstractJpaQuery.java:226)
	at org.springframework.data.jpa.repository.query.JpaQueryExecution$PagedExecution.doExecute(JpaQueryExecution.java:175)
	at org.springframework.data.jpa.repository.query.JpaQueryExecution.execute(JpaQueryExecution.java:88)
	at org.springframework.data.jpa.repository.query.AbstractJpaQuery.doExecute(AbstractJpaQuery.java:154)
	at org.springframework.data.jpa.repository.query.AbstractJpaQuery.execute(AbstractJpaQuery.java:142)
	at org.springframework.data.repository.core.support.QueryExecutorMethodInterceptor$QueryMethodInvoker.invoke(QueryExecutorMethodInterceptor.java:195)
	at org.springframework.data.repository.core.support.QueryExecutorMethodInterceptor.doInvoke(QueryExecutorMethodInterceptor.java:152)
	at org.springframework.data.repository.core.support.QueryExecutorMethodInterceptor.invoke(QueryExecutorMethodInterceptor.java:130)
	at org.springframework.aop.framework.ReflectiveMethodInvocation.proceed(ReflectiveMethodInvocation.java:186)
	at org.springframework.data.projection.DefaultMethodInvokingMethodInterceptor.invoke(DefaultMethodInvokingMethodInterceptor.java:80)
	at org.springframework.aop.framework.ReflectiveMethodInvocation.proceed(ReflectiveMethodInvocation.java:186)
	at org.springframework.transaction.interceptor.TransactionAspectSupport.invokeWithinTransaction(TransactionAspectSupport.java:367)
	at org.springframework.transaction.interceptor.TransactionInterceptor.invoke(TransactionInterceptor.java:118)
	at org.springframework.aop.framework.ReflectiveMethodInvocation.proceed(ReflectiveMethodInvocation.java:186)
	at org.springframework.dao.support.PersistenceExceptionTranslationInterceptor.invoke(PersistenceExceptionTranslationInterceptor.java:139)
	at org.springframework.aop.framework.ReflectiveMethodInvocation.proceed(ReflectiveMethodInvocation.java:186)
	at org.springframework.data.jpa.repository.support.CrudMethodMetadataPostProcessor$CrudMethodMetadataPopulatingMethodInterceptor.invoke(CrudMethodMetadataPostProcessor.java:149)
	at org.springframework.aop.framework.ReflectiveMethodInvocation.proceed(ReflectiveMethodInvocation.java:186)
	at org.springframework.aop.interceptor.ExposeInvocationInterceptor.invoke(ExposeInvocationInterceptor.java:95)
	at org.springframework.aop.framework.ReflectiveMethodInvocation.proceed(ReflectiveMethodInvocation.java:186)
	at org.springframework.aop.framework.JdkDynamicAopProxy.invoke(JdkDynamicAopProxy.java:212)
	at com.sun.proxy.$Proxy107.findByClientName(Unknown Source)
	at com.qdm.cg.clients.serviceimpl.ClientServiceImpl.searchClient(ClientServiceImpl.java:139)
	at com.qdm.cg.clients.serviceimpl.ClientServiceImpl$$FastClassBySpringCGLIB$$581a40c2.invoke(<generated>)
	at org.springframework.cglib.proxy.MethodProxy.invoke(MethodProxy.java:218)
	at org.springframework.aop.framework.CglibAopProxy$CglibMethodInvocation.invokeJoinpoint(CglibAopProxy.java:771)
	at org.springframework.aop.framework.ReflectiveMethodInvocation.proceed(ReflectiveMethodInvocation.java:163)
	at org.springframework.aop.framework.CglibAopProxy$CglibMethodInvocation.proceed(CglibAopProxy.java:749)
	at org.springframework.transaction.interceptor.TransactionAspectSupport.invokeWithinTransaction(TransactionAspectSupport.java:367)
	at org.springframework.transaction.interceptor.TransactionInterceptor.invoke(TransactionInterceptor.java:118)
	at org.springframework.aop.framework.ReflectiveMethodInvocation.proceed(ReflectiveMethodInvocation.java:186)
	at org.springframework.aop.framework.CglibAopProxy$CglibMethodInvocation.proceed(CglibAopProxy.java:749)
	at org.springframework.aop.framework.CglibAopProxy$DynamicAdvisedInterceptor.intercept(CglibAopProxy.java:691)
	at com.qdm.cg.clients.serviceimpl.ClientServiceImpl$$EnhancerBySpringCGLIB$$d9e9b612.searchClient(<generated>)
	at com.qdm.cg.clients.controller.ClientController.getCareProvider(ClientController.java:500)
	at sun.reflect.NativeMethodAccessorImpl.invoke0(Native Method)
	at sun.reflect.NativeMethodAccessorImpl.invoke(Unknown Source)
	at sun.reflect.DelegatingMethodAccessorImpl.invoke(Unknown Source)
	at java.lang.reflect.Method.invoke(Unknown Source)
	at org.springframework.web.method.support.InvocableHandlerMethod.doInvoke(InvocableHandlerMethod.java:190)
	at org.springframework.web.method.support.InvocableHandlerMethod.invokeForRequest(InvocableHandlerMethod.java:138)
	at org.springframework.web.servlet.mvc.method.annotation.ServletInvocableHandlerMethod.invokeAndHandle(ServletInvocableHandlerMethod.java:105)
	at org.springframework.web.servlet.mvc.method.annotation.RequestMappingHandlerAdapter.invokeHandlerMethod(RequestMappingHandlerAdapter.java:878)
	at org.springframework.web.servlet.mvc.method.annotation.RequestMappingHandlerAdapter.handleInternal(RequestMappingHandlerAdapter.java:792)
	at org.springframework.web.servlet.mvc.method.AbstractHandlerMethodAdapter.handle(AbstractHandlerMethodAdapter.java:87)
	at org.springframework.web.servlet.DispatcherServlet.doDispatch(DispatcherServlet.java:1040)
	at org.springframework.web.servlet.DispatcherServlet.doService(DispatcherServlet.java:943)
	at org.springframework.web.servlet.FrameworkServlet.processRequest(FrameworkServlet.java:1006)
	at org.springframework.web.servlet.FrameworkServlet.doGet(FrameworkServlet.java:898)
	at javax.servlet.http.HttpServlet.service(HttpServlet.java:626)
	at org.springframework.web.servlet.FrameworkServlet.service(FrameworkServlet.java:883)
	at javax.servlet.http.HttpServlet.service(HttpServlet.java:733)
	at org.apache.catalina.core.ApplicationFilterChain.internalDoFilter(ApplicationFilterChain.java:231)
	at org.apache.catalina.core.ApplicationFilterChain.doFilter(ApplicationFilterChain.java:166)
	at org.apache.tomcat.websocket.server.WsFilter.doFilter(WsFilter.java:53)
	at org.apache.catalina.core.ApplicationFilterChain.internalDoFilter(ApplicationFilterChain.java:193)
	at org.apache.catalina.core.ApplicationFilterChain.doFilter(ApplicationFilterChain.java:166)
	at org.springframework.web.filter.CharacterEncodingFilter.doFilterInternal(CharacterEncodingFilter.java:201)
	at org.springframework.web.filter.OncePerRequestFilter.doFilter(OncePerRequestFilter.java:119)
	at org.apache.catalina.core.ApplicationFilterChain.internalDoFilter(ApplicationFilterChain.java:193)
	at org.apache.catalina.core.ApplicationFilterChain.doFilter(ApplicationFilterChain.java:166)
	at org.apache.catalina.core.StandardWrapperValve.invoke(StandardWrapperValve.java:202)
	at org.apache.catalina.core.StandardContextValve.invoke(StandardContextValve.java:96)
	at org.apache.catalina.authenticator.AuthenticatorBase.invoke(AuthenticatorBase.java:541)
	at org.apache.catalina.core.StandardHostValve.invoke(StandardHostValve.java:139)
	at org.apache.catalina.valves.ErrorReportValve.invoke(ErrorReportValve.java:92)
	at org.apache.catalina.core.StandardEngineValve.invoke(StandardEngineValve.java:74)
	at org.apache.catalina.connector.CoyoteAdapter.service(CoyoteAdapter.java:343)
	at org.apache.coyote.http11.Http11Processor.service(Http11Processor.java:373)
	at org.apache.coyote.AbstractProcessorLight.process(AbstractProcessorLight.java:65)
	at org.apache.coyote.AbstractProtocol$ConnectionHandler.process(AbstractProtocol.java:868)
	at org.apache.tomcat.util.net.NioEndpoint$SocketProcessor.doRun(NioEndpoint.java:1589)
	at org.apache.tomcat.util.net.SocketProcessorBase.run(SocketProcessorBase.java:49)
	at java.util.concurrent.ThreadPoolExecutor.runWorker(Unknown Source)
	at java.util.concurrent.ThreadPoolExecutor$Worker.run(Unknown Source)
	at org.apache.tomcat.util.threads.TaskThread$WrappingRunnable.run(TaskThread.java:61)
	at java.lang.Thread.run(Unknown Source)
2020-09-21 12:28:22 [http-nio-8444-exec-2] ERROR o.a.c.c.C.[.[.[.[dispatcherServlet] - Servlet.service() for servlet [dispatcherServlet] in context with path [/careGiver] threw exception [Request processing failed; nested exception is org.springframework.dao.InvalidDataAccessApiUsageException: For queries with named parameters you need to use provide names for method parameters. Use @Param for query method parameters, or when on Java 8+ use the javac flag -parameters.; nested exception is java.lang.IllegalStateException: For queries with named parameters you need to use provide names for method parameters. Use @Param for query method parameters, or when on Java 8+ use the javac flag -parameters.] with root cause
java.lang.IllegalStateException: For queries with named parameters you need to use provide names for method parameters. Use @Param for query method parameters, or when on Java 8+ use the javac flag -parameters.
	at org.springframework.data.jpa.repository.query.QueryParameterSetterFactory$BasicQueryParameterSetterFactory.lambda$getName$2(QueryParameterSetterFactory.java:258)
	at java.util.Optional.orElseThrow(Unknown Source)
	at org.springframework.data.jpa.repository.query.QueryParameterSetterFactory$BasicQueryParameterSetterFactory.getName(QueryParameterSetterFactory.java:258)
	at org.springframework.data.jpa.repository.query.QueryParameterSetterFactory$BasicQueryParameterSetterFactory.findParameterForBinding(QueryParameterSetterFactory.java:245)
	at org.springframework.data.jpa.repository.query.QueryParameterSetterFactory$BasicQueryParameterSetterFactory.create(QueryParameterSetterFactory.java:216)
	at org.springframework.data.jpa.repository.query.ParameterBinderFactory.createQueryParameterSetter(ParameterBinderFactory.java:140)
	at org.springframework.data.jpa.repository.query.ParameterBinderFactory.createSetters(ParameterBinderFactory.java:129)
	at org.springframework.data.jpa.repository.query.ParameterBinderFactory.createQueryAwareBinder(ParameterBinderFactory.java:100)
	at org.springframework.data.jpa.repository.query.AbstractStringBasedJpaQuery.createBinder(AbstractStringBasedJpaQuery.java:102)
	at org.springframework.data.util.Lazy.getNullable(Lazy.java:212)
	at org.springframework.data.util.Lazy.get(Lazy.java:94)
	at org.springframework.data.jpa.repository.query.AbstractStringBasedJpaQuery.doCreateQuery(AbstractStringBasedJpaQuery.java:92)
	at org.springframework.data.jpa.repository.query.AbstractJpaQuery.createQuery(AbstractJpaQuery.java:226)
	at org.springframework.data.jpa.repository.query.JpaQueryExecution$PagedExecution.doExecute(JpaQueryExecution.java:175)
	at org.springframework.data.jpa.repository.query.JpaQueryExecution.execute(JpaQueryExecution.java:88)
	at org.springframework.data.jpa.repository.query.AbstractJpaQuery.doExecute(AbstractJpaQuery.java:154)
	at org.springframework.data.jpa.repository.query.AbstractJpaQuery.execute(AbstractJpaQuery.java:142)
	at org.springframework.data.repository.core.support.QueryExecutorMethodInterceptor$QueryMethodInvoker.invoke(QueryExecutorMethodInterceptor.java:195)
	at org.springframework.data.repository.core.support.QueryExecutorMethodInterceptor.doInvoke(QueryExecutorMethodInterceptor.java:152)
	at org.springframework.data.repository.core.support.QueryExecutorMethodInterceptor.invoke(QueryExecutorMethodInterceptor.java:130)
	at org.springframework.aop.framework.ReflectiveMethodInvocation.proceed(ReflectiveMethodInvocation.java:186)
	at org.springframework.data.projection.DefaultMethodInvokingMethodInterceptor.invoke(DefaultMethodInvokingMethodInterceptor.java:80)
	at org.springframework.aop.framework.ReflectiveMethodInvocation.proceed(ReflectiveMethodInvocation.java:186)
	at org.springframework.transaction.interceptor.TransactionAspectSupport.invokeWithinTransaction(TransactionAspectSupport.java:367)
	at org.springframework.transaction.interceptor.TransactionInterceptor.invoke(TransactionInterceptor.java:118)
	at org.springframework.aop.framework.ReflectiveMethodInvocation.proceed(ReflectiveMethodInvocation.java:186)
	at org.springframework.dao.support.PersistenceExceptionTranslationInterceptor.invoke(PersistenceExceptionTranslationInterceptor.java:139)
	at org.springframework.aop.framework.ReflectiveMethodInvocation.proceed(ReflectiveMethodInvocation.java:186)
	at org.springframework.data.jpa.repository.support.CrudMethodMetadataPostProcessor$CrudMethodMetadataPopulatingMethodInterceptor.invoke(CrudMethodMetadataPostProcessor.java:149)
	at org.springframework.aop.framework.ReflectiveMethodInvocation.proceed(ReflectiveMethodInvocation.java:186)
	at org.springframework.aop.interceptor.ExposeInvocationInterceptor.invoke(ExposeInvocationInterceptor.java:95)
	at org.springframework.aop.framework.ReflectiveMethodInvocation.proceed(ReflectiveMethodInvocation.java:186)
	at org.springframework.aop.framework.JdkDynamicAopProxy.invoke(JdkDynamicAopProxy.java:212)
	at com.sun.proxy.$Proxy107.findByName(Unknown Source)
	at com.qdm.cg.clients.serviceimpl.ClientServiceImpl.searchClient(ClientServiceImpl.java:139)
	at com.qdm.cg.clients.serviceimpl.ClientServiceImpl$$FastClassBySpringCGLIB$$581a40c2.invoke(<generated>)
	at org.springframework.cglib.proxy.MethodProxy.invoke(MethodProxy.java:218)
	at org.springframework.aop.framework.CglibAopProxy$CglibMethodInvocation.invokeJoinpoint(CglibAopProxy.java:771)
	at org.springframework.aop.framework.ReflectiveMethodInvocation.proceed(ReflectiveMethodInvocation.java:163)
	at org.springframework.aop.framework.CglibAopProxy$CglibMethodInvocation.proceed(CglibAopProxy.java:749)
	at org.springframework.transaction.interceptor.TransactionAspectSupport.invokeWithinTransaction(TransactionAspectSupport.java:367)
	at org.springframework.transaction.interceptor.TransactionInterceptor.invoke(TransactionInterceptor.java:118)
	at org.springframework.aop.framework.ReflectiveMethodInvocation.proceed(ReflectiveMethodInvocation.java:186)
	at org.springframework.aop.framework.CglibAopProxy$CglibMethodInvocation.proceed(CglibAopProxy.java:749)
	at org.springframework.aop.framework.CglibAopProxy$DynamicAdvisedInterceptor.intercept(CglibAopProxy.java:691)
	at com.qdm.cg.clients.serviceimpl.ClientServiceImpl$$EnhancerBySpringCGLIB$$f2affae6.searchClient(<generated>)
	at com.qdm.cg.clients.controller.ClientController.getCareProvider(ClientController.java:500)
	at sun.reflect.NativeMethodAccessorImpl.invoke0(Native Method)
	at sun.reflect.NativeMethodAccessorImpl.invoke(Unknown Source)
	at sun.reflect.DelegatingMethodAccessorImpl.invoke(Unknown Source)
	at java.lang.reflect.Method.invoke(Unknown Source)
	at org.springframework.web.method.support.InvocableHandlerMethod.doInvoke(InvocableHandlerMethod.java:190)
	at org.springframework.web.method.support.InvocableHandlerMethod.invokeForRequest(InvocableHandlerMethod.java:138)
	at org.springframework.web.servlet.mvc.method.annotation.ServletInvocableHandlerMethod.invokeAndHandle(ServletInvocableHandlerMethod.java:105)
	at org.springframework.web.servlet.mvc.method.annotation.RequestMappingHandlerAdapter.invokeHandlerMethod(RequestMappingHandlerAdapter.java:878)
	at org.springframework.web.servlet.mvc.method.annotation.RequestMappingHandlerAdapter.handleInternal(RequestMappingHandlerAdapter.java:792)
	at org.springframework.web.servlet.mvc.method.AbstractHandlerMethodAdapter.handle(AbstractHandlerMethodAdapter.java:87)
	at org.springframework.web.servlet.DispatcherServlet.doDispatch(DispatcherServlet.java:1040)
	at org.springframework.web.servlet.DispatcherServlet.doService(DispatcherServlet.java:943)
	at org.springframework.web.servlet.FrameworkServlet.processRequest(FrameworkServlet.java:1006)
	at org.springframework.web.servlet.FrameworkServlet.doGet(FrameworkServlet.java:898)
	at javax.servlet.http.HttpServlet.service(HttpServlet.java:626)
	at org.springframework.web.servlet.FrameworkServlet.service(FrameworkServlet.java:883)
	at javax.servlet.http.HttpServlet.service(HttpServlet.java:733)
	at org.apache.catalina.core.ApplicationFilterChain.internalDoFilter(ApplicationFilterChain.java:231)
	at org.apache.catalina.core.ApplicationFilterChain.doFilter(ApplicationFilterChain.java:166)
	at org.apache.tomcat.websocket.server.WsFilter.doFilter(WsFilter.java:53)
	at org.apache.catalina.core.ApplicationFilterChain.internalDoFilter(ApplicationFilterChain.java:193)
	at org.apache.catalina.core.ApplicationFilterChain.doFilter(ApplicationFilterChain.java:166)
	at org.springframework.web.filter.CharacterEncodingFilter.doFilterInternal(CharacterEncodingFilter.java:201)
	at org.springframework.web.filter.OncePerRequestFilter.doFilter(OncePerRequestFilter.java:119)
	at org.apache.catalina.core.ApplicationFilterChain.internalDoFilter(ApplicationFilterChain.java:193)
	at org.apache.catalina.core.ApplicationFilterChain.doFilter(ApplicationFilterChain.java:166)
	at org.apache.catalina.core.StandardWrapperValve.invoke(StandardWrapperValve.java:202)
	at org.apache.catalina.core.StandardContextValve.invoke(StandardContextValve.java:96)
	at org.apache.catalina.authenticator.AuthenticatorBase.invoke(AuthenticatorBase.java:541)
	at org.apache.catalina.core.StandardHostValve.invoke(StandardHostValve.java:139)
	at org.apache.catalina.valves.ErrorReportValve.invoke(ErrorReportValve.java:92)
	at org.apache.catalina.core.StandardEngineValve.invoke(StandardEngineValve.java:74)
	at org.apache.catalina.connector.CoyoteAdapter.service(CoyoteAdapter.java:343)
	at org.apache.coyote.http11.Http11Processor.service(Http11Processor.java:373)
	at org.apache.coyote.AbstractProcessorLight.process(AbstractProcessorLight.java:65)
	at org.apache.coyote.AbstractProtocol$ConnectionHandler.process(AbstractProtocol.java:868)
	at org.apache.tomcat.util.net.NioEndpoint$SocketProcessor.doRun(NioEndpoint.java:1589)
	at org.apache.tomcat.util.net.SocketProcessorBase.run(SocketProcessorBase.java:49)
	at java.util.concurrent.ThreadPoolExecutor.runWorker(Unknown Source)
	at java.util.concurrent.ThreadPoolExecutor$Worker.run(Unknown Source)
	at org.apache.tomcat.util.threads.TaskThread$WrappingRunnable.run(TaskThread.java:61)
	at java.lang.Thread.run(Unknown Source)
2020-09-21 14:10:53 [http-nio-8444-exec-2] ERROR o.h.e.jdbc.spi.SqlExceptionHelper - ERROR: column "fromtimestamp" does not exist
  Hint: Perhaps you meant to reference the column "activity.from_time_stamp".
  Position: 8
2020-09-21 14:10:53 [http-nio-8444-exec-2] ERROR o.h.e.jdbc.spi.SqlExceptionHelper - ERROR: column "fromtimestamp" does not exist
  Hint: Perhaps you meant to reference the column "activity.from_time_stamp".
  Position: 8
2020-09-21 14:10:53 [http-nio-8444-exec-2] ERROR o.h.e.jdbc.spi.SqlExceptionHelper - ERROR: column "fromtimestamp" does not exist
  Hint: Perhaps you meant to reference the column "activity.from_time_stamp".
  Position: 8
2020-09-21 14:10:56 [http-nio-8444-exec-6] ERROR o.h.e.jdbc.spi.SqlExceptionHelper - ERROR: column "fromtimestamp" does not exist
  Hint: Perhaps you meant to reference the column "activity.from_time_stamp".
  Position: 8
2020-09-21 14:10:56 [http-nio-8444-exec-6] ERROR o.h.e.jdbc.spi.SqlExceptionHelper - ERROR: column "fromtimestamp" does not exist
  Hint: Perhaps you meant to reference the column "activity.from_time_stamp".
  Position: 8
2020-09-21 14:10:56 [http-nio-8444-exec-6] ERROR o.h.e.jdbc.spi.SqlExceptionHelper - ERROR: column "fromtimestamp" does not exist
  Hint: Perhaps you meant to reference the column "activity.from_time_stamp".
  Position: 8
2020-09-21 14:50:09 [http-nio-8444-exec-5] ERROR o.h.e.jdbc.spi.SqlExceptionHelper - ERROR: column "fromtimestamp" does not exist
  Hint: Perhaps you meant to reference the column "activity.from_time_stamp".
  Position: 8
2020-09-21 14:50:09 [http-nio-8444-exec-5] ERROR o.h.e.jdbc.spi.SqlExceptionHelper - ERROR: column "fromtimestamp" does not exist
  Hint: Perhaps you meant to reference the column "activity.from_time_stamp".
  Position: 8
2020-09-21 14:50:09 [http-nio-8444-exec-5] ERROR o.h.e.jdbc.spi.SqlExceptionHelper - ERROR: column "fromtimestamp" does not exist
  Hint: Perhaps you meant to reference the column "activity.from_time_stamp".
  Position: 8
2020-09-21 15:07:52 [http-nio-8444-exec-6] ERROR o.h.e.jdbc.spi.SqlExceptionHelper - ERROR: column "fromtimestamp" does not exist
  Hint: Perhaps you meant to reference the column "activity.from_time_stamp".
  Position: 8
2020-09-21 15:07:52 [http-nio-8444-exec-6] ERROR o.h.e.jdbc.spi.SqlExceptionHelper - ERROR: column "fromtimestamp" does not exist
  Hint: Perhaps you meant to reference the column "activity.from_time_stamp".
  Position: 8
2020-09-21 15:07:52 [http-nio-8444-exec-6] ERROR o.h.e.jdbc.spi.SqlExceptionHelper - ERROR: column "fromtimestamp" does not exist
  Hint: Perhaps you meant to reference the column "activity.from_time_stamp".
  Position: 8
2020-09-21 15:08:21 [http-nio-8444-exec-3] ERROR o.h.e.jdbc.spi.SqlExceptionHelper - ERROR: column "fromtimestamp" does not exist
  Hint: Perhaps you meant to reference the column "activity.from_time_stamp".
  Position: 8
2020-09-21 15:08:21 [http-nio-8444-exec-3] ERROR o.h.e.jdbc.spi.SqlExceptionHelper - ERROR: column "fromtimestamp" does not exist
  Hint: Perhaps you meant to reference the column "activity.from_time_stamp".
  Position: 8
2020-09-21 15:08:21 [http-nio-8444-exec-3] ERROR o.h.e.jdbc.spi.SqlExceptionHelper - ERROR: column "fromtimestamp" does not exist
  Hint: Perhaps you meant to reference the column "activity.from_time_stamp".
  Position: 8
2020-09-21 15:13:53 [http-nio-8444-exec-3] ERROR o.h.e.jdbc.spi.SqlExceptionHelper - ERROR: column "fromtimestamp" does not exist
  Hint: Perhaps you meant to reference the column "activity.from_time_stamp".
  Position: 8
2020-09-21 15:13:53 [http-nio-8444-exec-3] ERROR o.h.e.jdbc.spi.SqlExceptionHelper - ERROR: column "fromtimestamp" does not exist
  Hint: Perhaps you meant to reference the column "activity.from_time_stamp".
  Position: 8
2020-09-21 15:13:53 [http-nio-8444-exec-3] ERROR o.h.e.jdbc.spi.SqlExceptionHelper - ERROR: column "fromtimestamp" does not exist
  Hint: Perhaps you meant to reference the column "activity.from_time_stamp".
  Position: 8
2020-09-21 15:34:55 [http-nio-8444-exec-6] ERROR o.h.e.jdbc.spi.SqlExceptionHelper - ERROR: column "fromtimestamp" does not exist
  Hint: Perhaps you meant to reference the column "activity.from_time_stamp".
  Position: 8
2020-09-21 15:34:55 [http-nio-8444-exec-6] ERROR o.h.e.jdbc.spi.SqlExceptionHelper - ERROR: column "fromtimestamp" does not exist
  Hint: Perhaps you meant to reference the column "activity.from_time_stamp".
  Position: 8
2020-09-21 15:34:55 [http-nio-8444-exec-6] ERROR o.h.e.jdbc.spi.SqlExceptionHelper - ERROR: column "fromtimestamp" does not exist
  Hint: Perhaps you meant to reference the column "activity.from_time_stamp".
  Position: 8
2020-09-21 15:41:46 [http-nio-8444-exec-10] ERROR o.h.e.jdbc.spi.SqlExceptionHelper - ERROR: column "fromtimestamp" does not exist
  Hint: Perhaps you meant to reference the column "activity.from_time_stamp".
  Position: 8
2020-09-21 15:41:46 [http-nio-8444-exec-10] ERROR o.h.e.jdbc.spi.SqlExceptionHelper - ERROR: column "fromtimestamp" does not exist
  Hint: Perhaps you meant to reference the column "activity.from_time_stamp".
  Position: 8
2020-09-21 15:41:46 [http-nio-8444-exec-10] ERROR o.h.e.jdbc.spi.SqlExceptionHelper - ERROR: column "fromtimestamp" does not exist
  Hint: Perhaps you meant to reference the column "activity.from_time_stamp".
  Position: 8
2020-09-21 16:34:19 [http-nio-8444-exec-2] ERROR o.h.e.jdbc.spi.SqlExceptionHelper - ERROR: column "fromtimestamp" does not exist
  Hint: Perhaps you meant to reference the column "activity.from_time_stamp".
  Position: 8
2020-09-21 16:34:19 [http-nio-8444-exec-2] ERROR o.h.e.jdbc.spi.SqlExceptionHelper - ERROR: column "fromtimestamp" does not exist
  Hint: Perhaps you meant to reference the column "activity.from_time_stamp".
  Position: 8
2020-09-21 16:34:19 [http-nio-8444-exec-2] ERROR o.h.e.jdbc.spi.SqlExceptionHelper - ERROR: column "fromtimestamp" does not exist
  Hint: Perhaps you meant to reference the column "activity.from_time_stamp".
  Position: 8
2020-09-21 16:43:56 [http-nio-8444-exec-3] ERROR o.h.e.jdbc.spi.SqlExceptionHelper - ERROR: column "fromtimestamp" does not exist
  Hint: Perhaps you meant to reference the column "activity.from_time_stamp".
  Position: 8
2020-09-21 16:43:56 [http-nio-8444-exec-3] ERROR o.h.e.jdbc.spi.SqlExceptionHelper - ERROR: column "fromtimestamp" does not exist
  Hint: Perhaps you meant to reference the column "activity.from_time_stamp".
  Position: 8
2020-09-21 16:43:56 [http-nio-8444-exec-3] ERROR o.h.e.jdbc.spi.SqlExceptionHelper - ERROR: column "fromtimestamp" does not exist
  Hint: Perhaps you meant to reference the column "activity.from_time_stamp".
  Position: 8
2020-09-21 17:05:11 [http-nio-8444-exec-7] ERROR o.h.e.jdbc.spi.SqlExceptionHelper - ERROR: column "fromtimestamp" does not exist
  Hint: Perhaps you meant to reference the column "activity.from_time_stamp".
  Position: 8
2020-09-21 17:05:11 [http-nio-8444-exec-7] ERROR o.h.e.jdbc.spi.SqlExceptionHelper - ERROR: column "fromtimestamp" does not exist
  Hint: Perhaps you meant to reference the column "activity.from_time_stamp".
  Position: 8
2020-09-21 17:05:11 [http-nio-8444-exec-7] ERROR o.h.e.jdbc.spi.SqlExceptionHelper - ERROR: column "fromtimestamp" does not exist
  Hint: Perhaps you meant to reference the column "activity.from_time_stamp".
  Position: 8
2020-09-21 17:14:28 [http-nio-8444-exec-10] ERROR o.h.e.jdbc.spi.SqlExceptionHelper - ERROR: column "fromtimestamp" does not exist
  Hint: Perhaps you meant to reference the column "activity.from_time_stamp".
  Position: 8
2020-09-21 17:14:28 [http-nio-8444-exec-10] ERROR o.h.e.jdbc.spi.SqlExceptionHelper - ERROR: column "fromtimestamp" does not exist
  Hint: Perhaps you meant to reference the column "activity.from_time_stamp".
  Position: 8
2020-09-21 17:14:28 [http-nio-8444-exec-10] ERROR o.h.e.jdbc.spi.SqlExceptionHelper - ERROR: column "fromtimestamp" does not exist
  Hint: Perhaps you meant to reference the column "activity.from_time_stamp".
  Position: 8
2020-09-21 17:22:23 [http-nio-8444-exec-4] ERROR o.h.e.jdbc.spi.SqlExceptionHelper - ERROR: column "fromtimestamp" does not exist
  Hint: Perhaps you meant to reference the column "activity.from_time_stamp".
  Position: 8
2020-09-21 17:22:23 [http-nio-8444-exec-4] ERROR o.h.e.jdbc.spi.SqlExceptionHelper - ERROR: column "fromtimestamp" does not exist
  Hint: Perhaps you meant to reference the column "activity.from_time_stamp".
  Position: 8
2020-09-21 17:22:23 [http-nio-8444-exec-4] ERROR o.h.e.jdbc.spi.SqlExceptionHelper - ERROR: column "fromtimestamp" does not exist
  Hint: Perhaps you meant to reference the column "activity.from_time_stamp".
  Position: 8
2020-09-21 17:24:15 [http-nio-8444-exec-4] ERROR o.h.e.jdbc.spi.SqlExceptionHelper - ERROR: column "fromtimestamp" does not exist
  Hint: Perhaps you meant to reference the column "activity.from_time_stamp".
  Position: 8
2020-09-21 17:24:15 [http-nio-8444-exec-4] ERROR o.h.e.jdbc.spi.SqlExceptionHelper - ERROR: column "fromtimestamp" does not exist
  Hint: Perhaps you meant to reference the column "activity.from_time_stamp".
  Position: 8
2020-09-21 17:24:15 [http-nio-8444-exec-4] ERROR o.h.e.jdbc.spi.SqlExceptionHelper - ERROR: column "fromtimestamp" does not exist
  Hint: Perhaps you meant to reference the column "activity.from_time_stamp".
  Position: 8
2020-09-21 17:34:14 [http-nio-8444-exec-1] ERROR o.h.e.jdbc.spi.SqlExceptionHelper - ERROR: column "fromtimestamp" does not exist
  Hint: Perhaps you meant to reference the column "activity.from_time_stamp".
  Position: 8
2020-09-21 17:34:14 [http-nio-8444-exec-1] ERROR o.h.e.jdbc.spi.SqlExceptionHelper - ERROR: column "fromtimestamp" does not exist
  Hint: Perhaps you meant to reference the column "activity.from_time_stamp".
  Position: 8
2020-09-21 17:34:14 [http-nio-8444-exec-1] ERROR o.h.e.jdbc.spi.SqlExceptionHelper - ERROR: column "fromtimestamp" does not exist
  Hint: Perhaps you meant to reference the column "activity.from_time_stamp".
  Position: 8
2020-09-21 17:39:04 [http-nio-8444-exec-8] ERROR o.h.e.jdbc.spi.SqlExceptionHelper - ERROR: column "fromtimestamp" does not exist
  Hint: Perhaps you meant to reference the column "activity.from_time_stamp".
  Position: 8
2020-09-21 17:39:04 [http-nio-8444-exec-8] ERROR o.h.e.jdbc.spi.SqlExceptionHelper - ERROR: column "fromtimestamp" does not exist
  Hint: Perhaps you meant to reference the column "activity.from_time_stamp".
  Position: 8
2020-09-21 17:39:04 [http-nio-8444-exec-8] ERROR o.h.e.jdbc.spi.SqlExceptionHelper - ERROR: column "fromtimestamp" does not exist
  Hint: Perhaps you meant to reference the column "activity.from_time_stamp".
  Position: 8
2020-09-21 18:53:23 [http-nio-8444-exec-3] ERROR o.h.e.jdbc.spi.SqlExceptionHelper - ERROR: column "fromtimestamp" does not exist
  Hint: Perhaps you meant to reference the column "activity.from_time_stamp".
  Position: 8
2020-09-21 18:53:23 [http-nio-8444-exec-3] ERROR o.h.e.jdbc.spi.SqlExceptionHelper - ERROR: column "fromtimestamp" does not exist
  Hint: Perhaps you meant to reference the column "activity.from_time_stamp".
  Position: 8
2020-09-21 18:53:23 [http-nio-8444-exec-3] ERROR o.h.e.jdbc.spi.SqlExceptionHelper - ERROR: column "fromtimestamp" does not exist
  Hint: Perhaps you meant to reference the column "activity.from_time_stamp".
  Position: 8
2020-09-21 20:21:35 [http-nio-8444-exec-10] ERROR o.h.e.jdbc.spi.SqlExceptionHelper - ERROR: column "fromtimestamp" does not exist
  Hint: Perhaps you meant to reference the column "activity.from_time_stamp".
  Position: 8
2020-09-21 20:21:35 [http-nio-8444-exec-10] ERROR o.h.e.jdbc.spi.SqlExceptionHelper - ERROR: column "fromtimestamp" does not exist
  Hint: Perhaps you meant to reference the column "activity.from_time_stamp".
  Position: 8
2020-09-21 20:21:35 [http-nio-8444-exec-10] ERROR o.h.e.jdbc.spi.SqlExceptionHelper - ERROR: column "fromtimestamp" does not exist
  Hint: Perhaps you meant to reference the column "activity.from_time_stamp".
  Position: 8
2020-09-21 21:14:36 [http-nio-8444-exec-2] ERROR o.h.e.jdbc.spi.SqlExceptionHelper - ERROR: column "fromtimestamp" does not exist
  Hint: Perhaps you meant to reference the column "activity.from_time_stamp".
  Position: 8
2020-09-21 21:14:36 [http-nio-8444-exec-2] ERROR o.h.e.jdbc.spi.SqlExceptionHelper - ERROR: column "fromtimestamp" does not exist
  Hint: Perhaps you meant to reference the column "activity.from_time_stamp".
  Position: 8
2020-09-21 21:14:36 [http-nio-8444-exec-2] ERROR o.h.e.jdbc.spi.SqlExceptionHelper - ERROR: column "fromtimestamp" does not exist
  Hint: Perhaps you meant to reference the column "activity.from_time_stamp".
  Position: 8
2020-09-21 21:21:30 [http-nio-8444-exec-9] ERROR o.h.e.jdbc.spi.SqlExceptionHelper - ERROR: column "fromtimestamp" does not exist
  Hint: Perhaps you meant to reference the column "activity.from_time_stamp".
  Position: 8
2020-09-21 21:21:30 [http-nio-8444-exec-9] ERROR o.h.e.jdbc.spi.SqlExceptionHelper - ERROR: column "fromtimestamp" does not exist
  Hint: Perhaps you meant to reference the column "activity.from_time_stamp".
  Position: 8
2020-09-21 21:21:30 [http-nio-8444-exec-9] ERROR o.h.e.jdbc.spi.SqlExceptionHelper - ERROR: column "fromtimestamp" does not exist
  Hint: Perhaps you meant to reference the column "activity.from_time_stamp".
  Position: 8
2020-09-21 21:34:26 [http-nio-8444-exec-8] ERROR o.h.e.jdbc.spi.SqlExceptionHelper - ERROR: column "fromtimestamp" does not exist
  Hint: Perhaps you meant to reference the column "activity.from_time_stamp".
  Position: 8
2020-09-21 21:34:26 [http-nio-8444-exec-8] ERROR o.h.e.jdbc.spi.SqlExceptionHelper - ERROR: column "fromtimestamp" does not exist
  Hint: Perhaps you meant to reference the column "activity.from_time_stamp".
  Position: 8
2020-09-21 21:34:26 [http-nio-8444-exec-8] ERROR o.h.e.jdbc.spi.SqlExceptionHelper - ERROR: column "fromtimestamp" does not exist
  Hint: Perhaps you meant to reference the column "activity.from_time_stamp".
  Position: 8
2020-09-21 21:35:28 [http-nio-8444-exec-1] ERROR o.h.e.jdbc.spi.SqlExceptionHelper - ERROR: column "fromtimestamp" does not exist
  Hint: Perhaps you meant to reference the column "activity.from_time_stamp".
  Position: 8
2020-09-21 21:35:28 [http-nio-8444-exec-1] ERROR o.h.e.jdbc.spi.SqlExceptionHelper - ERROR: column "fromtimestamp" does not exist
  Hint: Perhaps you meant to reference the column "activity.from_time_stamp".
  Position: 8
2020-09-21 21:35:28 [http-nio-8444-exec-1] ERROR o.h.e.jdbc.spi.SqlExceptionHelper - ERROR: column "fromtimestamp" does not exist
  Hint: Perhaps you meant to reference the column "activity.from_time_stamp".
  Position: 8
2020-09-21 21:39:52 [http-nio-8444-exec-7] ERROR o.h.e.jdbc.spi.SqlExceptionHelper - ERROR: column "fromtimestamp" does not exist
  Hint: Perhaps you meant to reference the column "activity.from_time_stamp".
  Position: 8
2020-09-21 21:39:52 [http-nio-8444-exec-7] ERROR o.h.e.jdbc.spi.SqlExceptionHelper - ERROR: column "fromtimestamp" does not exist
  Hint: Perhaps you meant to reference the column "activity.from_time_stamp".
  Position: 8
2020-09-21 21:39:52 [http-nio-8444-exec-7] ERROR o.h.e.jdbc.spi.SqlExceptionHelper - ERROR: column "fromtimestamp" does not exist
  Hint: Perhaps you meant to reference the column "activity.from_time_stamp".
  Position: 8
2020-09-21 21:40:50 [http-nio-8444-exec-5] ERROR o.h.e.jdbc.spi.SqlExceptionHelper - ERROR: column "fromtimestamp" does not exist
  Hint: Perhaps you meant to reference the column "activity.from_time_stamp".
  Position: 8
2020-09-21 21:40:50 [http-nio-8444-exec-5] ERROR o.h.e.jdbc.spi.SqlExceptionHelper - ERROR: column "fromtimestamp" does not exist
  Hint: Perhaps you meant to reference the column "activity.from_time_stamp".
  Position: 8
2020-09-21 21:40:50 [http-nio-8444-exec-5] ERROR o.h.e.jdbc.spi.SqlExceptionHelper - ERROR: column "fromtimestamp" does not exist
  Hint: Perhaps you meant to reference the column "activity.from_time_stamp".
  Position: 8
2020-09-21 21:41:36 [http-nio-8444-exec-2] ERROR o.h.e.jdbc.spi.SqlExceptionHelper - ERROR: column "fromtimestamp" does not exist
  Hint: Perhaps you meant to reference the column "activity.from_time_stamp".
  Position: 8
2020-09-21 21:41:36 [http-nio-8444-exec-2] ERROR o.h.e.jdbc.spi.SqlExceptionHelper - ERROR: column "fromtimestamp" does not exist
  Hint: Perhaps you meant to reference the column "activity.from_time_stamp".
  Position: 8
2020-09-21 21:41:36 [http-nio-8444-exec-2] ERROR o.h.e.jdbc.spi.SqlExceptionHelper - ERROR: column "fromtimestamp" does not exist
  Hint: Perhaps you meant to reference the column "activity.from_time_stamp".
  Position: 8
2020-09-21 21:45:56 [http-nio-8444-exec-9] ERROR o.h.e.jdbc.spi.SqlExceptionHelper - ERROR: column "fromtimestamp" does not exist
  Hint: Perhaps you meant to reference the column "activity.from_time_stamp".
  Position: 8
2020-09-21 21:45:56 [http-nio-8444-exec-9] ERROR o.h.e.jdbc.spi.SqlExceptionHelper - ERROR: column "fromtimestamp" does not exist
  Hint: Perhaps you meant to reference the column "activity.from_time_stamp".
  Position: 8
2020-09-21 21:45:56 [http-nio-8444-exec-9] ERROR o.h.e.jdbc.spi.SqlExceptionHelper - ERROR: column "fromtimestamp" does not exist
  Hint: Perhaps you meant to reference the column "activity.from_time_stamp".
  Position: 8
2020-09-21 21:48:43 [http-nio-8444-exec-8] ERROR o.h.e.jdbc.spi.SqlExceptionHelper - ERROR: column "fromtimestamp" does not exist
  Hint: Perhaps you meant to reference the column "activity.from_time_stamp".
  Position: 8
2020-09-21 21:48:43 [http-nio-8444-exec-8] ERROR o.h.e.jdbc.spi.SqlExceptionHelper - ERROR: column "fromtimestamp" does not exist
  Hint: Perhaps you meant to reference the column "activity.from_time_stamp".
  Position: 8
2020-09-21 21:48:43 [http-nio-8444-exec-8] ERROR o.h.e.jdbc.spi.SqlExceptionHelper - ERROR: column "fromtimestamp" does not exist
  Hint: Perhaps you meant to reference the column "activity.from_time_stamp".
  Position: 8
2020-09-21 21:49:49 [http-nio-8444-exec-1] ERROR o.h.e.jdbc.spi.SqlExceptionHelper - ERROR: column "fromtimestamp" does not exist
  Hint: Perhaps you meant to reference the column "activity.from_time_stamp".
  Position: 8
2020-09-21 21:49:49 [http-nio-8444-exec-1] ERROR o.h.e.jdbc.spi.SqlExceptionHelper - ERROR: column "fromtimestamp" does not exist
  Hint: Perhaps you meant to reference the column "activity.from_time_stamp".
  Position: 8
2020-09-21 21:49:49 [http-nio-8444-exec-1] ERROR o.h.e.jdbc.spi.SqlExceptionHelper - ERROR: column "fromtimestamp" does not exist
  Hint: Perhaps you meant to reference the column "activity.from_time_stamp".
  Position: 8
2020-09-21 21:51:21 [http-nio-8444-exec-7] ERROR o.h.e.jdbc.spi.SqlExceptionHelper - ERROR: column "fromtimestamp" does not exist
  Hint: Perhaps you meant to reference the column "activity.from_time_stamp".
  Position: 8
2020-09-21 21:51:21 [http-nio-8444-exec-7] ERROR o.h.e.jdbc.spi.SqlExceptionHelper - ERROR: column "fromtimestamp" does not exist
  Hint: Perhaps you meant to reference the column "activity.from_time_stamp".
  Position: 8
2020-09-21 21:51:21 [http-nio-8444-exec-7] ERROR o.h.e.jdbc.spi.SqlExceptionHelper - ERROR: column "fromtimestamp" does not exist
  Hint: Perhaps you meant to reference the column "activity.from_time_stamp".
  Position: 8
2020-09-21 21:59:10 [http-nio-8444-exec-2] ERROR o.h.e.jdbc.spi.SqlExceptionHelper - ERROR: column "fromtimestamp" does not exist
  Hint: Perhaps you meant to reference the column "activity.from_time_stamp".
  Position: 8
2020-09-21 21:59:10 [http-nio-8444-exec-2] ERROR o.h.e.jdbc.spi.SqlExceptionHelper - ERROR: column "fromtimestamp" does not exist
  Hint: Perhaps you meant to reference the column "activity.from_time_stamp".
  Position: 8
2020-09-21 21:59:10 [http-nio-8444-exec-2] ERROR o.h.e.jdbc.spi.SqlExceptionHelper - ERROR: column "fromtimestamp" does not exist
  Hint: Perhaps you meant to reference the column "activity.from_time_stamp".
  Position: 8
2020-09-21 22:00:08 [http-nio-8444-exec-10] ERROR o.h.e.jdbc.spi.SqlExceptionHelper - ERROR: column "fromtimestamp" does not exist
  Hint: Perhaps you meant to reference the column "activity.from_time_stamp".
  Position: 8
2020-09-21 22:00:08 [http-nio-8444-exec-10] ERROR o.h.e.jdbc.spi.SqlExceptionHelper - ERROR: column "fromtimestamp" does not exist
  Hint: Perhaps you meant to reference the column "activity.from_time_stamp".
  Position: 8
2020-09-21 22:00:08 [http-nio-8444-exec-10] ERROR o.h.e.jdbc.spi.SqlExceptionHelper - ERROR: column "fromtimestamp" does not exist
  Hint: Perhaps you meant to reference the column "activity.from_time_stamp".
  Position: 8
2020-09-21 22:02:55 [http-nio-8444-exec-4] ERROR o.h.e.jdbc.spi.SqlExceptionHelper - ERROR: column "fromtimestamp" does not exist
  Hint: Perhaps you meant to reference the column "activity.from_time_stamp".
  Position: 8
2020-09-21 22:02:55 [http-nio-8444-exec-4] ERROR o.h.e.jdbc.spi.SqlExceptionHelper - ERROR: column "fromtimestamp" does not exist
  Hint: Perhaps you meant to reference the column "activity.from_time_stamp".
  Position: 8
2020-09-21 22:02:55 [http-nio-8444-exec-4] ERROR o.h.e.jdbc.spi.SqlExceptionHelper - ERROR: column "fromtimestamp" does not exist
  Hint: Perhaps you meant to reference the column "activity.from_time_stamp".
  Position: 8
2020-09-21 22:10:55 [http-nio-8444-exec-6] ERROR o.h.e.jdbc.spi.SqlExceptionHelper - ERROR: column "fromtimestamp" does not exist
  Hint: Perhaps you meant to reference the column "activity.from_time_stamp".
  Position: 8
2020-09-21 22:10:55 [http-nio-8444-exec-6] ERROR o.h.e.jdbc.spi.SqlExceptionHelper - ERROR: column "fromtimestamp" does not exist
  Hint: Perhaps you meant to reference the column "activity.from_time_stamp".
  Position: 8
2020-09-21 22:10:55 [http-nio-8444-exec-6] ERROR o.h.e.jdbc.spi.SqlExceptionHelper - ERROR: column "fromtimestamp" does not exist
  Hint: Perhaps you meant to reference the column "activity.from_time_stamp".
  Position: 8
2020-09-21 23:36:04 [http-nio-8444-exec-3] ERROR o.h.e.jdbc.spi.SqlExceptionHelper - ERROR: column "fromtimestamp" does not exist
  Hint: Perhaps you meant to reference the column "activity.from_time_stamp".
  Position: 8
2020-09-21 23:36:04 [http-nio-8444-exec-3] ERROR o.h.e.jdbc.spi.SqlExceptionHelper - ERROR: column "fromtimestamp" does not exist
  Hint: Perhaps you meant to reference the column "activity.from_time_stamp".
  Position: 8
2020-09-21 23:36:04 [http-nio-8444-exec-3] ERROR o.h.e.jdbc.spi.SqlExceptionHelper - ERROR: column "fromtimestamp" does not exist
  Hint: Perhaps you meant to reference the column "activity.from_time_stamp".
  Position: 8
