2020-09-02 12:41:31 [restartedMain] ERROR o.s.boot.SpringApplication - Application run failed
org.springframework.beans.factory.BeanCreationException: Error creating bean with name 'entityManagerFactory' defined in class path resource [com/qdm/cg/config/DatasourceConfig.class]: Invocation of init method failed; nested exception is java.lang.TypeNotPresentException: Type Library not present
	at org.springframework.beans.factory.support.AbstractAutowireCapableBeanFactory.initializeBean(AbstractAutowireCapableBeanFactory.java:1794)
	at org.springframework.beans.factory.support.AbstractAutowireCapableBeanFactory.doCreateBean(AbstractAutowireCapableBeanFactory.java:594)
	at org.springframework.beans.factory.support.AbstractAutowireCapableBeanFactory.createBean(AbstractAutowireCapableBeanFactory.java:516)
	at org.springframework.beans.factory.support.AbstractBeanFactory.lambda$doGetBean$0(AbstractBeanFactory.java:324)
	at org.springframework.beans.factory.support.DefaultSingletonBeanRegistry.getSingleton(DefaultSingletonBeanRegistry.java:226)
	at org.springframework.beans.factory.support.AbstractBeanFactory.doGetBean(AbstractBeanFactory.java:322)
	at org.springframework.beans.factory.support.AbstractBeanFactory.getBean(AbstractBeanFactory.java:202)
	at org.springframework.context.support.AbstractApplicationContext.getBean(AbstractApplicationContext.java:1109)
	at org.springframework.context.support.AbstractApplicationContext.finishBeanFactoryInitialization(AbstractApplicationContext.java:869)
	at org.springframework.context.support.AbstractApplicationContext.refresh(AbstractApplicationContext.java:551)
	at org.springframework.boot.web.servlet.context.ServletWebServerApplicationContext.refresh(ServletWebServerApplicationContext.java:143)
	at org.springframework.boot.SpringApplication.refresh(SpringApplication.java:758)
	at org.springframework.boot.SpringApplication.refresh(SpringApplication.java:750)
	at org.springframework.boot.SpringApplication.refreshContext(SpringApplication.java:397)
	at org.springframework.boot.SpringApplication.run(SpringApplication.java:315)
	at org.springframework.boot.SpringApplication.run(SpringApplication.java:1237)
	at org.springframework.boot.SpringApplication.run(SpringApplication.java:1226)
	at com.qdm.cg.QdmCareGiverClientsApplication.main(QdmCareGiverClientsApplication.java:14)
	at sun.reflect.NativeMethodAccessorImpl.invoke0(Native Method)
	at sun.reflect.NativeMethodAccessorImpl.invoke(Unknown Source)
	at sun.reflect.DelegatingMethodAccessorImpl.invoke(Unknown Source)
	at java.lang.reflect.Method.invoke(Unknown Source)
	at org.springframework.boot.devtools.restart.RestartLauncher.run(RestartLauncher.java:49)
Caused by: java.lang.TypeNotPresentException: Type Library not present
	at sun.reflect.annotation.TypeNotPresentExceptionProxy.generateException(Unknown Source)
	at sun.reflect.annotation.AnnotationInvocationHandler.invoke(Unknown Source)
	at com.sun.proxy.$Proxy96.targetEntity(Unknown Source)
	at org.hibernate.cfg.AnnotationBinder.processElementAnnotations(AnnotationBinder.java:2116)
	at org.hibernate.cfg.AnnotationBinder.processIdPropertiesIfNotAlready(AnnotationBinder.java:975)
	at org.hibernate.cfg.AnnotationBinder.bindClass(AnnotationBinder.java:802)
	at org.hibernate.boot.model.source.internal.annotations.AnnotationMetadataSourceProcessorImpl.processEntityHierarchies(AnnotationMetadataSourceProcessorImpl.java:254)
	at org.hibernate.boot.model.process.spi.MetadataBuildingProcess$1.processEntityHierarchies(MetadataBuildingProcess.java:230)
	at org.hibernate.boot.model.process.spi.MetadataBuildingProcess.complete(MetadataBuildingProcess.java:273)
	at org.hibernate.jpa.boot.internal.EntityManagerFactoryBuilderImpl.metadata(EntityManagerFactoryBuilderImpl.java:1224)
	at org.hibernate.jpa.boot.internal.EntityManagerFactoryBuilderImpl.build(EntityManagerFactoryBuilderImpl.java:1255)
	at org.springframework.orm.jpa.vendor.SpringHibernateJpaPersistenceProvider.createContainerEntityManagerFactory(SpringHibernateJpaPersistenceProvider.java:58)
	at org.springframework.orm.jpa.LocalContainerEntityManagerFactoryBean.createNativeEntityManagerFactory(LocalContainerEntityManagerFactoryBean.java:365)
	at org.springframework.orm.jpa.AbstractEntityManagerFactoryBean.buildNativeEntityManagerFactory(AbstractEntityManagerFactoryBean.java:391)
	at org.springframework.orm.jpa.AbstractEntityManagerFactoryBean.afterPropertiesSet(AbstractEntityManagerFactoryBean.java:378)
	at org.springframework.orm.jpa.LocalContainerEntityManagerFactoryBean.afterPropertiesSet(LocalContainerEntityManagerFactoryBean.java:341)
	at org.springframework.beans.factory.support.AbstractAutowireCapableBeanFactory.invokeInitMethods(AbstractAutowireCapableBeanFactory.java:1853)
	at org.springframework.beans.factory.support.AbstractAutowireCapableBeanFactory.initializeBean(AbstractAutowireCapableBeanFactory.java:1790)
	... 22 common frames omitted
Caused by: java.lang.ClassNotFoundException: Library
	at java.net.URLClassLoader.findClass(Unknown Source)
	at java.lang.ClassLoader.loadClass(Unknown Source)
	at sun.misc.Launcher$AppClassLoader.loadClass(Unknown Source)
	at java.lang.ClassLoader.loadClass(Unknown Source)
	at java.lang.Class.forName0(Native Method)
	at java.lang.Class.forName(Unknown Source)
	at org.springframework.boot.devtools.restart.classloader.RestartClassLoader.loadClass(RestartClassLoader.java:144)
	at java.lang.ClassLoader.loadClass(Unknown Source)
	at java.lang.Class.forName0(Native Method)
	at java.lang.Class.forName(Unknown Source)
	at sun.reflect.generics.factory.CoreReflectionFactory.makeNamedType(Unknown Source)
	at sun.reflect.generics.visitor.Reifier.visitClassTypeSignature(Unknown Source)
	at sun.reflect.generics.tree.ClassTypeSignature.accept(Unknown Source)
	at sun.reflect.annotation.AnnotationParser.parseSig(Unknown Source)
	at sun.reflect.annotation.AnnotationParser.parseClassValue(Unknown Source)
	at sun.reflect.annotation.AnnotationParser.parseMemberValue(Unknown Source)
	at sun.reflect.annotation.AnnotationParser.parseAnnotation2(Unknown Source)
	at sun.reflect.annotation.AnnotationParser.parseAnnotations2(Unknown Source)
	at sun.reflect.annotation.AnnotationParser.parseAnnotations(Unknown Source)
	at java.lang.reflect.Field.declaredAnnotations(Unknown Source)
	at java.lang.reflect.Field.declaredAnnotations(Unknown Source)
	at java.lang.reflect.Field.getAnnotation(Unknown Source)
	at java.lang.reflect.AnnotatedElement.isAnnotationPresent(Unknown Source)
	at java.lang.reflect.AccessibleObject.isAnnotationPresent(Unknown Source)
	at org.hibernate.annotations.common.reflection.java.JavaAnnotationReader.isAnnotationPresent(JavaAnnotationReader.java:33)
	at org.hibernate.annotations.common.reflection.java.JavaXAnnotatedElement.isAnnotationPresent(JavaXAnnotatedElement.java:43)
	at org.hibernate.annotations.common.reflection.java.JavaXMember.isAnnotationPresent(JavaXMember.java:26)
	at org.hibernate.cfg.PropertyContainer.mustBeSkipped(PropertyContainer.java:399)
	at org.hibernate.cfg.PropertyContainer.preFilter(PropertyContainer.java:113)
	at org.hibernate.cfg.PropertyContainer.<init>(PropertyContainer.java:91)
	at org.hibernate.cfg.InheritanceState.getElementsToProcess(InheritanceState.java:217)
	at org.hibernate.cfg.AnnotationBinder.bindClass(AnnotationBinder.java:781)
	... 34 common frames omitted
